{"meta": {"format": 3, "version": "7.11.0", "timestamp": "2026-01-06T03:28:40.830774", "branch_coverage": false, "show_contexts": false}, "files": {"packages/cli/src/aurora_cli/__init__.py": {"executed_lines": [1, 7, 8], "summary": {"covered_lines": 2, "num_statements": 2, "percent_covered": 100.0, "percent_covered_display": "100.00", "missing_lines": 0, "excluded_lines": 0}, "missing_lines": [], "excluded_lines": [], "functions": {"": {"executed_lines": [1, 7, 8], "summary": {"covered_lines": 2, "num_statements": 2, "percent_covered": 100.0, "percent_covered_display": "100.00", "missing_lines": 0, "excluded_lines": 0}, "missing_lines": [], "excluded_lines": []}}, "classes": {"": {"executed_lines": [1, 7, 8], "summary": {"covered_lines": 2, "num_statements": 2, "percent_covered": 100.0, "percent_covered_display": "100.00", "missing_lines": 0, "excluded_lines": 0}, "missing_lines": [], "excluded_lines": []}}}, "packages/cli/src/aurora_cli/agent_discovery/__init__.py": {"executed_lines": [1, 40, 41, 47, 48, 51], "summary": {"covered_lines": 5, "num_statements": 5, "percent_covered": 100.0, "percent_covered_display": "100.00", "missing_lines": 0, "excluded_lines": 0}, "missing_lines": [], "excluded_lines": [], "functions": {"": {"executed_lines": [1, 40, 41, 47, 48, 51], "summary": {"covered_lines": 5, "num_statements": 5, "percent_covered": 100.0, "percent_covered_display": "100.00", "missing_lines": 0, "excluded_lines": 0}, "missing_lines": [], "excluded_lines": []}}, "classes": {"": {"executed_lines": [1, 40, 41, 47, 48, 51], "summary": {"covered_lines": 5, "num_statements": 5, "percent_covered": 100.0, "percent_covered_display": "100.00", "missing_lines": 0, "excluded_lines": 0}, "missing_lines": [], "excluded_lines": []}}}, "packages/cli/src/aurora_cli/agent_discovery/manifest.py": {"executed_lines": [1, 14, 16, 17, 18, 19, 20, 21, 23, 29, 30, 33, 36, 39, 40, 64, 75, 76, 78, 100, 101, 103, 106, 114, 115, 116, 117, 120, 121, 123, 124, 125, 127, 130, 131, 137, 140, 141, 142, 145, 151, 158, 160, 178, 181, 184, 187, 189, 195, 196, 199, 201, 210, 226, 228, 229, 230, 232, 233, 234, 236, 237, 242, 244, 245, 246, 251, 271, 274, 275, 276, 279, 280, 281, 282, 284, 285, 291, 293, 299, 305, 334, 339, 340, 341, 342, 347, 348, 349, 352, 373, 374, 376, 377, 380, 383, 384], "summary": {"covered_lines": 94, "num_statements": 106, "percent_covered": 88.67924528301887, "percent_covered_display": "88.68", "missing_lines": 12, "excluded_lines": 2}, "missing_lines": [203, 205, 206, 207, 208, 247, 248, 249, 301, 302, 303, 344], "excluded_lines": [33, 34], "functions": {"ManifestManager.__init__": {"executed_lines": [75, 76], "summary": {"covered_lines": 2, "num_statements": 2, "percent_covered": 100.0, "percent_covered_display": "100.00", "missing_lines": 0, "excluded_lines": 0}, "missing_lines": [], "excluded_lines": []}, "ManifestManager.generate": {"executed_lines": [100, 101, 103, 106, 114, 115, 116, 117, 120, 121, 123, 124, 125, 127, 130, 131, 137, 140, 141, 142, 145, 151, 158], "summary": {"covered_lines": 23, "num_statements": 23, "percent_covered": 100.0, "percent_covered_display": "100.00", "missing_lines": 0, "excluded_lines": 0}, "missing_lines": [], "excluded_lines": []}, "ManifestManager.save": {"executed_lines": [178, 181, 184, 187, 189, 195, 196, 199, 201], "summary": {"covered_lines": 9, "num_statements": 14, "percent_covered": 64.28571428571429, "percent_covered_display": "64.29", "missing_lines": 5, "excluded_lines": 0}, "missing_lines": [203, 205, 206, 207, 208], "excluded_lines": []}, "ManifestManager.load": {"executed_lines": [226, 228, 229, 230, 232, 233, 234, 236, 237, 242, 244, 245, 246], "summary": {"covered_lines": 13, "num_statements": 16, "percent_covered": 81.25, "percent_covered_display": "81.25", "missing_lines": 3, "excluded_lines": 0}, "missing_lines": [247, 248, 249], "excluded_lines": []}, "ManifestManager.should_refresh": {"executed_lines": [271, 274, 275, 276, 279, 280, 281, 282, 284, 285, 291, 293, 299], "summary": {"covered_lines": 13, "num_statements": 16, "percent_covered": 81.25, "percent_covered_display": "81.25", "missing_lines": 3, "excluded_lines": 0}, "missing_lines": [301, 302, 303], "excluded_lines": []}, "ManifestManager.get_or_refresh": {"executed_lines": [334, 339, 340, 341, 342, 347, 348, 349], "summary": {"covered_lines": 8, "num_statements": 9, "percent_covered": 88.88888888888889, "percent_covered_display": "88.89", "missing_lines": 1, "excluded_lines": 0}, "missing_lines": [344], "excluded_lines": []}, "should_refresh_manifest": {"executed_lines": [373, 374, 376, 377, 380, 383, 384], "summary": {"covered_lines": 7, "num_statements": 7, "percent_covered": 100.0, "percent_covered_display": "100.00", "missing_lines": 0, "excluded_lines": 0}, "missing_lines": [], "excluded_lines": []}, "": {"executed_lines": [1, 14, 16, 17, 18, 19, 20, 21, 23, 29, 30, 33, 36, 39, 40, 64, 78, 160, 210, 251, 305, 352], "summary": {"covered_lines": 19, "num_statements": 19, "percent_covered": 100.0, "percent_covered_display": "100.00", "missing_lines": 0, "excluded_lines": 2}, "missing_lines": [], "excluded_lines": [33, 34]}}, "classes": {"ManifestManager": {"executed_lines": [75, 76, 100, 101, 103, 106, 114, 115, 116, 117, 120, 121, 123, 124, 125, 127, 130, 131, 137, 140, 141, 142, 145, 151, 158, 178, 181, 184, 187, 189, 195, 196, 199, 201, 226, 228, 229, 230, 232, 233, 234, 236, 237, 242, 244, 245, 246, 271, 274, 275, 276, 279, 280, 281, 282, 284, 285, 291, 293, 299, 334, 339, 340, 341, 342, 347, 348, 349], "summary": {"covered_lines": 68, "num_statements": 80, "percent_covered": 85.0, "percent_covered_display": "85.00", "missing_lines": 12, "excluded_lines": 0}, "missing_lines": [203, 205, 206, 207, 208, 247, 248, 249, 301, 302, 303, 344], "excluded_lines": []}, "": {"executed_lines": [1, 14, 16, 17, 18, 19, 20, 21, 23, 29, 30, 33, 36, 39, 40, 64, 78, 160, 210, 251, 305, 352, 373, 374, 376, 377, 380, 383, 384], "summary": {"covered_lines": 26, "num_statements": 26, "percent_covered": 100.0, "percent_covered_display": "100.00", "missing_lines": 0, "excluded_lines": 2}, "missing_lines": [], "excluded_lines": [33, 34]}}}, "packages/cli/src/aurora_cli/agent_discovery/models.py": {"executed_lines": [1, 13, 15, 16, 17, 18, 20, 23, 24, 33, 34, 35, 36, 39, 40, 69, 76, 82, 88, 96, 100, 104, 108, 113, 117, 122, 123, 124, 140, 144, 146, 147, 152, 154, 155, 156, 168, 171, 172, 174, 177, 192, 193, 203, 204, 205, 217, 219, 221, 222, 223, 227, 228, 236, 238, 239, 243, 250, 251, 266, 271, 275, 279, 283, 287, 293, 294, 296, 298, 300, 302, 304, 305, 306, 308, 317, 319, 328, 330, 341, 344, 345, 346, 347, 349, 355, 363, 364, 373, 374, 376, 377, 378, 380], "summary": {"covered_lines": 89, "num_statements": 97, "percent_covered": 91.75257731958763, "percent_covered_display": "91.75", "missing_lines": 8, "excluded_lines": 0}, "missing_lines": [169, 196, 197, 198, 199, 218, 224, 342], "excluded_lines": [], "functions": {"AgentInfo.validate_kebab_case_id": {"executed_lines": [140, 144, 146, 147, 152], "summary": {"covered_lines": 5, "num_statements": 5, "percent_covered": 100.0, "percent_covered_display": "100.00", "missing_lines": 0, "excluded_lines": 0}, "missing_lines": [], "excluded_lines": []}, "AgentInfo.normalize_category": {"executed_lines": [168, 171, 172, 174, 177, 192, 193], "summary": {"covered_lines": 7, "num_statements": 12, "percent_covered": 58.333333333333336, "percent_covered_display": "58.33", "missing_lines": 5, "excluded_lines": 0}, "missing_lines": [169, 196, 197, 198, 199], "excluded_lines": []}, "AgentInfo.ensure_list": {"executed_lines": [217, 219, 221, 222, 223], "summary": {"covered_lines": 5, "num_statements": 7, "percent_covered": 71.42857142857143, "percent_covered_display": "71.43", "missing_lines": 2, "excluded_lines": 0}, "missing_lines": [218, 224], "excluded_lines": []}, "AgentManifest.model_post_init": {"executed_lines": [298], "summary": {"covered_lines": 1, "num_statements": 1, "percent_covered": 100.0, "percent_covered_display": "100.00", "missing_lines": 0, "excluded_lines": 0}, "missing_lines": [], "excluded_lines": []}, "AgentManifest._rebuild_indexes": {"executed_lines": [302, 304, 305, 306], "summary": {"covered_lines": 4, "num_statements": 4, "percent_covered": 100.0, "percent_covered_display": "100.00", "missing_lines": 0, "excluded_lines": 0}, "missing_lines": [], "excluded_lines": []}, "AgentManifest.get_agent": {"executed_lines": [317], "summary": {"covered_lines": 1, "num_statements": 1, "percent_covered": 100.0, "percent_covered_display": "100.00", "missing_lines": 0, "excluded_lines": 0}, "missing_lines": [], "excluded_lines": []}, "AgentManifest.get_agents_by_category": {"executed_lines": [328], "summary": {"covered_lines": 1, "num_statements": 1, "percent_covered": 100.0, "percent_covered_display": "100.00", "missing_lines": 0, "excluded_lines": 0}, "missing_lines": [], "excluded_lines": []}, "AgentManifest.add_agent": {"executed_lines": [341, 344, 345, 346, 347], "summary": {"covered_lines": 5, "num_statements": 6, "percent_covered": 83.33333333333333, "percent_covered_display": "83.33", "missing_lines": 1, "excluded_lines": 0}, "missing_lines": [342], "excluded_lines": []}, "AgentManifest.to_json_dict": {"executed_lines": [355], "summary": {"covered_lines": 1, "num_statements": 1, "percent_covered": 100.0, "percent_covered_display": "100.00", "missing_lines": 0, "excluded_lines": 0}, "missing_lines": [], "excluded_lines": []}, "AgentManifest.from_json_dict": {"executed_lines": [373, 374, 376, 377, 378, 380], "summary": {"covered_lines": 6, "num_statements": 6, "percent_covered": 100.0, "percent_covered_display": "100.00", "missing_lines": 0, "excluded_lines": 0}, "missing_lines": [], "excluded_lines": []}, "": {"executed_lines": [1, 13, 15, 16, 17, 18, 20, 23, 24, 33, 34, 35, 36, 39, 40, 69, 76, 82, 88, 96, 100, 104, 108, 113, 117, 122, 123, 124, 154, 155, 156, 203, 204, 205, 227, 228, 236, 238, 239, 243, 250, 251, 266, 271, 275, 279, 283, 287, 293, 294, 296, 300, 308, 319, 330, 349, 363, 364], "summary": {"covered_lines": 53, "num_statements": 53, "percent_covered": 100.0, "percent_covered_display": "100.00", "missing_lines": 0, "excluded_lines": 0}, "missing_lines": [], "excluded_lines": []}}, "classes": {"AgentCategory": {"executed_lines": [], "summary": {"covered_lines": 0, "num_statements": 0, "percent_covered": 100.0, "percent_covered_display": "100.00", "missing_lines": 0, "excluded_lines": 0}, "missing_lines": [], "excluded_lines": []}, "AgentInfo": {"executed_lines": [140, 144, 146, 147, 152, 168, 171, 172, 174, 177, 192, 193, 217, 219, 221, 222, 223], "summary": {"covered_lines": 17, "num_statements": 24, "percent_covered": 70.83333333333333, "percent_covered_display": "70.83", "missing_lines": 7, "excluded_lines": 0}, "missing_lines": [169, 196, 197, 198, 199, 218, 224], "excluded_lines": []}, "ManifestStats": {"executed_lines": [], "summary": {"covered_lines": 0, "num_statements": 0, "percent_covered": 100.0, "percent_covered_display": "100.00", "missing_lines": 0, "excluded_lines": 0}, "missing_lines": [], "excluded_lines": []}, "AgentManifest": {"executed_lines": [298, 302, 304, 305, 306, 317, 328, 341, 344, 345, 346, 347, 355, 373, 374, 376, 377, 378, 380], "summary": {"covered_lines": 19, "num_statements": 20, "percent_covered": 95.0, "percent_covered_display": "95.00", "missing_lines": 1, "excluded_lines": 0}, "missing_lines": [342], "excluded_lines": []}, "": {"executed_lines": [1, 13, 15, 16, 17, 18, 20, 23, 24, 33, 34, 35, 36, 39, 40, 69, 76, 82, 88, 96, 100, 104, 108, 113, 117, 122, 123, 124, 154, 155, 156, 203, 204, 205, 227, 228, 236, 238, 239, 243, 250, 251, 266, 271, 275, 279, 283, 287, 293, 294, 296, 300, 308, 319, 330, 349, 363, 364], "summary": {"covered_lines": 53, "num_statements": 53, "percent_covered": 100.0, "percent_covered_display": "100.00", "missing_lines": 0, "excluded_lines": 0}, "missing_lines": [], "excluded_lines": []}}}, "packages/cli/src/aurora_cli/agent_discovery/parser.py": {"executed_lines": [1, 11, 13, 14, 15, 17, 18, 20, 23, 26, 27, 46, 48, 50, 70, 73, 74, 78, 81, 82, 86, 89, 90, 91, 92, 98, 101, 102, 106, 109, 110, 114, 119, 120, 124, 125, 128, 129, 130, 135, 137, 139, 140, 144, 149, 150, 151, 152, 153, 155, 160, 162, 188, 189, 198, 199, 202, 205, 206, 207, 209, 210, 211, 212, 233, 251, 253, 254, 256, 257, 258], "summary": {"covered_lines": 69, "num_statements": 82, "percent_covered": 84.14634146341463, "percent_covered_display": "84.15", "missing_lines": 13, "excluded_lines": 0}, "missing_lines": [121, 190, 191, 196, 214, 215, 216, 221, 222, 227, 231, 259, 260], "excluded_lines": [], "functions": {"AgentParser.__init__": {"executed_lines": [48], "summary": {"covered_lines": 1, "num_statements": 1, "percent_covered": 100.0, "percent_covered_display": "100.00", "missing_lines": 0, "excluded_lines": 0}, "missing_lines": [], "excluded_lines": []}, "AgentParser.parse_file": {"executed_lines": [70, 73, 74, 78, 81, 82, 86, 89, 90, 91, 92, 98, 101, 102, 106, 109, 110, 114, 119, 120, 124, 125, 128, 129, 130, 135, 137, 139, 140, 144, 149, 150, 151, 152, 153, 155, 160], "summary": {"covered_lines": 37, "num_statements": 38, "percent_covered": 97.36842105263158, "percent_covered_display": "97.37", "missing_lines": 1, "excluded_lines": 0}, "missing_lines": [121], "excluded_lines": []}, "AgentParser.parse_content": {"executed_lines": [188, 189, 198, 199, 202, 205, 206, 207, 209, 210, 211, 212], "summary": {"covered_lines": 12, "num_statements": 22, "percent_covered": 54.54545454545455, "percent_covered_display": "54.55", "missing_lines": 10, "excluded_lines": 0}, "missing_lines": [190, 191, 196, 214, 215, 216, 221, 222, 227, 231], "excluded_lines": []}, "AgentParser.extract_frontmatter": {"executed_lines": [251, 253, 254, 256, 257, 258], "summary": {"covered_lines": 6, "num_statements": 8, "percent_covered": 75.0, "percent_covered_display": "75.00", "missing_lines": 2, "excluded_lines": 0}, "missing_lines": [259, 260], "excluded_lines": []}, "": {"executed_lines": [1, 11, 13, 14, 15, 17, 18, 20, 23, 26, 27, 46, 50, 162, 233], "summary": {"covered_lines": 13, "num_statements": 13, "percent_covered": 100.0, "percent_covered_display": "100.00", "missing_lines": 0, "excluded_lines": 0}, "missing_lines": [], "excluded_lines": []}}, "classes": {"AgentParser": {"executed_lines": [48, 70, 73, 74, 78, 81, 82, 86, 89, 90, 91, 92, 98, 101, 102, 106, 109, 110, 114, 119, 120, 124, 125, 128, 129, 130, 135, 137, 139, 140, 144, 149, 150, 151, 152, 153, 155, 160, 188, 189, 198, 199, 202, 205, 206, 207, 209, 210, 211, 212, 251, 253, 254, 256, 257, 258], "summary": {"covered_lines": 56, "num_statements": 69, "percent_covered": 81.15942028985508, "percent_covered_display": "81.16", "missing_lines": 13, "excluded_lines": 0}, "missing_lines": [121, 190, 191, 196, 214, 215, 216, 221, 222, 227, 231, 259, 260], "excluded_lines": []}, "": {"executed_lines": [1, 11, 13, 14, 15, 17, 18, 20, 23, 26, 27, 46, 50, 162, 233], "summary": {"covered_lines": 13, "num_statements": 13, "percent_covered": 100.0, "percent_covered_display": "100.00", "missing_lines": 0, "excluded_lines": 0}, "missing_lines": [], "excluded_lines": []}}}, "packages/cli/src/aurora_cli/agent_discovery/scanner.py": {"executed_lines": [1, 14, 16, 17, 18, 21, 24, 32, 35, 36, 58, 66, 67, 69, 71, 72, 78, 80, 96, 98, 99, 101, 102, 103, 105, 107, 109, 131, 132, 133, 135, 139, 141, 146, 147, 148, 155, 171, 173, 174, 178, 180, 182, 183, 184, 186, 200, 202, 203, 204, 206], "summary": {"covered_lines": 49, "num_statements": 55, "percent_covered": 89.0909090909091, "percent_covered_display": "89.09", "missing_lines": 6, "excluded_lines": 0}, "missing_lines": [136, 137, 150, 151, 152, 153], "excluded_lines": [], "functions": {"AgentScanner.__init__": {"executed_lines": [66, 67, 69], "summary": {"covered_lines": 3, "num_statements": 3, "percent_covered": 100.0, "percent_covered_display": "100.00", "missing_lines": 0, "excluded_lines": 0}, "missing_lines": [], "excluded_lines": []}, "AgentScanner.discovery_paths": {"executed_lines": [78], "summary": {"covered_lines": 1, "num_statements": 1, "percent_covered": 100.0, "percent_covered_display": "100.00", "missing_lines": 0, "excluded_lines": 0}, "missing_lines": [], "excluded_lines": []}, "AgentScanner.discover_sources": {"executed_lines": [96, 98, 99, 101, 102, 103, 105, 107], "summary": {"covered_lines": 8, "num_statements": 8, "percent_covered": 100.0, "percent_covered_display": "100.00", "missing_lines": 0, "excluded_lines": 0}, "missing_lines": [], "excluded_lines": []}, "AgentScanner.scan_directory": {"executed_lines": [131, 132, 133, 135, 139, 141, 146, 147, 148], "summary": {"covered_lines": 9, "num_statements": 15, "percent_covered": 60.0, "percent_covered_display": "60.00", "missing_lines": 6, "excluded_lines": 0}, "missing_lines": [136, 137, 150, 151, 152, 153], "excluded_lines": []}, "AgentScanner.scan_all_sources": {"executed_lines": [171, 173, 174, 178, 180, 182, 183, 184], "summary": {"covered_lines": 8, "num_statements": 8, "percent_covered": 100.0, "percent_covered_display": "100.00", "missing_lines": 0, "excluded_lines": 0}, "missing_lines": [], "excluded_lines": []}, "AgentScanner.get_source_stats": {"executed_lines": [200, 202, 203, 204, 206], "summary": {"covered_lines": 5, "num_statements": 5, "percent_covered": 100.0, "percent_covered_display": "100.00", "missing_lines": 0, "excluded_lines": 0}, "missing_lines": [], "excluded_lines": []}, "": {"executed_lines": [1, 14, 16, 17, 18, 21, 24, 32, 35, 36, 58, 71, 72, 80, 109, 155, 186], "summary": {"covered_lines": 15, "num_statements": 15, "percent_covered": 100.0, "percent_covered_display": "100.00", "missing_lines": 0, "excluded_lines": 0}, "missing_lines": [], "excluded_lines": []}}, "classes": {"AgentScanner": {"executed_lines": [66, 67, 69, 78, 96, 98, 99, 101, 102, 103, 105, 107, 131, 132, 133, 135, 139, 141, 146, 147, 148, 171, 173, 174, 178, 180, 182, 183, 184, 200, 202, 203, 204, 206], "summary": {"covered_lines": 34, "num_statements": 40, "percent_covered": 85.0, "percent_covered_display": "85.00", "missing_lines": 6, "excluded_lines": 0}, "missing_lines": [136, 137, 150, 151, 152, 153], "excluded_lines": []}, "": {"executed_lines": [1, 14, 16, 17, 18, 21, 24, 32, 35, 36, 58, 71, 72, 80, 109, 155, 186], "summary": {"covered_lines": 15, "num_statements": 15, "percent_covered": 100.0, "percent_covered_display": "100.00", "missing_lines": 0, "excluded_lines": 0}, "missing_lines": [], "excluded_lines": []}}}, "packages/cli/src/aurora_cli/commands/__init__.py": {"executed_lines": [1, 6, 7, 8, 11], "summary": {"covered_lines": 4, "num_statements": 4, "percent_covered": 100.0, "percent_covered_display": "100.00", "missing_lines": 0, "excluded_lines": 0}, "missing_lines": [], "excluded_lines": [], "functions": {"": {"executed_lines": [1, 6, 7, 8, 11], "summary": {"covered_lines": 4, "num_statements": 4, "percent_covered": 100.0, "percent_covered_display": "100.00", "missing_lines": 0, "excluded_lines": 0}, "missing_lines": [], "excluded_lines": []}}, "classes": {"": {"executed_lines": [1, 6, 7, 8, 11], "summary": {"covered_lines": 4, "num_statements": 4, "percent_covered": 100.0, "percent_covered_display": "100.00", "missing_lines": 0, "excluded_lines": 0}, "missing_lines": [], "excluded_lines": []}}}, "packages/cli/src/aurora_cli/commands/agents.py": {"executed_lines": [1, 17, 19, 20, 21, 22, 23, 25, 26, 27, 28, 29, 30, 32, 39, 40, 43, 46, 48, 49, 52, 75, 85, 87, 88, 89, 90, 91, 92, 94, 96, 99, 100, 102, 103, 104, 105, 107, 114, 115, 139, 142, 143, 150, 158, 159, 178, 180, 182, 183, 191, 194, 195, 196, 198, 202, 209, 214, 220, 221, 225, 226, 227, 234, 235, 255, 257, 262, 264, 265, 266, 269, 271, 272, 273, 274, 275, 277, 278, 285, 286, 289, 290, 291, 292, 311, 313, 315, 317, 319, 320, 321, 322, 323, 325, 326, 329, 332, 333, 334, 344, 346, 348, 353, 355, 357, 359, 362, 370, 371, 372, 373, 374, 376, 381, 384, 396, 399, 406, 407, 410, 415, 416, 417, 418, 419, 420, 423, 424, 425, 428, 435, 438, 439, 440, 443, 444, 445, 448, 449, 450, 451, 452, 455, 456, 457, 458, 461, 468, 475, 478, 479, 484, 487, 502, 503, 505, 506, 507, 510, 511, 512, 513, 514, 515, 517, 518, 519, 521, 525, 526, 527, 528, 530, 534, 538, 539, 542, 544, 547, 560, 561, 563, 564, 565, 566, 569, 571, 574, 584, 585, 586], "summary": {"covered_lines": 190, "num_statements": 220, "percent_covered": 86.36363636363636, "percent_covered_display": "86.36", "missing_lines": 30, "excluded_lines": 2}, "missing_lines": [61, 63, 64, 65, 66, 67, 68, 70, 72, 199, 200, 222, 258, 259, 408, 462, 463, 464, 465, 469, 470, 471, 472, 476, 522, 523, 531, 532, 535, 536], "excluded_lines": [43, 44], "functions": {"get_manifest_path": {"executed_lines": [], "summary": {"covered_lines": 0, "num_statements": 9, "percent_covered": 0.0, "percent_covered_display": "0.00", "missing_lines": 9, "excluded_lines": 0}, "missing_lines": [61, 63, 64, 65, 66, 67, 68, 70, 72], "excluded_lines": []}, "get_manifest": {"executed_lines": [85, 87, 88, 89, 90, 91, 92, 94, 96, 99, 100, 102, 103, 104, 105, 107], "summary": {"covered_lines": 16, "num_statements": 16, "percent_covered": 100.0, "percent_covered_display": "100.00", "missing_lines": 0, "excluded_lines": 0}, "missing_lines": [], "excluded_lines": []}, "agents_group": {"executed_lines": [139], "summary": {"covered_lines": 1, "num_statements": 1, "percent_covered": 100.0, "percent_covered_display": "100.00", "missing_lines": 0, "excluded_lines": 0}, "missing_lines": [], "excluded_lines": []}, "list_command": {"executed_lines": [178, 180, 182, 183, 191, 194, 195, 196, 198, 202, 209, 214, 220, 221], "summary": {"covered_lines": 14, "num_statements": 17, "percent_covered": 82.3529411764706, "percent_covered_display": "82.35", "missing_lines": 3, "excluded_lines": 0}, "missing_lines": [199, 200, 222], "excluded_lines": []}, "search_command": {"executed_lines": [255, 257, 262, 264, 265, 266, 269, 271, 272, 273, 274, 275, 277, 278, 285, 286], "summary": {"covered_lines": 16, "num_statements": 18, "percent_covered": 88.88888888888889, "percent_covered_display": "88.89", "missing_lines": 2, "excluded_lines": 0}, "missing_lines": [258, 259], "excluded_lines": []}, "show_command": {"executed_lines": [311, 313, 315, 317, 319, 320, 321, 322, 323, 325, 326, 329], "summary": {"covered_lines": 12, "num_statements": 12, "percent_covered": 100.0, "percent_covered_display": "100.00", "missing_lines": 0, "excluded_lines": 0}, "missing_lines": [], "excluded_lines": []}, "refresh_command": {"executed_lines": [344, 346, 348, 353, 355, 357, 359, 362, 370, 371, 372, 373, 374, 376, 381], "summary": {"covered_lines": 15, "num_statements": 15, "percent_covered": 100.0, "percent_covered_display": "100.00", "missing_lines": 0, "excluded_lines": 0}, "missing_lines": [], "excluded_lines": []}, "_display_agents_list": {"executed_lines": [396, 399, 406, 407, 410, 415, 416, 417, 418, 419, 420, 423, 424, 425], "summary": {"covered_lines": 14, "num_statements": 15, "percent_covered": 93.33333333333333, "percent_covered_display": "93.33", "missing_lines": 1, "excluded_lines": 0}, "missing_lines": [408], "excluded_lines": []}, "_display_agent_details": {"executed_lines": [435, 438, 439, 440, 443, 444, 445, 448, 449, 450, 451, 452, 455, 456, 457, 458, 461, 468, 475, 478, 479, 484], "summary": {"covered_lines": 22, "num_statements": 31, "percent_covered": 70.96774193548387, "percent_covered_display": "70.97", "missing_lines": 9, "excluded_lines": 0}, "missing_lines": [462, 463, 464, 465, 469, 470, 471, 472, 476], "excluded_lines": []}, "_search_agents": {"executed_lines": [502, 503, 505, 506, 507, 510, 511, 512, 513, 514, 515, 517, 518, 519, 521, 525, 526, 527, 528, 530, 534, 538, 539, 542, 544], "summary": {"covered_lines": 25, "num_statements": 31, "percent_covered": 80.64516129032258, "percent_covered_display": "80.65", "missing_lines": 6, "excluded_lines": 0}, "missing_lines": [522, 523, 531, 532, 535, 536], "excluded_lines": []}, "_find_similar_agents": {"executed_lines": [560, 561, 563, 564, 565, 566, 569, 571], "summary": {"covered_lines": 8, "num_statements": 8, "percent_covered": 100.0, "percent_covered_display": "100.00", "missing_lines": 0, "excluded_lines": 0}, "missing_lines": [], "excluded_lines": []}, "_truncate": {"executed_lines": [584, 585, 586], "summary": {"covered_lines": 3, "num_statements": 3, "percent_covered": 100.0, "percent_covered_display": "100.00", "missing_lines": 0, "excluded_lines": 0}, "missing_lines": [], "excluded_lines": []}, "": {"executed_lines": [1, 17, 19, 20, 21, 22, 23, 25, 26, 27, 28, 29, 30, 32, 39, 40, 43, 46, 48, 49, 52, 75, 114, 115, 142, 143, 150, 158, 159, 225, 226, 227, 234, 235, 289, 290, 291, 292, 332, 333, 334, 384, 428, 487, 547, 574], "summary": {"covered_lines": 44, "num_statements": 44, "percent_covered": 100.0, "percent_covered_display": "100.00", "missing_lines": 0, "excluded_lines": 2}, "missing_lines": [], "excluded_lines": [43, 44]}}, "classes": {"": {"executed_lines": [1, 17, 19, 20, 21, 22, 23, 25, 26, 27, 28, 29, 30, 32, 39, 40, 43, 46, 48, 49, 52, 75, 85, 87, 88, 89, 90, 91, 92, 94, 96, 99, 100, 102, 103, 104, 105, 107, 114, 115, 139, 142, 143, 150, 158, 159, 178, 180, 182, 183, 191, 194, 195, 196, 198, 202, 209, 214, 220, 221, 225, 226, 227, 234, 235, 255, 257, 262, 264, 265, 266, 269, 271, 272, 273, 274, 275, 277, 278, 285, 286, 289, 290, 291, 292, 311, 313, 315, 317, 319, 320, 321, 322, 323, 325, 326, 329, 332, 333, 334, 344, 346, 348, 353, 355, 357, 359, 362, 370, 371, 372, 373, 374, 376, 381, 384, 396, 399, 406, 407, 410, 415, 416, 417, 418, 419, 420, 423, 424, 425, 428, 435, 438, 439, 440, 443, 444, 445, 448, 449, 450, 451, 452, 455, 456, 457, 458, 461, 468, 475, 478, 479, 484, 487, 502, 503, 505, 506, 507, 510, 511, 512, 513, 514, 515, 517, 518, 519, 521, 525, 526, 527, 528, 530, 534, 538, 539, 542, 544, 547, 560, 561, 563, 564, 565, 566, 569, 571, 574, 584, 585, 586], "summary": {"covered_lines": 190, "num_statements": 220, "percent_covered": 86.36363636363636, "percent_covered_display": "86.36", "missing_lines": 30, "excluded_lines": 2}, "missing_lines": [61, 63, 64, 65, 66, 67, 68, 70, 72, 199, 200, 222, 258, 259, 408, 462, 463, 464, 465, 469, 470, 471, 472, 476, 522, 523, 531, 532, 535, 536], "excluded_lines": [43, 44]}}}, "packages/cli/src/aurora_cli/commands/budget.py": {"executed_lines": [1, 7, 9, 10, 11, 13, 14, 15, 18, 21, 22, 23, 36, 37, 40, 41, 42, 51, 53, 56, 57, 60, 63, 66, 68, 69, 70, 73, 74, 75, 76, 78, 79, 80, 81, 84, 85, 86, 87, 89, 91, 92, 94, 95, 98, 99, 100, 101, 102, 103, 105, 106, 107, 110, 111, 112, 113, 124, 125, 126, 128, 130, 133, 136, 139, 142, 145, 147, 149, 151, 152, 153, 156, 157, 158, 159, 170, 171, 174, 175, 176, 178, 180, 183, 184, 187, 190, 193, 195, 198, 200, 201, 202, 205, 206, 207, 208, 209, 223, 225, 228, 229, 232, 235, 237, 238, 239, 242, 243, 245, 248, 252, 253, 254, 255, 256, 259, 261, 264, 265, 269, 270, 273, 274, 275, 281, 283, 286, 287, 289, 290, 291, 295], "summary": {"covered_lines": 132, "num_statements": 136, "percent_covered": 97.05882352941177, "percent_covered_display": "97.06", "missing_lines": 4, "excluded_lines": 0}, "missing_lines": [266, 276, 277, 279], "excluded_lines": [], "functions": {"budget_group": {"executed_lines": [36, 37], "summary": {"covered_lines": 2, "num_statements": 2, "percent_covered": 100.0, "percent_covered_display": "100.00", "missing_lines": 0, "excluded_lines": 0}, "missing_lines": [], "excluded_lines": []}, "show_command": {"executed_lines": [51, 53, 56, 57, 60, 63, 66, 68, 69, 70, 73, 74, 75, 76, 78, 79, 80, 81, 84, 85, 86, 87, 89, 91, 92, 94, 95, 98, 99, 100, 101, 102, 103, 105, 106, 107], "summary": {"covered_lines": 36, "num_statements": 36, "percent_covered": 100.0, "percent_covered_display": "100.00", "missing_lines": 0, "excluded_lines": 0}, "missing_lines": [], "excluded_lines": []}, "set_command": {"executed_lines": [124, 125, 126, 128, 130, 133, 136, 139, 142, 145, 147, 149, 151, 152, 153], "summary": {"covered_lines": 15, "num_statements": 15, "percent_covered": 100.0, "percent_covered_display": "100.00", "missing_lines": 0, "excluded_lines": 0}, "missing_lines": [], "excluded_lines": []}, "reset_command": {"executed_lines": [170, 171, 174, 175, 176, 178, 180, 183, 184, 187, 190, 193, 195, 198, 200, 201, 202], "summary": {"covered_lines": 17, "num_statements": 17, "percent_covered": 100.0, "percent_covered_display": "100.00", "missing_lines": 0, "excluded_lines": 0}, "missing_lines": [], "excluded_lines": []}, "history_command": {"executed_lines": [223, 225, 228, 229, 232, 235, 237, 238, 239, 242, 243, 245, 248, 252, 253, 254, 255, 256, 259, 261, 264, 265, 269, 270, 273, 274, 275, 281, 283, 286, 287, 289, 290, 291], "summary": {"covered_lines": 34, "num_statements": 38, "percent_covered": 89.47368421052632, "percent_covered_display": "89.47", "missing_lines": 4, "excluded_lines": 0}, "missing_lines": [266, 276, 277, 279], "excluded_lines": []}, "": {"executed_lines": [1, 7, 9, 10, 11, 13, 14, 15, 18, 21, 22, 23, 40, 41, 42, 110, 111, 112, 113, 156, 157, 158, 159, 205, 206, 207, 208, 209, 295], "summary": {"covered_lines": 28, "num_statements": 28, "percent_covered": 100.0, "percent_covered_display": "100.00", "missing_lines": 0, "excluded_lines": 0}, "missing_lines": [], "excluded_lines": []}}, "classes": {"": {"executed_lines": [1, 7, 9, 10, 11, 13, 14, 15, 18, 21, 22, 23, 36, 37, 40, 41, 42, 51, 53, 56, 57, 60, 63, 66, 68, 69, 70, 73, 74, 75, 76, 78, 79, 80, 81, 84, 85, 86, 87, 89, 91, 92, 94, 95, 98, 99, 100, 101, 102, 103, 105, 106, 107, 110, 111, 112, 113, 124, 125, 126, 128, 130, 133, 136, 139, 142, 145, 147, 149, 151, 152, 153, 156, 157, 158, 159, 170, 171, 174, 175, 176, 178, 180, 183, 184, 187, 190, 193, 195, 198, 200, 201, 202, 205, 206, 207, 208, 209, 223, 225, 228, 229, 232, 235, 237, 238, 239, 242, 243, 245, 248, 252, 253, 254, 255, 256, 259, 261, 264, 265, 269, 270, 273, 274, 275, 281, 283, 286, 287, 289, 290, 291, 295], "summary": {"covered_lines": 132, "num_statements": 136, "percent_covered": 97.05882352941177, "percent_covered_display": "97.06", "missing_lines": 4, "excluded_lines": 0}, "missing_lines": [266, 276, 277, 279], "excluded_lines": []}}}, "packages/cli/src/aurora_cli/commands/doctor.py": {"executed_lines": [1, 6, 8, 10, 11, 12, 13, 15, 16, 26, 28, 29, 32, 33, 34, 60, 62, 65, 66, 67, 68, 69, 70, 139, 142, 143, 144, 145, 146, 149, 171, 194, 266], "summary": {"covered_lines": 31, "num_statements": 133, "percent_covered": 23.30827067669173, "percent_covered_display": "23.31", "missing_lines": 102, "excluded_lines": 2}, "missing_lines": [73, 75, 78, 79, 80, 81, 82, 85, 86, 87, 88, 89, 92, 93, 94, 95, 96, 99, 100, 101, 102, 103, 106, 107, 108, 109, 110, 113, 114, 115, 116, 117, 120, 121, 122, 125, 128, 129, 132, 133, 134, 135, 137, 141, 155, 157, 158, 159, 160, 161, 162, 164, 165, 168, 179, 182, 183, 184, 185, 186, 187, 188, 190, 191, 212, 213, 214, 217, 218, 220, 221, 222, 223, 224, 227, 228, 229, 230, 231, 234, 235, 236, 237, 238, 239, 242, 243, 246, 247, 249, 250, 251, 252, 253, 254, 255, 256, 257, 258, 260, 261, 263], "excluded_lines": [266, 267], "functions": {"doctor_command": {"executed_lines": [60, 62, 65, 66, 67, 68, 69, 70, 139, 142, 143, 144, 145, 146], "summary": {"covered_lines": 14, "num_statements": 58, "percent_covered": 24.137931034482758, "percent_covered_display": "24.14", "missing_lines": 44, "excluded_lines": 0}, "missing_lines": [73, 75, 78, 79, 80, 81, 82, 85, 86, 87, 88, 89, 92, 93, 94, 95, 96, 99, 100, 101, 102, 103, 106, 107, 108, 109, 110, 113, 114, 115, 116, 117, 120, 121, 122, 125, 128, 129, 132, 133, 134, 135, 137, 141], "excluded_lines": []}, "_display_results": {"executed_lines": [], "summary": {"covered_lines": 0, "num_statements": 10, "percent_covered": 0.0, "percent_covered_display": "0.00", "missing_lines": 10, "excluded_lines": 0}, "missing_lines": [155, 157, 158, 159, 160, 161, 162, 164, 165, 168], "excluded_lines": []}, "_display_summary": {"executed_lines": [], "summary": {"covered_lines": 0, "num_statements": 10, "percent_covered": 0.0, "percent_covered_display": "0.00", "missing_lines": 10, "excluded_lines": 0}, "missing_lines": [179, 182, 183, 184, 185, 186, 187, 188, 190, 191], "excluded_lines": []}, "_handle_auto_fix": {"executed_lines": [], "summary": {"covered_lines": 0, "num_statements": 38, "percent_covered": 0.0, "percent_covered_display": "0.00", "missing_lines": 38, "excluded_lines": 0}, "missing_lines": [212, 213, 214, 217, 218, 220, 221, 222, 223, 224, 227, 228, 229, 230, 231, 234, 235, 236, 237, 238, 239, 242, 243, 246, 247, 249, 250, 251, 252, 253, 254, 255, 256, 257, 258, 260, 261, 263], "excluded_lines": []}, "": {"executed_lines": [1, 6, 8, 10, 11, 12, 13, 15, 16, 26, 28, 29, 32, 33, 34, 149, 171, 194, 266], "summary": {"covered_lines": 17, "num_statements": 17, "percent_covered": 100.0, "percent_covered_display": "100.00", "missing_lines": 0, "excluded_lines": 2}, "missing_lines": [], "excluded_lines": [266, 267]}}, "classes": {"": {"executed_lines": [1, 6, 8, 10, 11, 12, 13, 15, 16, 26, 28, 29, 32, 33, 34, 60, 62, 65, 66, 67, 68, 69, 70, 139, 142, 143, 144, 145, 146, 149, 171, 194, 266], "summary": {"covered_lines": 31, "num_statements": 133, "percent_covered": 23.30827067669173, "percent_covered_display": "23.31", "missing_lines": 102, "excluded_lines": 2}, "missing_lines": [73, 75, 78, 79, 80, 81, 82, 85, 86, 87, 88, 89, 92, 93, 94, 95, 96, 99, 100, 101, 102, 103, 106, 107, 108, 109, 110, 113, 114, 115, 116, 117, 120, 121, 122, 125, 128, 129, 132, 133, 134, 135, 137, 141, 155, 157, 158, 159, 160, 161, 162, 164, 165, 168, 179, 182, 183, 184, 185, 186, 187, 188, 190, 191, 212, 213, 214, 217, 218, 220, 221, 222, 223, 224, 227, 228, 229, 230, 231, 234, 235, 236, 237, 238, 239, 242, 243, 246, 247, 249, 250, 251, 252, 253, 254, 255, 256, 257, 258, 260, 261, 263], "excluded_lines": [266, 267]}}}, "packages/cli/src/aurora_cli/commands/headless.py": {"executed_lines": [1, 3, 4, 5, 7, 8, 11, 14, 15, 21, 28, 35, 41, 60, 61, 63, 66, 71, 76, 77, 78, 85, 86, 93, 94, 97, 100, 102, 103, 106, 107, 110, 111, 122, 123, 124, 127, 128, 130, 132], "summary": {"covered_lines": 39, "num_statements": 50, "percent_covered": 78.0, "percent_covered_display": "78.00", "missing_lines": 11, "excluded_lines": 0}, "missing_lines": [67, 68, 72, 73, 87, 88, 89, 90, 118, 119, 120], "excluded_lines": [], "functions": {"headless_command": {"executed_lines": [60, 61, 63, 66, 71, 76, 77, 78, 85, 86, 93, 94, 97, 100, 102, 103, 106, 107, 110, 111, 122, 123, 124, 127, 128, 130, 132], "summary": {"covered_lines": 27, "num_statements": 38, "percent_covered": 71.05263157894737, "percent_covered_display": "71.05", "missing_lines": 11, "excluded_lines": 0}, "missing_lines": [67, 68, 72, 73, 87, 88, 89, 90, 118, 119, 120], "excluded_lines": []}, "": {"executed_lines": [1, 3, 4, 5, 7, 8, 11, 14, 15, 21, 28, 35, 41], "summary": {"covered_lines": 12, "num_statements": 12, "percent_covered": 100.0, "percent_covered_display": "100.00", "missing_lines": 0, "excluded_lines": 0}, "missing_lines": [], "excluded_lines": []}}, "classes": {"": {"executed_lines": [1, 3, 4, 5, 7, 8, 11, 14, 15, 21, 28, 35, 41, 60, 61, 63, 66, 71, 76, 77, 78, 85, 86, 93, 94, 97, 100, 102, 103, 106, 107, 110, 111, 122, 123, 124, 127, 128, 130, 132], "summary": {"covered_lines": 39, "num_statements": 50, "percent_covered": 78.0, "percent_covered_display": "78.00", "missing_lines": 11, "excluded_lines": 0}, "missing_lines": [67, 68, 72, 73, 87, 88, 89, 90, 118, 119, 120], "excluded_lines": []}}}, "packages/cli/src/aurora_cli/commands/init.py": {"executed_lines": [1, 3, 4, 5, 6, 7, 8, 9, 11, 12, 14, 28, 29, 30, 33, 36, 42, 45, 62, 63, 65, 67, 68, 70, 71, 74, 75, 76, 77, 78, 79, 80, 82, 85, 95, 96, 98, 99, 101, 102, 103, 104, 110, 131, 133, 135, 136, 138, 139, 142, 145, 146, 150, 151, 154, 155, 156, 157, 163, 164, 167, 171, 172, 175, 176, 178, 182, 183, 184, 186, 188, 190, 200, 202, 204, 205, 206, 209, 212, 216, 217, 218, 221, 222, 224, 225, 226, 227, 230, 263, 268, 269, 272, 273, 274, 276, 277, 280, 299, 300, 302, 305, 306, 307, 310, 312, 313, 320, 321, 322, 323, 324, 329, 330, 333, 334, 335, 336, 337, 338, 341, 342, 344, 345, 347, 348, 351, 353, 354, 356, 357, 360, 361, 362, 364, 365, 367, 368, 370, 371, 374, 399, 400, 403, 405, 406, 407, 409, 410, 414, 417, 421, 422, 423, 426, 427, 432, 433, 438, 439, 442, 443, 444, 445, 447, 448, 449, 454, 457, 458, 459, 461, 462, 463, 464, 465, 466, 468, 469, 470, 471, 472, 474, 475, 476, 479, 480, 482, 489, 490, 491, 492, 493, 496, 504, 505, 508, 594, 606, 713, 714, 720, 726, 727, 761, 763, 766, 767, 768, 769, 770, 771, 772, 773, 776, 778, 779, 780, 781, 784, 785, 786, 787, 788, 791, 792, 799, 802, 804, 805, 806, 808, 818, 819, 831, 832, 833, 834, 835, 836, 837, 840, 841, 842, 843, 845, 846, 850, 851, 855, 856, 863, 864, 865, 866, 867, 869, 870, 871, 872, 873, 874, 875, 876, 879, 880, 881, 882, 884, 885, 886, 887, 890, 891, 892, 893, 894, 895, 899, 902, 905, 910, 911, 912, 913, 914, 916, 917, 918, 919, 920, 921, 925, 926, 927, 929, 930, 931, 932, 933, 934, 935, 936], "summary": {"covered_lines": 302, "num_statements": 439, "percent_covered": 68.79271070615034, "percent_covered_display": "68.79", "missing_lines": 137, "excluded_lines": 0}, "missing_lines": [158, 159, 160, 179, 180, 213, 214, 231, 232, 233, 234, 235, 237, 238, 241, 244, 248, 249, 250, 251, 254, 257, 261, 265, 266, 325, 326, 327, 473, 483, 484, 485, 486, 487, 497, 498, 499, 500, 501, 502, 525, 526, 528, 530, 533, 535, 536, 537, 538, 540, 541, 542, 543, 544, 545, 546, 547, 550, 553, 554, 555, 558, 559, 560, 561, 562, 563, 564, 565, 566, 567, 570, 572, 575, 576, 577, 578, 579, 580, 582, 583, 584, 585, 586, 587, 588, 589, 591, 600, 601, 602, 603, 622, 625, 626, 628, 630, 633, 634, 636, 637, 640, 642, 655, 659, 662, 664, 675, 679, 682, 683, 693, 699, 702, 704, 706, 707, 708, 710, 810, 811, 812, 813, 814, 815, 820, 821, 822, 823, 824, 827, 828, 848, 853, 860, 878, 923], "excluded_lines": [], "functions": {"get_all_tool_ids": {"executed_lines": [42], "summary": {"covered_lines": 1, "num_statements": 1, "percent_covered": 100.0, "percent_covered_display": "100.00", "missing_lines": 0, "excluded_lines": 0}, "missing_lines": [], "excluded_lines": []}, "parse_tools_flag": {"executed_lines": [62, 63, 65, 67, 68, 70, 71, 74, 75, 76, 77, 78, 79, 80, 82], "summary": {"covered_lines": 15, "num_statements": 15, "percent_covered": 100.0, "percent_covered_display": "100.00", "missing_lines": 0, "excluded_lines": 0}, "missing_lines": [], "excluded_lines": []}, "validate_tool_ids": {"executed_lines": [95, 96, 98, 99, 101, 102, 103, 104], "summary": {"covered_lines": 8, "num_statements": 8, "percent_covered": 100.0, "percent_covered_display": "100.00", "missing_lines": 0, "excluded_lines": 0}, "missing_lines": [], "excluded_lines": []}, "run_step_2_memory_indexing": {"executed_lines": [131, 133, 135, 136, 138, 139, 142, 145, 146, 150, 151, 154, 155, 156, 157, 163, 164, 167, 171, 172, 175, 176, 178, 182, 183, 184, 186, 188, 190, 200, 202, 209, 212, 216, 217, 218, 221, 222, 224, 225, 226, 227, 230, 263, 268, 269, 272, 273, 274, 276, 277], "summary": {"covered_lines": 51, "num_statements": 76, "percent_covered": 67.10526315789474, "percent_covered_display": "67.11", "missing_lines": 25, "excluded_lines": 0}, "missing_lines": [158, 159, 160, 179, 180, 213, 214, 231, 232, 233, 234, 235, 237, 238, 241, 244, 248, 249, 250, 251, 254, 257, 261, 265, 266], "excluded_lines": []}, "run_step_2_memory_indexing.progress_callback": {"executed_lines": [204, 205, 206], "summary": {"covered_lines": 3, "num_statements": 3, "percent_covered": 100.0, "percent_covered_display": "100.00", "missing_lines": 0, "excluded_lines": 0}, "missing_lines": [], "excluded_lines": []}, "run_step_1_planning_setup": {"executed_lines": [299, 300, 302, 305, 306, 307, 310, 312, 313, 320, 321, 322, 323, 324, 329, 330, 333, 334, 335, 336, 337, 338, 341, 342, 344, 345, 347, 348, 351, 353, 354, 356, 357, 360, 361, 362, 364, 365, 367, 368, 370, 371], "summary": {"covered_lines": 42, "num_statements": 45, "percent_covered": 93.33333333333333, "percent_covered_display": "93.33", "missing_lines": 3, "excluded_lines": 0}, "missing_lines": [325, 326, 327], "excluded_lines": []}, "run_step_3_tool_configuration": {"executed_lines": [399, 400, 403, 405, 406, 407, 409, 410, 414, 417, 421, 422, 423, 426, 427, 432, 433, 438, 439, 442, 443, 444, 445, 447, 448, 449, 454, 457, 458, 459, 461, 462, 463, 464, 465, 466, 468, 469, 470, 471, 472, 474, 475, 476, 479, 480, 482, 489, 490, 491, 492, 493, 496, 504, 505], "summary": {"covered_lines": 55, "num_statements": 67, "percent_covered": 82.08955223880596, "percent_covered_display": "82.09", "missing_lines": 12, "excluded_lines": 0}, "missing_lines": [473, 483, 484, 485, 486, 487, 497, 498, 499, 500, 501, 502], "excluded_lines": []}, "check_and_handle_schema_mismatch": {"executed_lines": [], "summary": {"covered_lines": 0, "num_statements": 48, "percent_covered": 0.0, "percent_covered_display": "0.00", "missing_lines": 48, "excluded_lines": 0}, "missing_lines": [525, 526, 528, 530, 533, 535, 536, 537, 538, 540, 541, 542, 543, 544, 545, 546, 547, 550, 553, 554, 555, 558, 559, 560, 561, 562, 563, 564, 565, 566, 567, 570, 572, 575, 576, 577, 578, 579, 580, 582, 583, 584, 585, 586, 587, 588, 589, 591], "excluded_lines": []}, "detect_local_db": {"executed_lines": [], "summary": {"covered_lines": 0, "num_statements": 4, "percent_covered": 0.0, "percent_covered_display": "0.00", "missing_lines": 4, "excluded_lines": 0}, "missing_lines": [600, 601, 602, 603], "excluded_lines": []}, "migrate_database": {"executed_lines": [], "summary": {"covered_lines": 0, "num_statements": 27, "percent_covered": 0.0, "percent_covered_display": "0.00", "missing_lines": 27, "excluded_lines": 0}, "missing_lines": [622, 625, 626, 628, 630, 633, 634, 636, 637, 640, 642, 655, 659, 662, 664, 675, 679, 682, 683, 693, 699, 702, 704, 706, 707, 708, 710], "excluded_lines": []}, "init_command": {"executed_lines": [761, 763, 766, 767, 768, 769, 770, 771, 772, 773, 776, 778, 779, 780, 781, 784, 785, 786, 787, 788, 791, 792, 799, 802, 804, 805, 806, 808, 818, 819, 831, 832, 833, 834, 835, 836, 837, 840, 841, 842, 843, 845, 846, 850, 851, 855, 856, 863, 864, 865, 866, 867, 869, 870, 871, 872, 873, 874, 875, 876, 879, 880, 881, 882, 884, 885, 886, 887, 890, 891, 892, 893, 894, 895, 899, 902, 905, 910, 911, 912, 913, 914, 916, 917, 918, 919, 920, 921, 925, 926, 927, 929, 930, 931, 932, 933, 934, 935, 936], "summary": {"covered_lines": 99, "num_statements": 117, "percent_covered": 84.61538461538461, "percent_covered_display": "84.62", "missing_lines": 18, "excluded_lines": 0}, "missing_lines": [810, 811, 812, 813, 814, 815, 820, 821, 822, 823, 824, 827, 828, 848, 853, 860, 878, 923], "excluded_lines": []}, "": {"executed_lines": [1, 3, 4, 5, 6, 7, 8, 9, 11, 12, 14, 28, 29, 30, 33, 36, 45, 85, 110, 280, 374, 508, 594, 606, 713, 714, 720, 726, 727], "summary": {"covered_lines": 28, "num_statements": 28, "percent_covered": 100.0, "percent_covered_display": "100.00", "missing_lines": 0, "excluded_lines": 0}, "missing_lines": [], "excluded_lines": []}}, "classes": {"": {"executed_lines": [1, 3, 4, 5, 6, 7, 8, 9, 11, 12, 14, 28, 29, 30, 33, 36, 42, 45, 62, 63, 65, 67, 68, 70, 71, 74, 75, 76, 77, 78, 79, 80, 82, 85, 95, 96, 98, 99, 101, 102, 103, 104, 110, 131, 133, 135, 136, 138, 139, 142, 145, 146, 150, 151, 154, 155, 156, 157, 163, 164, 167, 171, 172, 175, 176, 178, 182, 183, 184, 186, 188, 190, 200, 202, 204, 205, 206, 209, 212, 216, 217, 218, 221, 222, 224, 225, 226, 227, 230, 263, 268, 269, 272, 273, 274, 276, 277, 280, 299, 300, 302, 305, 306, 307, 310, 312, 313, 320, 321, 322, 323, 324, 329, 330, 333, 334, 335, 336, 337, 338, 341, 342, 344, 345, 347, 348, 351, 353, 354, 356, 357, 360, 361, 362, 364, 365, 367, 368, 370, 371, 374, 399, 400, 403, 405, 406, 407, 409, 410, 414, 417, 421, 422, 423, 426, 427, 432, 433, 438, 439, 442, 443, 444, 445, 447, 448, 449, 454, 457, 458, 459, 461, 462, 463, 464, 465, 466, 468, 469, 470, 471, 472, 474, 475, 476, 479, 480, 482, 489, 490, 491, 492, 493, 496, 504, 505, 508, 594, 606, 713, 714, 720, 726, 727, 761, 763, 766, 767, 768, 769, 770, 771, 772, 773, 776, 778, 779, 780, 781, 784, 785, 786, 787, 788, 791, 792, 799, 802, 804, 805, 806, 808, 818, 819, 831, 832, 833, 834, 835, 836, 837, 840, 841, 842, 843, 845, 846, 850, 851, 855, 856, 863, 864, 865, 866, 867, 869, 870, 871, 872, 873, 874, 875, 876, 879, 880, 881, 882, 884, 885, 886, 887, 890, 891, 892, 893, 894, 895, 899, 902, 905, 910, 911, 912, 913, 914, 916, 917, 918, 919, 920, 921, 925, 926, 927, 929, 930, 931, 932, 933, 934, 935, 936], "summary": {"covered_lines": 302, "num_statements": 439, "percent_covered": 68.79271070615034, "percent_covered_display": "68.79", "missing_lines": 137, "excluded_lines": 0}, "missing_lines": [158, 159, 160, 179, 180, 213, 214, 231, 232, 233, 234, 235, 237, 238, 241, 244, 248, 249, 250, 251, 254, 257, 261, 265, 266, 325, 326, 327, 473, 483, 484, 485, 486, 487, 497, 498, 499, 500, 501, 502, 525, 526, 528, 530, 533, 535, 536, 537, 538, 540, 541, 542, 543, 544, 545, 546, 547, 550, 553, 554, 555, 558, 559, 560, 561, 562, 563, 564, 565, 566, 567, 570, 572, 575, 576, 577, 578, 579, 580, 582, 583, 584, 585, 586, 587, 588, 589, 591, 600, 601, 602, 603, 622, 625, 626, 628, 630, 633, 634, 636, 637, 640, 642, 655, 659, 662, 664, 675, 679, 682, 683, 693, 699, 702, 704, 706, 707, 708, 710, 810, 811, 812, 813, 814, 815, 820, 821, 822, 823, 824, 827, 828, 848, 853, 860, 878, 923], "excluded_lines": []}}}, "packages/cli/src/aurora_cli/commands/init_helpers.py": {"executed_lines": [1, 7, 8, 9, 10, 12, 13, 14, 16, 17, 20, 22, 25, 34, 35, 38, 46, 47, 48, 49, 50, 51, 52, 53, 55, 58, 67, 68, 71, 80, 81, 82, 83, 84, 85, 87, 88, 89, 90, 91, 95, 98, 107, 108, 111, 127, 129, 131, 132, 133, 136, 156, 157, 159, 160, 162, 170, 175, 190, 193, 194, 197, 200, 203, 208, 224, 230, 233, 234, 235, 236, 238, 239, 242, 243, 244, 245, 246, 248, 250, 251, 253, 256, 257, 264, 265, 266, 269, 270, 271, 272, 273, 275, 278, 280, 282, 286, 288, 295, 296, 299, 307, 308, 311, 312, 315, 318, 320, 354, 357, 368, 370, 371, 374, 378, 381, 393, 394, 397, 398, 399, 414, 417, 418, 419, 486, 489, 500, 503, 504, 505, 506, 508, 509, 511, 513, 522, 523, 524, 526, 540, 543, 562, 568, 569, 571, 573, 575, 576, 577, 579, 580, 583, 584, 585, 586, 588, 591, 592, 594, 596, 599, 614, 615, 617, 618, 620, 621, 622, 624, 627, 628, 629, 630, 631, 632, 635, 638, 639, 641, 643, 646, 657, 658, 660, 661, 662, 664, 667, 669, 670, 674, 675, 677, 679, 680, 681, 682, 684, 686, 689, 690, 691, 693, 694, 695, 696, 697, 699, 704, 707, 708, 709, 711, 712, 714, 716, 719, 731, 732, 733, 734, 735, 736, 737, 738, 739, 741, 742, 744, 745, 746, 747, 748, 749, 750, 751, 753, 754, 757, 768, 774, 775, 781, 782, 783, 786, 789, 812, 825, 849, 851, 852, 853, 854, 856, 859, 860, 862, 868, 871, 873, 874, 875, 877, 880, 884, 885, 888, 889, 893, 896, 905, 907, 910, 930, 933, 934, 937, 938, 941, 942, 944, 945, 946, 951, 952, 953, 954, 957, 958, 959, 962, 963, 965, 966, 967, 968, 969, 971, 972, 978], "summary": {"covered_lines": 301, "num_statements": 349, "percent_covered": 86.24641833810888, "percent_covered_display": "86.25", "missing_lines": 48, "excluded_lines": 0}, "missing_lines": [93, 138, 139, 140, 142, 145, 146, 147, 148, 149, 150, 151, 152, 163, 164, 165, 166, 167, 168, 172, 259, 261, 279, 281, 283, 287, 289, 291, 293, 375, 700, 702, 801, 803, 805, 806, 807, 809, 821, 822, 857, 864, 865, 881, 891, 947, 948, 955], "excluded_lines": [], "functions": {"detect_git_repository": {"executed_lines": [34, 35], "summary": {"covered_lines": 2, "num_statements": 2, "percent_covered": 100.0, "percent_covered_display": "100.00", "missing_lines": 0, "excluded_lines": 0}, "missing_lines": [], "excluded_lines": []}, "prompt_git_init": {"executed_lines": [46, 47, 48, 49, 50, 51, 52, 53, 55], "summary": {"covered_lines": 9, "num_statements": 9, "percent_covered": 100.0, "percent_covered_display": "100.00", "missing_lines": 0, "excluded_lines": 0}, "missing_lines": [], "excluded_lines": []}, "detect_existing_setup": {"executed_lines": [67, 68], "summary": {"covered_lines": 2, "num_statements": 2, "percent_covered": 100.0, "percent_covered_display": "100.00", "missing_lines": 0, "excluded_lines": 0}, "missing_lines": [], "excluded_lines": []}, "detect_configured_tools": {"executed_lines": [80, 81, 82, 83, 84, 85, 87, 88, 89, 90, 91, 95], "summary": {"covered_lines": 12, "num_statements": 13, "percent_covered": 92.3076923076923, "percent_covered_display": "92.31", "missing_lines": 1, "excluded_lines": 0}, "missing_lines": [93], "excluded_lines": []}, "count_configured_tools": {"executed_lines": [107, 108], "summary": {"covered_lines": 2, "num_statements": 2, "percent_covered": 100.0, "percent_covered_display": "100.00", "missing_lines": 0, "excluded_lines": 0}, "missing_lines": [], "excluded_lines": []}, "detect_configured_slash_tools": {"executed_lines": [127, 129, 131, 132, 133, 136, 156, 157, 159, 160, 162, 170], "summary": {"covered_lines": 12, "num_statements": 31, "percent_covered": 38.70967741935484, "percent_covered_display": "38.71", "missing_lines": 19, "excluded_lines": 0}, "missing_lines": [138, 139, 140, 142, 145, 146, 147, 148, 149, 150, 151, 152, 163, 164, 165, 166, 167, 168, 172], "excluded_lines": []}, "create_directory_structure": {"executed_lines": [190, 193, 194, 197, 200, 203], "summary": {"covered_lines": 6, "num_statements": 6, "percent_covered": 100.0, "percent_covered_display": "100.00", "missing_lines": 0, "excluded_lines": 0}, "missing_lines": [], "excluded_lines": []}, "detect_project_metadata": {"executed_lines": [224, 230, 233, 234, 235, 236, 238, 239, 242, 243, 244, 245, 246, 248, 250, 251, 253, 256, 257, 264, 265, 266, 269, 270, 271, 272, 273, 275, 278, 280, 282, 286, 288, 295, 296], "summary": {"covered_lines": 35, "num_statements": 44, "percent_covered": 79.54545454545455, "percent_covered_display": "79.55", "missing_lines": 9, "excluded_lines": 0}, "missing_lines": [259, 261, 279, 281, 283, 287, 289, 291, 293], "excluded_lines": []}, "create_project_md": {"executed_lines": [307, 308, 311, 312, 315, 318, 320, 354], "summary": {"covered_lines": 8, "num_statements": 8, "percent_covered": 100.0, "percent_covered_display": "100.00", "missing_lines": 0, "excluded_lines": 0}, "missing_lines": [], "excluded_lines": []}, "create_agents_md": {"executed_lines": [368, 370, 371, 374, 378], "summary": {"covered_lines": 5, "num_statements": 6, "percent_covered": 83.33333333333333, "percent_covered_display": "83.33", "missing_lines": 1, "excluded_lines": 0}, "missing_lines": [375], "excluded_lines": []}, "create_headless_templates": {"executed_lines": [393, 394, 397, 398, 399, 414, 417, 418, 419, 486], "summary": {"covered_lines": 10, "num_statements": 10, "percent_covered": 100.0, "percent_covered_display": "100.00", "missing_lines": 0, "excluded_lines": 0}, "missing_lines": [], "excluded_lines": []}, "prompt_tool_selection": {"executed_lines": [500, 503, 504, 505, 506, 508, 509, 511, 513, 522, 523, 524, 526, 540], "summary": {"covered_lines": 14, "num_statements": 14, "percent_covered": 100.0, "percent_covered_display": "100.00", "missing_lines": 0, "excluded_lines": 0}, "missing_lines": [], "excluded_lines": []}, "configure_tools": {"executed_lines": [562, 568, 569, 571, 573, 575, 576, 577, 579, 580, 583, 584, 585, 586, 588, 591, 592, 594, 596], "summary": {"covered_lines": 19, "num_statements": 19, "percent_covered": 100.0, "percent_covered_display": "100.00", "missing_lines": 0, "excluded_lines": 0}, "missing_lines": [], "excluded_lines": []}, "configure_slash_commands": {"executed_lines": [614, 615, 617, 618, 620, 621, 622, 624, 627, 628, 629, 630, 631, 632, 635, 638, 639, 641, 643], "summary": {"covered_lines": 19, "num_statements": 19, "percent_covered": 100.0, "percent_covered_display": "100.00", "missing_lines": 0, "excluded_lines": 0}, "missing_lines": [], "excluded_lines": []}, "show_status_summary": {"executed_lines": [657, 658, 660, 661, 662, 664, 667, 669, 670, 674, 675, 677, 679, 680, 681, 682, 684, 686, 689, 690, 691, 693, 694, 695, 696, 697, 699, 704, 707, 708, 709, 711, 712, 714, 716], "summary": {"covered_lines": 35, "num_statements": 37, "percent_covered": 94.5945945945946, "percent_covered_display": "94.59", "missing_lines": 2, "excluded_lines": 0}, "missing_lines": [700, 702], "excluded_lines": []}, "prompt_rerun_options": {"executed_lines": [731, 732, 733, 734, 735, 736, 737, 738, 739, 741, 742, 744, 745, 746, 747, 748, 749, 750, 751, 753, 754], "summary": {"covered_lines": 21, "num_statements": 21, "percent_covered": 100.0, "percent_covered_display": "100.00", "missing_lines": 0, "excluded_lines": 0}, "missing_lines": [], "excluded_lines": []}, "selective_step_selection": {"executed_lines": [768, 774, 775, 781, 782, 783, 786], "summary": {"covered_lines": 7, "num_statements": 7, "percent_covered": 100.0, "percent_covered_display": "100.00", "missing_lines": 0, "excluded_lines": 0}, "missing_lines": [], "excluded_lines": []}, "detect_configured_mcp_tools": {"executed_lines": [], "summary": {"covered_lines": 0, "num_statements": 6, "percent_covered": 0.0, "percent_covered_display": "0.00", "missing_lines": 6, "excluded_lines": 0}, "missing_lines": [801, 803, 805, 806, 807, 809], "excluded_lines": []}, "count_configured_mcp_tools": {"executed_lines": [], "summary": {"covered_lines": 0, "num_statements": 2, "percent_covered": 0.0, "percent_covered_display": "0.00", "missing_lines": 2, "excluded_lines": 0}, "missing_lines": [821, 822], "excluded_lines": []}, "configure_mcp_servers": {"executed_lines": [849, 851, 852, 853, 854, 856, 859, 860, 862, 868, 871, 873, 874, 875, 877, 880, 884, 885, 888, 889, 893], "summary": {"covered_lines": 21, "num_statements": 26, "percent_covered": 80.76923076923077, "percent_covered_display": "80.77", "missing_lines": 5, "excluded_lines": 0}, "missing_lines": [857, 864, 865, 881, 891], "excluded_lines": []}, "get_mcp_capable_from_selection": {"executed_lines": [905, 907], "summary": {"covered_lines": 2, "num_statements": 2, "percent_covered": 100.0, "percent_covered_display": "100.00", "missing_lines": 0, "excluded_lines": 0}, "missing_lines": [], "excluded_lines": []}, "_validate_mcp_config": {"executed_lines": [930, 933, 934, 937, 938, 941, 942, 944, 945, 946, 951, 952, 953, 954, 957, 958, 959, 962, 963, 965, 966, 967, 968, 969, 971, 972, 978], "summary": {"covered_lines": 27, "num_statements": 30, "percent_covered": 90.0, "percent_covered_display": "90.00", "missing_lines": 3, "excluded_lines": 0}, "missing_lines": [947, 948, 955], "excluded_lines": []}, "": {"executed_lines": [1, 7, 8, 9, 10, 12, 13, 14, 16, 17, 20, 22, 25, 38, 58, 71, 98, 111, 175, 208, 299, 357, 381, 489, 543, 599, 646, 719, 757, 789, 812, 825, 896, 910], "summary": {"covered_lines": 33, "num_statements": 33, "percent_covered": 100.0, "percent_covered_display": "100.00", "missing_lines": 0, "excluded_lines": 0}, "missing_lines": [], "excluded_lines": []}}, "classes": {"": {"executed_lines": [1, 7, 8, 9, 10, 12, 13, 14, 16, 17, 20, 22, 25, 34, 35, 38, 46, 47, 48, 49, 50, 51, 52, 53, 55, 58, 67, 68, 71, 80, 81, 82, 83, 84, 85, 87, 88, 89, 90, 91, 95, 98, 107, 108, 111, 127, 129, 131, 132, 133, 136, 156, 157, 159, 160, 162, 170, 175, 190, 193, 194, 197, 200, 203, 208, 224, 230, 233, 234, 235, 236, 238, 239, 242, 243, 244, 245, 246, 248, 250, 251, 253, 256, 257, 264, 265, 266, 269, 270, 271, 272, 273, 275, 278, 280, 282, 286, 288, 295, 296, 299, 307, 308, 311, 312, 315, 318, 320, 354, 357, 368, 370, 371, 374, 378, 381, 393, 394, 397, 398, 399, 414, 417, 418, 419, 486, 489, 500, 503, 504, 505, 506, 508, 509, 511, 513, 522, 523, 524, 526, 540, 543, 562, 568, 569, 571, 573, 575, 576, 577, 579, 580, 583, 584, 585, 586, 588, 591, 592, 594, 596, 599, 614, 615, 617, 618, 620, 621, 622, 624, 627, 628, 629, 630, 631, 632, 635, 638, 639, 641, 643, 646, 657, 658, 660, 661, 662, 664, 667, 669, 670, 674, 675, 677, 679, 680, 681, 682, 684, 686, 689, 690, 691, 693, 694, 695, 696, 697, 699, 704, 707, 708, 709, 711, 712, 714, 716, 719, 731, 732, 733, 734, 735, 736, 737, 738, 739, 741, 742, 744, 745, 746, 747, 748, 749, 750, 751, 753, 754, 757, 768, 774, 775, 781, 782, 783, 786, 789, 812, 825, 849, 851, 852, 853, 854, 856, 859, 860, 862, 868, 871, 873, 874, 875, 877, 880, 884, 885, 888, 889, 893, 896, 905, 907, 910, 930, 933, 934, 937, 938, 941, 942, 944, 945, 946, 951, 952, 953, 954, 957, 958, 959, 962, 963, 965, 966, 967, 968, 969, 971, 972, 978], "summary": {"covered_lines": 301, "num_statements": 349, "percent_covered": 86.24641833810888, "percent_covered_display": "86.25", "missing_lines": 48, "excluded_lines": 0}, "missing_lines": [93, 138, 139, 140, 142, 145, 146, 147, 148, 149, 150, 151, 152, 163, 164, 165, 166, 167, 168, 172, 259, 261, 279, 281, 283, 287, 289, 291, 293, 375, 700, 702, 801, 803, 805, 806, 807, 809, 821, 822, 857, 864, 865, 881, 891, 947, 948, 955], "excluded_lines": []}}}, "packages/cli/src/aurora_cli/commands/memory.py": {"executed_lines": [1, 14, 16, 17, 18, 19, 21, 22, 23, 24, 25, 26, 27, 29, 30, 31, 34, 36, 37, 40, 41, 59, 60, 61, 62, 63, 130, 131, 132, 139, 147, 154, 160, 168, 176, 177, 178, 254, 255, 256, 257, 352, 508, 533, 552, 562, 564, 567, 587, 598, 601, 631, 632, 633, 634, 635, 636, 639, 642, 643, 645, 648, 651, 652, 654, 655, 658, 659, 662, 663, 665, 666, 669, 670, 673, 674, 675, 678, 679, 680, 683, 684, 691, 694, 696, 697, 700, 701, 702, 707, 709, 710, 713, 714, 715, 720, 722, 723, 726, 727, 729, 730, 731, 732, 733, 734, 735, 737, 738, 740, 741, 743, 744, 747, 748, 751, 752, 753, 755, 756, 758, 759, 761, 762, 764, 765, 767, 768, 770, 773, 775, 778, 803, 806, 807, 810, 811, 814, 817, 820, 823, 825, 828, 829, 830, 831, 832, 833, 835, 836, 838, 840, 842, 844, 848, 851, 860, 862, 863, 865, 879, 881, 882, 883, 884, 885, 886, 903, 925, 926, 927, 928, 929, 930, 932, 935, 960, 963, 964, 965, 968, 971, 974, 975, 976, 979, 980, 982, 983, 984, 985, 986, 988, 990, 993], "summary": {"covered_lines": 193, "num_statements": 404, "percent_covered": 47.772277227722775, "percent_covered_display": "47.77", "missing_lines": 211, "excluded_lines": 2}, "missing_lines": [56, 85, 86, 89, 90, 93, 100, 102, 104, 105, 109, 112, 115, 116, 219, 220, 222, 223, 224, 225, 226, 231, 234, 235, 238, 241, 242, 243, 244, 245, 248, 249, 251, 269, 270, 272, 273, 278, 281, 282, 285, 288, 289, 290, 292, 293, 294, 297, 298, 299, 300, 301, 302, 303, 304, 305, 306, 308, 309, 310, 311, 313, 314, 315, 317, 318, 319, 320, 321, 323, 324, 325, 328, 329, 331, 332, 333, 334, 335, 336, 337, 338, 340, 341, 342, 343, 344, 345, 346, 347, 349, 368, 369, 370, 377, 379, 382, 383, 384, 394, 395, 396, 397, 398, 399, 400, 401, 403, 404, 409, 411, 412, 413, 414, 415, 416, 417, 420, 421, 424, 427, 428, 429, 431, 432, 433, 435, 436, 437, 438, 439, 440, 441, 442, 444, 445, 446, 448, 451, 452, 456, 458, 460, 461, 463, 465, 475, 476, 477, 479, 481, 484, 485, 486, 488, 489, 490, 491, 494, 495, 498, 500, 501, 502, 504, 505, 514, 515, 516, 530, 542, 543, 544, 545, 547, 549, 563, 656, 686, 687, 689, 695, 704, 708, 717, 721, 742, 818, 826, 866, 867, 868, 869, 870, 871, 872, 874, 875, 876, 878, 880, 888, 889, 890, 891, 892, 894, 896, 897, 898, 900], "excluded_lines": [993, 994], "functions": {"memory_group": {"executed_lines": [], "summary": {"covered_lines": 0, "num_statements": 1, "percent_covered": 0.0, "percent_covered_display": "0.00", "missing_lines": 1, "excluded_lines": 0}, "missing_lines": [56], "excluded_lines": []}, "index_command": {"executed_lines": [], "summary": {"covered_lines": 0, "num_statements": 10, "percent_covered": 0.0, "percent_covered_display": "0.00", "missing_lines": 10, "excluded_lines": 0}, "missing_lines": [85, 86, 89, 90, 93, 100, 102, 112, 115, 116], "excluded_lines": []}, "index_command.progress_callback": {"executed_lines": [], "summary": {"covered_lines": 0, "num_statements": 3, "percent_covered": 0.0, "percent_covered_display": "0.00", "missing_lines": 3, "excluded_lines": 0}, "missing_lines": [104, 105, 109], "excluded_lines": []}, "search_command": {"executed_lines": [], "summary": {"covered_lines": 0, "num_statements": 19, "percent_covered": 0.0, "percent_covered_display": "0.00", "missing_lines": 19, "excluded_lines": 0}, "missing_lines": [219, 220, 222, 223, 224, 225, 226, 231, 234, 235, 238, 241, 242, 243, 244, 245, 248, 249, 251], "excluded_lines": []}, "stats_command": {"executed_lines": [], "summary": {"covered_lines": 0, "num_statements": 58, "percent_covered": 0.0, "percent_covered_display": "0.00", "missing_lines": 58, "excluded_lines": 0}, "missing_lines": [269, 270, 272, 273, 278, 281, 282, 285, 288, 289, 290, 292, 293, 294, 297, 298, 299, 300, 301, 302, 303, 304, 305, 306, 308, 309, 310, 311, 313, 314, 315, 317, 318, 319, 320, 321, 323, 324, 325, 328, 329, 331, 332, 333, 334, 335, 336, 337, 338, 340, 341, 342, 343, 344, 345, 346, 347, 349], "excluded_lines": []}, "_display_rich_results": {"executed_lines": [], "summary": {"covered_lines": 0, "num_statements": 75, "percent_covered": 0.0, "percent_covered_display": "0.00", "missing_lines": 75, "excluded_lines": 0}, "missing_lines": [368, 369, 370, 377, 379, 382, 383, 384, 394, 395, 396, 397, 398, 399, 400, 401, 403, 404, 409, 411, 412, 413, 414, 415, 416, 417, 420, 421, 424, 427, 428, 429, 431, 432, 433, 435, 436, 437, 438, 439, 440, 441, 442, 444, 445, 446, 448, 451, 452, 456, 458, 460, 461, 463, 465, 475, 476, 477, 479, 481, 484, 485, 486, 488, 489, 490, 491, 494, 495, 498, 500, 501, 502, 504, 505], "excluded_lines": []}, "_display_json_results": {"executed_lines": [], "summary": {"covered_lines": 0, "num_statements": 4, "percent_covered": 0.0, "percent_covered_display": "0.00", "missing_lines": 4, "excluded_lines": 0}, "missing_lines": [514, 515, 516, 530], "excluded_lines": []}, "_format_score": {"executed_lines": [], "summary": {"covered_lines": 0, "num_statements": 6, "percent_covered": 0.0, "percent_covered_display": "0.00", "missing_lines": 6, "excluded_lines": 0}, "missing_lines": [542, 543, 544, 545, 547, 549], "excluded_lines": []}, "_truncate_text": {"executed_lines": [562, 564], "summary": {"covered_lines": 2, "num_statements": 3, "percent_covered": 66.66666666666667, "percent_covered_display": "66.67", "missing_lines": 1, "excluded_lines": 0}, "missing_lines": [563], "excluded_lines": []}, "_get_type_abbreviation": {"executed_lines": [587, 598], "summary": {"covered_lines": 2, "num_statements": 2, "percent_covered": 100.0, "percent_covered_display": "100.00", "missing_lines": 0, "excluded_lines": 0}, "missing_lines": [], "excluded_lines": []}, "_format_score_box": {"executed_lines": [631, 632, 633, 634, 635, 636, 639, 642, 643, 645, 648, 651, 652, 654, 655, 658, 659, 662, 663, 665, 666, 669, 670, 673, 674, 675, 678, 679, 680, 683, 684, 691, 694, 696, 697, 700, 701, 702, 707, 709, 710, 713, 714, 715, 720, 722, 723, 726, 727, 729, 730, 731, 732, 733, 734, 735, 737, 738, 740, 741, 743, 744, 747, 748, 751, 752, 753, 755, 756, 758, 759, 761, 762, 764, 765, 767, 768, 770, 773, 775], "summary": {"covered_lines": 80, "num_statements": 90, "percent_covered": 88.88888888888889, "percent_covered_display": "88.89", "missing_lines": 10, "excluded_lines": 0}, "missing_lines": [656, 686, 687, 689, 695, 704, 708, 717, 721, 742], "excluded_lines": []}, "_explain_bm25_score": {"executed_lines": [803, 806, 807, 810, 811, 814, 817, 820, 823, 825, 828, 829, 830, 831, 832, 833, 835, 836, 838, 840, 842, 844, 848], "summary": {"covered_lines": 23, "num_statements": 25, "percent_covered": 92.0, "percent_covered_display": "92.00", "missing_lines": 2, "excluded_lines": 0}, "missing_lines": [818, 826], "excluded_lines": []}, "_format_relative_time": {"executed_lines": [860, 862, 863, 865, 879, 881, 882, 883, 884, 885, 886], "summary": {"covered_lines": 11, "num_statements": 33, "percent_covered": 33.333333333333336, "percent_covered_display": "33.33", "missing_lines": 22, "excluded_lines": 0}, "missing_lines": [866, 867, 868, 869, 870, 871, 872, 874, 875, 876, 878, 880, 888, 889, 890, 891, 892, 894, 896, 897, 898, 900], "excluded_lines": []}, "_explain_semantic_score": {"executed_lines": [925, 926, 927, 928, 929, 930, 932], "summary": {"covered_lines": 7, "num_statements": 7, "percent_covered": 100.0, "percent_covered_display": "100.00", "missing_lines": 0, "excluded_lines": 0}, "missing_lines": [], "excluded_lines": []}, "_explain_activation_score": {"executed_lines": [960, 963, 964, 965, 968, 971, 974, 975, 976, 979, 980, 982, 983, 984, 985, 986, 988, 990], "summary": {"covered_lines": 18, "num_statements": 18, "percent_covered": 100.0, "percent_covered_display": "100.00", "missing_lines": 0, "excluded_lines": 0}, "missing_lines": [], "excluded_lines": []}, "": {"executed_lines": [1, 14, 16, 17, 18, 19, 21, 22, 23, 24, 25, 26, 27, 29, 30, 31, 34, 36, 37, 40, 41, 59, 60, 61, 62, 63, 130, 131, 132, 139, 147, 154, 160, 168, 176, 177, 178, 254, 255, 256, 257, 352, 508, 533, 552, 567, 601, 778, 851, 903, 935, 993], "summary": {"covered_lines": 50, "num_statements": 50, "percent_covered": 100.0, "percent_covered_display": "100.00", "missing_lines": 0, "excluded_lines": 2}, "missing_lines": [], "excluded_lines": [993, 994]}}, "classes": {"": {"executed_lines": [1, 14, 16, 17, 18, 19, 21, 22, 23, 24, 25, 26, 27, 29, 30, 31, 34, 36, 37, 40, 41, 59, 60, 61, 62, 63, 130, 131, 132, 139, 147, 154, 160, 168, 176, 177, 178, 254, 255, 256, 257, 352, 508, 533, 552, 562, 564, 567, 587, 598, 601, 631, 632, 633, 634, 635, 636, 639, 642, 643, 645, 648, 651, 652, 654, 655, 658, 659, 662, 663, 665, 666, 669, 670, 673, 674, 675, 678, 679, 680, 683, 684, 691, 694, 696, 697, 700, 701, 702, 707, 709, 710, 713, 714, 715, 720, 722, 723, 726, 727, 729, 730, 731, 732, 733, 734, 735, 737, 738, 740, 741, 743, 744, 747, 748, 751, 752, 753, 755, 756, 758, 759, 761, 762, 764, 765, 767, 768, 770, 773, 775, 778, 803, 806, 807, 810, 811, 814, 817, 820, 823, 825, 828, 829, 830, 831, 832, 833, 835, 836, 838, 840, 842, 844, 848, 851, 860, 862, 863, 865, 879, 881, 882, 883, 884, 885, 886, 903, 925, 926, 927, 928, 929, 930, 932, 935, 960, 963, 964, 965, 968, 971, 974, 975, 976, 979, 980, 982, 983, 984, 985, 986, 988, 990, 993], "summary": {"covered_lines": 193, "num_statements": 404, "percent_covered": 47.772277227722775, "percent_covered_display": "47.77", "missing_lines": 211, "excluded_lines": 2}, "missing_lines": [56, 85, 86, 89, 90, 93, 100, 102, 104, 105, 109, 112, 115, 116, 219, 220, 222, 223, 224, 225, 226, 231, 234, 235, 238, 241, 242, 243, 244, 245, 248, 249, 251, 269, 270, 272, 273, 278, 281, 282, 285, 288, 289, 290, 292, 293, 294, 297, 298, 299, 300, 301, 302, 303, 304, 305, 306, 308, 309, 310, 311, 313, 314, 315, 317, 318, 319, 320, 321, 323, 324, 325, 328, 329, 331, 332, 333, 334, 335, 336, 337, 338, 340, 341, 342, 343, 344, 345, 346, 347, 349, 368, 369, 370, 377, 379, 382, 383, 384, 394, 395, 396, 397, 398, 399, 400, 401, 403, 404, 409, 411, 412, 413, 414, 415, 416, 417, 420, 421, 424, 427, 428, 429, 431, 432, 433, 435, 436, 437, 438, 439, 440, 441, 442, 444, 445, 446, 448, 451, 452, 456, 458, 460, 461, 463, 465, 475, 476, 477, 479, 481, 484, 485, 486, 488, 489, 490, 491, 494, 495, 498, 500, 501, 502, 504, 505, 514, 515, 516, 530, 542, 543, 544, 545, 547, 549, 563, 656, 686, 687, 689, 695, 704, 708, 717, 721, 742, 818, 826, 866, 867, 868, 869, 870, 871, 872, 874, 875, 876, 878, 880, 888, 889, 890, 891, 892, 894, 896, 897, 898, 900], "excluded_lines": [993, 994]}}}, "packages/cli/src/aurora_cli/commands/plan.py": {"executed_lines": [1, 17, 19, 20, 21, 22, 24, 25, 26, 27, 29, 30, 31, 40, 43, 45, 46, 49, 50, 75, 78, 79, 80, 88, 94, 102, 108, 115, 121, 122, 161, 164, 165, 166, 176, 184, 185, 186, 235, 236, 243, 249, 250, 272, 277, 278, 279, 283, 284, 285, 286, 289, 290, 296, 303, 311, 312, 335, 336, 338, 342, 343, 354, 355, 357, 365, 366, 367, 368, 369, 370, 371, 372, 374, 375, 376, 377, 386, 388, 394, 395, 396, 402, 410, 411, 492, 493, 494, 501, 502, 520, 522, 523, 527, 529, 533, 537, 538, 539, 540, 541, 542, 543, 545], "summary": {"covered_lines": 102, "num_statements": 203, "percent_covered": 50.24630541871921, "percent_covered_display": "50.25", "missing_lines": 101, "excluded_lines": 2}, "missing_lines": [167, 168, 169, 170, 171, 172, 173, 174, 188, 189, 190, 191, 193, 195, 196, 199, 200, 201, 202, 203, 204, 206, 207, 208, 209, 210, 211, 213, 214, 215, 216, 218, 220, 221, 223, 224, 225, 226, 228, 229, 230, 231, 232, 280, 281, 339, 340, 358, 359, 360, 361, 362, 389, 390, 391, 439, 440, 442, 443, 444, 446, 447, 448, 449, 451, 453, 454, 457, 458, 459, 460, 461, 462, 463, 465, 466, 468, 469, 470, 471, 472, 473, 475, 476, 477, 478, 480, 481, 482, 483, 484, 486, 487, 488, 489, 524, 525, 530, 531, 534, 535], "excluded_lines": [40, 41], "functions": {"plan_group": {"executed_lines": [75], "summary": {"covered_lines": 1, "num_statements": 1, "percent_covered": 100.0, "percent_covered_display": "100.00", "missing_lines": 0, "excluded_lines": 0}, "missing_lines": [], "excluded_lines": []}, "create_command": {"executed_lines": [161, 164, 165, 166, 176, 184, 185, 186], "summary": {"covered_lines": 8, "num_statements": 51, "percent_covered": 15.686274509803921, "percent_covered_display": "15.69", "missing_lines": 43, "excluded_lines": 0}, "missing_lines": [167, 168, 169, 170, 171, 172, 173, 174, 188, 189, 190, 191, 193, 195, 196, 199, 200, 201, 202, 203, 204, 206, 207, 208, 209, 210, 211, 213, 214, 215, 216, 218, 220, 221, 223, 224, 225, 226, 228, 229, 230, 231, 232], "excluded_lines": []}, "init_command": {"executed_lines": [272, 277, 278, 279, 283, 284, 285, 286], "summary": {"covered_lines": 8, "num_statements": 10, "percent_covered": 80.0, "percent_covered_display": "80.00", "missing_lines": 2, "excluded_lines": 0}, "missing_lines": [280, 281], "excluded_lines": []}, "list_command": {"executed_lines": [335, 336, 338, 342, 343, 354, 355, 357, 365, 366, 367, 368, 369, 370, 371, 372, 374, 375, 376, 377, 386, 388], "summary": {"covered_lines": 22, "num_statements": 32, "percent_covered": 68.75, "percent_covered_display": "68.75", "missing_lines": 10, "excluded_lines": 0}, "missing_lines": [339, 340, 358, 359, 360, 361, 362, 389, 390, 391], "excluded_lines": []}, "view_command": {"executed_lines": [], "summary": {"covered_lines": 0, "num_statements": 40, "percent_covered": 0.0, "percent_covered_display": "0.00", "missing_lines": 40, "excluded_lines": 0}, "missing_lines": [439, 440, 442, 443, 444, 446, 447, 448, 449, 451, 453, 454, 457, 458, 459, 460, 461, 462, 463, 465, 466, 468, 469, 470, 471, 472, 473, 475, 476, 477, 478, 480, 481, 482, 483, 484, 486, 487, 488, 489], "excluded_lines": []}, "archive_command": {"executed_lines": [520, 522, 523, 527, 529, 533, 537, 538, 539, 540, 541, 542, 543, 545], "summary": {"covered_lines": 14, "num_statements": 20, "percent_covered": 70.0, "percent_covered_display": "70.00", "missing_lines": 6, "excluded_lines": 0}, "missing_lines": [524, 525, 530, 531, 534, 535], "excluded_lines": []}, "": {"executed_lines": [1, 17, 19, 20, 21, 22, 24, 25, 26, 27, 29, 30, 31, 40, 43, 45, 46, 49, 50, 78, 79, 80, 88, 94, 102, 108, 115, 121, 122, 235, 236, 243, 249, 250, 289, 290, 296, 303, 311, 312, 394, 395, 396, 402, 410, 411, 492, 493, 494, 501, 502], "summary": {"covered_lines": 49, "num_statements": 49, "percent_covered": 100.0, "percent_covered_display": "100.00", "missing_lines": 0, "excluded_lines": 2}, "missing_lines": [], "excluded_lines": [40, 41]}}, "classes": {"": {"executed_lines": [1, 17, 19, 20, 21, 22, 24, 25, 26, 27, 29, 30, 31, 40, 43, 45, 46, 49, 50, 75, 78, 79, 80, 88, 94, 102, 108, 115, 121, 122, 161, 164, 165, 166, 176, 184, 185, 186, 235, 236, 243, 249, 250, 272, 277, 278, 279, 283, 284, 285, 286, 289, 290, 296, 303, 311, 312, 335, 336, 338, 342, 343, 354, 355, 357, 365, 366, 367, 368, 369, 370, 371, 372, 374, 375, 376, 377, 386, 388, 394, 395, 396, 402, 410, 411, 492, 493, 494, 501, 502, 520, 522, 523, 527, 529, 533, 537, 538, 539, 540, 541, 542, 543, 545], "summary": {"covered_lines": 102, "num_statements": 203, "percent_covered": 50.24630541871921, "percent_covered_display": "50.25", "missing_lines": 101, "excluded_lines": 2}, "missing_lines": [167, 168, 169, 170, 171, 172, 173, 174, 188, 189, 190, 191, 193, 195, 196, 199, 200, 201, 202, 203, 204, 206, 207, 208, 209, 210, 211, 213, 214, 215, 216, 218, 220, 221, 223, 224, 225, 226, 228, 229, 230, 231, 232, 280, 281, 339, 340, 358, 359, 360, 361, 362, 389, 390, 391, 439, 440, 442, 443, 444, 446, 447, 448, 449, 451, 453, 454, 457, 458, 459, 460, 461, 462, 463, 465, 466, 468, 469, 470, 471, 472, 473, 475, 476, 477, 478, 480, 481, 482, 483, 484, 486, 487, 488, 489, 524, 525, 530, 531, 534, 535], "excluded_lines": [40, 41]}}}, "packages/cli/src/aurora_cli/commands/query.py": {"executed_lines": [1, 7, 9, 10, 11, 13, 14, 15, 17, 18, 19, 20, 21, 22, 25, 26, 29, 30, 31, 32], "summary": {"covered_lines": 14, "num_statements": 253, "percent_covered": 5.533596837944664, "percent_covered_display": "5.53", "missing_lines": 239, "excluded_lines": 0}, "missing_lines": [12, 16, 23, 24, 28, 33, 35, 36, 37, 38, 39, 40, 42, 44, 45, 47, 48, 49, 51, 52, 54, 56, 57, 59, 60, 62, 64, 65, 67, 68, 70, 80, 81, 82, 83, 84, 85, 86, 109, 111, 112, 113, 116, 117, 118, 121, 122, 124, 126, 127, 128, 129, 130, 131, 132, 135, 137, 139, 141, 142, 147, 149, 150, 151, 152, 155, 157, 158, 159, 160, 162, 163, 164, 166, 167, 168, 169, 172, 175, 177, 179, 180, 181, 182, 183, 185, 186, 189, 191, 227, 229, 230, 231, 233, 234, 235, 236, 237, 238, 239, 242, 245, 247, 248, 253, 255, 256, 257, 258, 261, 264, 265, 266, 267, 269, 270, 273, 274, 275, 276, 278, 279, 280, 281, 282, 283, 286, 287, 289, 291, 292, 293, 294, 295, 298, 301, 303, 304, 305, 308, 309, 310, 311, 312, 314, 317, 318, 319, 321, 322, 323, 325, 326, 328, 330, 331, 332, 333, 334, 337, 338, 339, 341, 342, 343, 345, 346, 347, 348, 350, 351, 353, 354, 355, 356, 357, 360, 361, 362, 363, 364, 366, 367, 368, 369, 370, 373, 374, 375, 376, 377, 379, 380, 381, 382, 383, 386, 387, 388, 389, 390, 392, 393, 394, 395, 396, 399, 400, 401, 402, 403, 405, 406, 407, 408, 409, 412, 413, 414, 415, 416, 418, 419, 422, 423, 426, 427, 428, 430, 438, 439, 441, 442, 445, 447, 450, 451, 454, 455], "excluded_lines": [], "functions": {"QuerySession.save": {"executed_lines": [], "summary": {"covered_lines": 0, "num_statements": 5, "percent_covered": 0.0, "percent_covered_display": "0.00", "missing_lines": 5, "excluded_lines": 0}, "missing_lines": [44, 45, 47, 48, 49], "excluded_lines": []}, "QuerySession.load": {"executed_lines": [], "summary": {"covered_lines": 0, "num_statements": 6, "percent_covered": 0.0, "percent_covered_display": "0.00", "missing_lines": 6, "excluded_lines": 0}, "missing_lines": [54, 56, 57, 59, 60, 62], "excluded_lines": []}, "QuerySession.create": {"executed_lines": [], "summary": {"covered_lines": 0, "num_statements": 3, "percent_covered": 0.0, "percent_covered_display": "0.00", "missing_lines": 3, "excluded_lines": 0}, "missing_lines": [67, 68, 70], "excluded_lines": []}, "query_command": {"executed_lines": [], "summary": {"covered_lines": 0, "num_statements": 17, "percent_covered": 0.0, "percent_covered_display": "0.00", "missing_lines": 17, "excluded_lines": 0}, "missing_lines": [109, 111, 112, 113, 116, 117, 118, 121, 122, 124, 126, 127, 128, 129, 130, 131, 132], "excluded_lines": []}, "_handle_single_shot": {"executed_lines": [], "summary": {"covered_lines": 0, "num_statements": 44, "percent_covered": 0.0, "percent_covered_display": "0.00", "missing_lines": 44, "excluded_lines": 0}, "missing_lines": [137, 139, 141, 142, 147, 149, 150, 151, 152, 155, 157, 158, 159, 160, 162, 163, 164, 166, 167, 168, 169, 172, 175, 177, 179, 180, 181, 182, 183, 185, 186, 189, 191, 227, 229, 230, 231, 233, 234, 235, 236, 237, 238, 239], "excluded_lines": []}, "_handle_interactive_start": {"executed_lines": [], "summary": {"covered_lines": 0, "num_statements": 33, "percent_covered": 0.0, "percent_covered_display": "0.00", "missing_lines": 33, "excluded_lines": 0}, "missing_lines": [245, 247, 248, 253, 255, 256, 257, 258, 261, 264, 265, 266, 267, 269, 270, 273, 274, 275, 276, 278, 279, 280, 281, 282, 283, 286, 287, 289, 291, 292, 293, 294, 295], "excluded_lines": []}, "_handle_continue": {"executed_lines": [], "summary": {"covered_lines": 0, "num_statements": 104, "percent_covered": 0.0, "percent_covered_display": "0.00", "missing_lines": 104, "excluded_lines": 0}, "missing_lines": [301, 303, 304, 305, 308, 309, 310, 311, 312, 314, 317, 318, 319, 321, 322, 323, 325, 326, 328, 330, 331, 332, 333, 334, 337, 338, 339, 341, 342, 343, 345, 346, 347, 348, 350, 351, 353, 354, 355, 356, 357, 360, 361, 362, 363, 364, 366, 367, 368, 369, 370, 373, 374, 375, 376, 377, 379, 380, 381, 382, 383, 386, 387, 388, 389, 390, 392, 393, 394, 395, 396, 399, 400, 401, 402, 403, 405, 406, 407, 408, 409, 412, 413, 414, 415, 416, 418, 419, 422, 423, 426, 427, 428, 430, 438, 439, 441, 442, 445, 447, 450, 451, 454, 455], "excluded_lines": []}, "": {"executed_lines": [1, 7, 9, 10, 11, 13, 14, 15, 17, 18, 19, 20, 21, 22, 25, 26, 29, 30, 31, 32], "summary": {"covered_lines": 14, "num_statements": 41, "percent_covered": 34.146341463414636, "percent_covered_display": "34.15", "missing_lines": 27, "excluded_lines": 0}, "missing_lines": [12, 16, 23, 24, 28, 33, 35, 36, 37, 38, 39, 40, 42, 51, 52, 64, 65, 80, 81, 82, 83, 84, 85, 86, 135, 242, 298], "excluded_lines": []}}, "classes": {"QuerySession": {"executed_lines": [], "summary": {"covered_lines": 0, "num_statements": 14, "percent_covered": 0.0, "percent_covered_display": "0.00", "missing_lines": 14, "excluded_lines": 0}, "missing_lines": [44, 45, 47, 48, 49, 54, 56, 57, 59, 60, 62, 67, 68, 70], "excluded_lines": []}, "": {"executed_lines": [1, 7, 9, 10, 11, 13, 14, 15, 17, 18, 19, 20, 21, 22, 25, 26, 29, 30, 31, 32], "summary": {"covered_lines": 14, "num_statements": 239, "percent_covered": 5.857740585774058, "percent_covered_display": "5.86", "missing_lines": 225, "excluded_lines": 0}, "missing_lines": [12, 16, 23, 24, 28, 33, 35, 36, 37, 38, 39, 40, 42, 51, 52, 64, 65, 80, 81, 82, 83, 84, 85, 86, 109, 111, 112, 113, 116, 117, 118, 121, 122, 124, 126, 127, 128, 129, 130, 131, 132, 135, 137, 139, 141, 142, 147, 149, 150, 151, 152, 155, 157, 158, 159, 160, 162, 163, 164, 166, 167, 168, 169, 172, 175, 177, 179, 180, 181, 182, 183, 185, 186, 189, 191, 227, 229, 230, 231, 233, 234, 235, 236, 237, 238, 239, 242, 245, 247, 248, 253, 255, 256, 257, 258, 261, 264, 265, 266, 267, 269, 270, 273, 274, 275, 276, 278, 279, 280, 281, 282, 283, 286, 287, 289, 291, 292, 293, 294, 295, 298, 301, 303, 304, 305, 308, 309, 310, 311, 312, 314, 317, 318, 319, 321, 322, 323, 325, 326, 328, 330, 331, 332, 333, 334, 337, 338, 339, 341, 342, 343, 345, 346, 347, 348, 350, 351, 353, 354, 355, 356, 357, 360, 361, 362, 363, 364, 366, 367, 368, 369, 370, 373, 374, 375, 376, 377, 379, 380, 381, 382, 383, 386, 387, 388, 389, 390, 392, 393, 394, 395, 396, 399, 400, 401, 402, 403, 405, 406, 407, 408, 409, 412, 413, 414, 415, 416, 418, 419, 422, 423, 426, 427, 428, 430, 438, 439, 441, 442, 445, 447, 450, 451, 454, 455], "excluded_lines": []}}}, "packages/cli/src/aurora_cli/commands/version.py": {"executed_lines": [1, 6, 8, 9, 10, 11, 13, 14, 17, 19, 22, 23, 34, 36, 37, 38, 39, 42, 43, 44, 51, 52, 53, 54, 57, 62, 63, 65, 70, 71, 72, 74, 76, 77, 84], "summary": {"covered_lines": 33, "num_statements": 38, "percent_covered": 86.84210526315789, "percent_covered_display": "86.84", "missing_lines": 5, "excluded_lines": 2}, "missing_lines": [66, 67, 79, 80, 81], "excluded_lines": [84, 85], "functions": {"version_command": {"executed_lines": [34, 36, 37, 38, 39, 42, 43, 44, 51, 52, 53, 54, 57, 62, 63, 65, 70, 71, 72, 74, 76, 77], "summary": {"covered_lines": 22, "num_statements": 27, "percent_covered": 81.48148148148148, "percent_covered_display": "81.48", "missing_lines": 5, "excluded_lines": 0}, "missing_lines": [66, 67, 79, 80, 81], "excluded_lines": []}, "": {"executed_lines": [1,
[...]
 181, 187], "summary": {"covered_lines": 48, "num_statements": 48, "percent_covered": 100.0, "percent_covered_display": "100.00", "missing_lines": 0, "excluded_lines": 4}, "missing_lines": [], "excluded_lines": [18, 19, 20, 21]}}}, "packages/soar/src/aurora_soar/phases/respond.py": {"executed_lines": [1, 7, 9, 10, 11, 12, 15, 19, 22, 27, 28, 29, 31, 32, 33, 34, 41, 42, 44, 45, 46, 47, 50, 51, 58, 63, 64, 66, 68, 71, 89, 106, 107, 108, 109, 110, 111, 114, 115, 117, 123, 132, 133, 135, 138, 153, 156, 157, 158, 161, 162, 165, 166, 167, 168, 173, 176, 177, 178, 180, 182, 183, 186, 187, 188, 189, 190, 192, 194, 196, 199, 214, 217, 218, 219, 222, 223, 224, 225, 228, 229, 230, 231, 232, 233, 234, 235, 236, 237, 238, 239, 242, 243, 244, 245, 246, 247, 252, 255, 256, 257, 258, 259, 260, 261, 262, 267, 268, 269, 270, 271, 272, 274, 276, 277, 278, 279, 282, 283, 284, 285, 286, 287, 288, 290, 291, 294, 295, 296, 297, 298, 299, 300, 301, 302, 303, 309, 311], "summary": {"covered_lines": 134, "num_statements": 140, "percent_covered": 95.71428571428571, "percent_covered_display": "95.71", "missing_lines": 6, "excluded_lines": 3}, "missing_lines": [30, 35, 36, 38, 181, 275], "excluded_lines": [15, 16, 17], "functions": {"_make_json_serializable": {"executed_lines": [27, 28, 29, 31, 32, 33, 34], "summary": {"covered_lines": 7, "num_statements": 11, "percent_covered": 63.63636363636363, "percent_covered_display": "63.64", "missing_lines": 4, "excluded_lines": 0}, "missing_lines": [30, 35, 36, 38], "excluded_lines": []}, "ResponseResult.__init__": {"executed_lines": [63, 64], "summary": {"covered_lines": 2, "num_statements": 2, "percent_covered": 100.0, "percent_covered_display": "100.00", "missing_lines": 0, "excluded_lines": 0}, "missing_lines": [], "excluded_lines": []}, "ResponseResult.to_dict": {"executed_lines": [68], "summary": {"covered_lines": 1, "num_statements": 1, "percent_covered": 100.0, "percent_covered_display": "100.00", "missing_lines": 0, "excluded_lines": 0}, "missing_lines": [], "excluded_lines": []}, "format_response": {"executed_lines": [89, 106, 107, 108, 109, 110, 111, 114, 115, 117], "summary": {"covered_lines": 10, "num_statements": 10, "percent_covered": 100.0, "percent_covered_display": "100.00", "missing_lines": 0, "excluded_lines": 0}, "missing_lines": [], "excluded_lines": []}, "_format_quiet": {"executed_lines": [132, 133, 135], "summary": {"covered_lines": 3, "num_statements": 3, "percent_covered": 100.0, "percent_covered_display": "100.00", "missing_lines": 0, "excluded_lines": 0}, "missing_lines": [], "excluded_lines": []}, "_format_normal": {"executed_lines": [153, 156, 157, 158, 161, 162, 165, 166, 167, 168, 173, 176, 177, 178, 180, 182, 183, 186, 187, 188, 189, 190, 192, 194, 196], "summary": {"covered_lines": 25, "num_statements": 26, "percent_covered": 96.15384615384616, "percent_covered_display": "96.15", "missing_lines": 1, "excluded_lines": 0}, "missing_lines": [181], "excluded_lines": []}, "_format_verbose": {"executed_lines": [214, 217, 218, 219, 222, 223, 224, 225, 228, 229, 230, 231, 232, 233, 234, 235, 236, 237, 238, 239, 242, 243, 244, 245, 246, 247, 252, 255, 256, 257, 258, 259, 260, 261, 262, 267, 268, 269, 270, 271, 272, 274, 276, 277, 278, 279, 282, 283, 284, 285, 286, 287, 288, 290, 291, 294, 295, 296, 297, 298, 299, 300, 301, 302, 303, 309, 311], "summary": {"covered_lines": 67, "num_statements": 68, "percent_covered": 98.52941176470588, "percent_covered_display": "98.53", "missing_lines": 1, "excluded_lines": 0}, "missing_lines": [275], "excluded_lines": []}, "": {"executed_lines": [1, 7, 9, 10, 11, 12, 15, 19, 22, 41, 42, 44, 45, 46, 47, 50, 51, 58, 66, 71, 123, 138, 199], "summary": {"covered_lines": 19, "num_statements": 19, "percent_covered": 100.0, "percent_covered_display": "100.00", "missing_lines": 0, "excluded_lines": 3}, "missing_lines": [], "excluded_lines": [15, 16, 17]}}, "classes": {"Verbosity": {"executed_lines": [], "summary": {"covered_lines": 0, "num_statements": 0, "percent_covered": 100.0, "percent_covered_display": "100.00", "missing_lines": 0, "excluded_lines": 0}, "missing_lines": [], "excluded_lines": []}, "ResponseResult": {"executed_lines": [63, 64, 68], "summary": {"covered_lines": 3, "num_statements": 3, "percent_covered": 100.0, "percent_covered_display": "100.00", "missing_lines": 0, "excluded_lines": 0}, "missing_lines": [], "excluded_lines": []}, "": {"executed_lines": [1, 7, 9, 10, 11, 12, 15, 19, 22, 27, 28, 29, 31, 32, 33, 34, 41, 42, 44, 45, 46, 47, 50, 51, 58, 66, 71, 89, 106, 107, 108, 109, 110, 111, 114, 115, 117, 123, 132, 133, 135, 138, 153, 156, 157, 158, 161, 162, 165, 166, 167, 168, 173, 176, 177, 178, 180, 182, 183, 186, 187, 188, 189, 190, 192, 194, 196, 199, 214, 217, 218, 219, 222, 223, 224, 225, 228, 229, 230, 231, 232, 233, 234, 235, 236, 237, 238, 239, 242, 243, 244, 245, 246, 247, 252, 255, 256, 257, 258, 259, 260, 261, 262, 267, 268, 269, 270, 271, 272, 274, 276, 277, 278, 279, 282, 283, 284, 285, 286, 287, 288, 290, 291, 294, 295, 296, 297, 298, 299, 300, 301, 302, 303, 309, 311], "summary": {"covered_lines": 131, "num_statements": 137, "percent_covered": 95.62043795620438, "percent_covered_display": "95.62", "missing_lines": 6, "excluded_lines": 3}, "missing_lines": [30, 35, 36, 38, 181, 275], "excluded_lines": [15, 16, 17]}}}, "packages/soar/src/aurora_soar/phases/retrieve.py": {"executed_lines": [1, 18, 20, 21, 22, 25, 29, 32, 36, 45, 48, 60, 62, 63, 66, 67, 68, 72, 73, 77, 79, 81, 82, 85, 86, 87, 88, 90, 91, 93, 96, 123, 126, 128, 130, 134, 140, 141, 143, 145, 146, 150, 151, 152, 153, 156, 159, 161, 162, 164, 171, 181, 182, 184, 185], "summary": {"covered_lines": 53, "num_statements": 55, "percent_covered": 96.36363636363636, "percent_covered_display": "96.36", "missing_lines": 2, "excluded_lines": 2}, "missing_lines": [76, 148], "excluded_lines": [25, 26], "functions": {"filter_by_activation": {"executed_lines": [60, 62, 63, 66, 67, 68, 72, 73, 77, 79, 81, 82, 85, 86, 87, 88, 90, 91, 93], "summary": {"covered_lines": 19, "num_statements": 20, "percent_covered": 95.0, "percent_covered_display": "95.00", "missing_lines": 1, "excluded_lines": 0}, "missing_lines": [76], "excluded_lines": []}, "retrieve_context": {"executed_lines": [123, 126, 128, 130, 134, 140, 141, 143, 145, 146, 150, 151, 152, 153, 156, 159, 161, 162, 164, 171, 181, 182, 184, 185], "summary": {"covered_lines": 24, "num_statements": 25, "percent_covered": 96.0, "percent_covered_display": "96.00", "missing_lines": 1, "excluded_lines": 0}, "missing_lines": [148], "excluded_lines": []}, "": {"executed_lines": [1, 18, 20, 21, 22, 25, 29, 32, 36, 45, 48, 96], "summary": {"covered_lines": 10, "num_statements": 10, "percent_covered": 100.0, "percent_covered_display": "100.00", "missing_lines": 0, "excluded_lines": 2}, "missing_lines": [], "excluded_lines": [25, 26]}}, "classes": {"": {"executed_lines": [1, 18, 20, 21, 22, 25, 29, 32, 36, 45, 48, 60, 62, 63, 66, 67, 68, 72, 73, 77, 79, 81, 82, 85, 86, 87, 88, 90, 91, 93, 96, 123, 126, 128, 130, 134, 140, 141, 143, 145, 146, 150, 151, 152, 153, 156, 159, 161, 162, 164, 171, 181, 182, 184, 185], "summary": {"covered_lines": 53, "num_statements": 55, "percent_covered": 96.36363636363636, "percent_covered_display": "96.36", "missing_lines": 2, "excluded_lines": 2}, "missing_lines": [76, 148], "excluded_lines": [25, 26]}}}, "packages/soar/src/aurora_soar/phases/route.py": {"executed_lines": [1, 7, 9, 10, 13, 16, 18, 21, 22, 30, 36, 37, 38, 40, 42, 57, 80, 82, 83, 85, 86, 93, 94, 95, 98, 101, 103, 108, 115, 124, 125, 126, 127, 129, 130, 133, 134, 140, 141, 142, 145, 167, 170, 171, 172, 173, 176, 180, 184, 185, 186, 187, 188, 189, 190, 193, 196, 200, 201, 205, 208, 218, 219, 220, 224, 245, 246, 247, 248, 249, 252, 253, 254, 255, 256, 257, 258, 261, 263, 266, 278, 279, 280, 283, 284, 286, 287, 288, 290, 291, 292, 293, 294, 295, 297, 298, 300, 301, 302, 305, 317, 319, 320, 321, 322, 325, 346, 348], "summary": {"covered_lines": 105, "num_statements": 106, "percent_covered": 99.05660377358491, "percent_covered_display": "99.06", "missing_lines": 1, "excluded_lines": 2}, "missing_lines": [221], "excluded_lines": [13, 14], "functions": {"RouteResult.__init__": {"executed_lines": [36, 37, 38], "summary": {"covered_lines": 3, "num_statements": 3, "percent_covered": 100.0, "percent_covered_display": "100.00", "missing_lines": 0, "excluded_lines": 0}, "missing_lines": [], "excluded_lines": []}, "RouteResult.to_dict": {"executed_lines": [42], "summary": {"covered_lines": 1, "num_statements": 1, "percent_covered": 100.0, "percent_covered_display": "100.00", "missing_lines": 0, "excluded_lines": 0}, "missing_lines": [], "excluded_lines": []}, "route_subgoals": {"executed_lines": [80, 82, 83, 85, 86, 93, 94, 95, 98, 101, 103, 108], "summary": {"covered_lines": 12, "num_statements": 12, "percent_covered": 100.0, "percent_covered_display": "100.00", "missing_lines": 0, "excluded_lines": 0}, "missing_lines": [], "excluded_lines": []}, "_validate_decomposition": {"executed_lines": [124, 125, 126, 127, 129, 130, 133, 134, 140, 141, 142], "summary": {"covered_lines": 11, "num_statements": 11, "percent_covered": 100.0, "percent_covered_display": "100.00", "missing_lines": 0, "excluded_lines": 0}, "missing_lines": [], "excluded_lines": []}, "_route_single_subgoal": {"executed_lines": [167, 170, 171, 172, 173, 176, 180, 184, 185, 186, 187, 188, 189, 190, 193, 196, 200, 201, 205], "summary": {"covered_lines": 19, "num_statements": 19, "percent_covered": 100.0, "percent_covered_display": "100.00", "missing_lines": 0, "excluded_lines": 0}, "missing_lines": [], "excluded_lines": []}, "_extract_capability_from_agent_id": {"executed_lines": [218, 219, 220], "summary": {"covered_lines": 3, "num_statements": 4, "percent_covered": 75.0, "percent_covered_display": "75.00", "missing_lines": 1, "excluded_lines": 0}, "missing_lines": [221], "excluded_lines": []}, "_validate_routing": {"executed_lines": [245, 246, 247, 248, 249, 252, 253, 254, 255, 256, 257, 258, 261, 263], "summary": {"covered_lines": 14, "num_statements": 14, "percent_covered": 100.0, "percent_covered_display": "100.00", "missing_lines": 0, "excluded_lines": 0}, "missing_lines": [], "excluded_lines": []}, "_check_circular_dependencies": {"executed_lines": [278, 279, 280, 283, 284, 286, 300, 301, 302], "summary": {"covered_lines": 9, "num_statements": 9, "percent_covered": 100.0, "percent_covered_display": "100.00", "missing_lines": 0, "excluded_lines": 0}, "missing_lines": [], "excluded_lines": []}, "_check_circular_dependencies.dfs": {"executed_lines": [287, 288, 290, 291, 292, 293, 294, 295, 297, 298], "summary": {"covered_lines": 10, "num_statements": 10, "percent_covered": 100.0, "percent_covered_display": "100.00", "missing_lines": 0, "excluded_lines": 0}, "missing_lines": [], "excluded_lines": []}, "_parse_execution_plan": {"executed_lines": [317, 319, 320, 321, 322, 325, 346, 348], "summary": {"covered_lines": 8, "num_statements": 8, "percent_covered": 100.0, "percent_covered_display": "100.00", "missing_lines": 0, "excluded_lines": 0}, "missing_lines": [], "excluded_lines": []}, "": {"executed_lines": [1, 7, 9, 10, 13, 16, 18, 21, 22, 30, 40, 57, 115, 145, 208, 224, 266, 305], "summary": {"covered_lines": 15, "num_statements": 15, "percent_covered": 100.0, "percent_covered_display": "100.00", "missing_lines": 0, "excluded_lines": 2}, "missing_lines": [], "excluded_lines": [13, 14]}}, "classes": {"RouteResult": {"executed_lines": [36, 37, 38, 42], "summary": {"covered_lines": 4, "num_statements": 4, "percent_covered": 100.0, "percent_covered_display": "100.00", "missing_lines": 0, "excluded_lines": 0}, "missing_lines": [], "excluded_lines": []}, "": {"executed_lines": [1, 7, 9, 10, 13, 16, 18, 21, 22, 30, 40, 57, 80, 82, 83, 85, 86, 93, 94, 95, 98, 101, 103, 108, 115, 124, 125, 126, 127, 129, 130, 133, 134, 140, 141, 142, 145, 167, 170, 171, 172, 173, 176, 180, 184, 185, 186, 187, 188, 189, 190, 193, 196, 200, 201, 205, 208, 218, 219, 220, 224, 245, 246, 247, 248, 249, 252, 253, 254, 255, 256, 257, 258, 261, 263, 266, 278, 279, 280, 283, 284, 286, 287, 288, 290, 291, 292, 293, 294, 295, 297, 298, 300, 301, 302, 305, 317, 319, 320, 321, 322, 325, 346, 348], "summary": {"covered_lines": 101, "num_statements": 102, "percent_covered": 99.01960784313725, "percent_covered_display": "99.02", "missing_lines": 1, "excluded_lines": 2}, "missing_lines": [221], "excluded_lines": [13, 14]}}}, "packages/soar/src/aurora_soar/phases/synthesize.py": {"executed_lines": [1, 7, 9, 10, 11, 13, 16, 21, 23, 26, 27, 37, 45, 46, 47, 48, 49, 51, 53, 61, 62, 73, 99, 101, 104, 105, 106, 118, 119, 120, 121, 122, 124, 125, 126, 133, 134, 137, 141, 142, 149, 150, 151, 153, 154, 156, 163, 175, 176, 177, 179], "summary": {"covered_lines": 48, "num_statements": 53, "percent_covered": 90.56603773584905, "percent_covered_display": "90.57", "missing_lines": 5, "excluded_lines": 3}, "missing_lines": [64, 127, 128, 130, 138], "excluded_lines": [16, 17, 19], "functions": {"SynthesisResult.__init__": {"executed_lines": [45, 46, 47, 48, 49], "summary": {"covered_lines": 5, "num_statements": 5, "percent_covered": 100.0, "percent_covered_display": "100.00", "missing_lines": 0, "excluded_lines": 0}, "missing_lines": [], "excluded_lines": []}, "SynthesisResult.to_dict": {"executed_lines": [53], "summary": {"covered_lines": 1, "num_statements": 1, "percent_covered": 100.0, "percent_covered_display": "100.00", "missing_lines": 0, "excluded_lines": 0}, "missing_lines": [], "excluded_lines": []}, "SynthesisResult.from_dict": {"executed_lines": [], "summary": {"covered_lines": 0, "num_statements": 1, "percent_covered": 0.0, "percent_covered_display": "0.00", "missing_lines": 1, "excluded_lines": 0}, "missing_lines": [64], "excluded_lines": []}, "synthesize_results": {"executed_lines": [99, 101, 104, 105, 106, 118, 119, 120, 121, 122, 124, 125, 126, 133, 134, 137, 141, 142, 149, 150, 151, 153, 154, 156, 163, 175, 176, 177, 179], "summary": {"covered_lines": 29, "num_statements": 33, "percent_covered": 87.87878787878788, "percent_covered_display": "87.88", "missing_lines": 4, "excluded_lines": 0}, "missing_lines": [127, 128, 130, 138], "excluded_lines": []}, "": {"executed_lines": [1, 7, 9, 10, 11, 13, 16, 21, 23, 26, 27, 37, 51, 61, 62, 73], "summary": {"covered_lines": 13, "num_statements": 13, "percent_covered": 100.0, "percent_covered_display": "100.00", "missing_lines": 0, "excluded_lines": 3}, "missing_lines": [], "excluded_lines": [16, 17, 19]}}, "classes": {"SynthesisResult": {"executed_lines": [45, 46, 47, 48, 49, 53], "summary": {"covered_lines": 6, "num_statements": 7, "percent_covered": 85.71428571428571, "percent_covered_display": "85.71", "missing_lines": 1, "excluded_lines": 0}, "missing_lines": [64], "excluded_lines": []}, "": {"executed_lines": [1, 7, 9, 10, 11, 13, 16, 21, 23, 26, 27, 37, 51, 61, 62, 73, 99, 101, 104, 105, 106, 118, 119, 120, 121, 122, 124, 125, 126, 133, 134, 137, 141, 142, 149, 150, 151, 153, 154, 156, 163, 175, 176, 177, 179], "summary": {"covered_lines": 42, "num_statements": 46, "percent_covered": 91.30434782608695, "percent_covered_display": "91.30", "missing_lines": 4, "excluded_lines": 3}, "missing_lines": [127, 128, 130, 138], "excluded_lines": [16, 17, 19]}}}, "packages/soar/src/aurora_soar/phases/verify.py": {"executed_lines": [1, 7, 9, 10, 12, 15, 21, 29, 30, 32, 33, 34, 37, 38, 50, 60, 61, 62, 63, 64, 65, 66, 68, 70, 78, 79, 80, 83, 104, 105, 108, 109, 112, 115, 157, 159, 160, 162, 165, 168, 173, 174, 177, 185, 188, 189, 192, 199, 202, 213, 216, 224, 227, 228, 229, 231, 233, 236, 237, 238, 239, 240, 247, 258, 260, 271, 289, 291, 293, 295, 296, 298, 299, 301, 304, 319, 322, 323, 324, 330, 336, 339], "summary": {"covered_lines": 78, "num_statements": 99, "percent_covered": 78.78787878787878, "percent_covered_display": "78.79", "missing_lines": 21, "excluded_lines": 4}, "missing_lines": [248, 253, 255, 256, 354, 355, 356, 358, 361, 375, 376, 379, 380, 390, 391, 392, 393, 394, 395, 396, 398], "excluded_lines": [15, 16, 17, 19], "functions": {"VerifyPhaseResult.__init__": {"executed_lines": [60, 61, 62, 63, 64, 65, 66], "summary": {"covered_lines": 7, "num_statements": 7, "percent_covered": 100.0, "percent_covered_display": "100.00", "missing_lines": 0, "excluded_lines": 0}, "missing_lines": [], "excluded_lines": []}, "VerifyPhaseResult.to_dict": {"executed_lines": [70, 78, 79, 80], "summary": {"covered_lines": 4, "num_statements": 4, "percent_covered": 100.0, "percent_covered_display": "100.00", "missing_lines": 0, "excluded_lines": 0}, "missing_lines": [], "excluded_lines": []}, "assess_retrieval_quality": {"executed_lines": [104, 105, 108, 109, 112], "summary": {"covered_lines": 5, "num_statements": 5, "percent_covered": 100.0, "percent_covered_display": "100.00", "missing_lines": 0, "excluded_lines": 0}, "missing_lines": [], "excluded_lines": []}, "verify_decomposition": {"executed_lines": [157, 159, 160, 162, 165, 168, 173, 174, 177, 185, 188, 189, 192, 199, 202, 213, 216, 224, 227, 228, 229, 231, 233, 236, 237, 238, 239, 240, 247, 258, 260], "summary": {"covered_lines": 31, "num_statements": 35, "percent_covered": 88.57142857142857, "percent_covered_display": "88.57", "missing_lines": 4, "excluded_lines": 0}, "missing_lines": [248, 253, 255, 256], "excluded_lines": []}, "_select_verification_option": {"executed_lines": [289, 291, 293, 295, 296, 298, 299, 301], "summary": {"covered_lines": 8, "num_statements": 8, "percent_covered": 100.0, "percent_covered_display": "100.00", "missing_lines": 0, "excluded_lines": 0}, "missing_lines": [], "excluded_lines": []}, "_generate_retry_feedback": {"executed_lines": [319, 322, 323, 324, 330, 336], "summary": {"covered_lines": 6, "num_statements": 6, "percent_covered": 100.0, "percent_covered_display": "100.00", "missing_lines": 0, "excluded_lines": 0}, "missing_lines": [], "excluded_lines": []}, "_prompt_user_for_weak_match": {"executed_lines": [], "summary": {"covered_lines": 0, "num_statements": 17, "percent_covered": 0.0, "percent_covered_display": "0.00", "missing_lines": 17, "excluded_lines": 0}, "missing_lines": [354, 355, 356, 358, 361, 375, 376, 379, 380, 390, 391, 392, 393, 394, 395, 396, 398], "excluded_lines": []}, "": {"executed_lines": [1, 7, 9, 10, 12, 15, 21, 29, 30, 32, 33, 34, 37, 38, 50, 68, 83, 115, 271, 304, 339], "summary": {"covered_lines": 17, "num_statements": 17, "percent_covered": 100.0, "percent_covered_display": "100.00", "missing_lines": 0, "excluded_lines": 4}, "missing_lines": [], "excluded_lines": [15, 16, 17, 19]}}, "classes": {"RetrievalQuality": {"executed_lines": [], "summary": {"covered_lines": 0, "num_statements": 0, "percent_covered": 100.0, "percent_covered_display": "100.00", "missing_lines": 0, "excluded_lines": 0}, "missing_lines": [], "excluded_lines": []}, "VerifyPhaseResult": {"executed_lines": [60, 61, 62, 63, 64, 65, 66, 70, 78, 79, 80], "summary": {"covered_lines": 11, "num_statements": 11, "percent_covered": 100.0, "percent_covered_display": "100.00", "missing_lines": 0, "excluded_lines": 0}, "missing_lines": [], "excluded_lines": []}, "": {"executed_lines": [1, 7, 9, 10, 12, 15, 21, 29, 30, 32, 33, 34, 37, 38, 50, 68, 83, 104, 105, 108, 109, 112, 115, 157, 159, 160, 162, 165, 168, 173, 174, 177, 185, 188, 189, 192, 199, 202, 213, 216, 224, 227, 228, 229, 231, 233, 236, 237, 238, 239, 240, 247, 258, 260, 271, 289, 291, 293, 295, 296, 298, 299, 301, 304, 319, 322, 323, 324, 330, 336, 339], "summary": {"covered_lines": 67, "num_statements": 88, "percent_covered": 76.13636363636364, "percent_covered_display": "76.14", "missing_lines": 21, "excluded_lines": 4}, "missing_lines": [248, 253, 255, 256, 354, 355, 356, 358, 361, 375, 376, 379, 380, 390, 391, 392, 393, 394, 395, 396, 398], "excluded_lines": [15, 16, 17, 19]}}}}, "totals": {"covered_lines": 11788, "num_statements": 15707, "percent_covered": 75.04934105812696, "percent_covered_display": "75.05", "missing_lines": 3919, "excluded_lines": 669}}
