{"meta": {"format": 3, "version": "7.11.0", "timestamp": "2025-12-23T05:37:43.349277", "branch_coverage": false, "show_contexts": false}, "files": {"packages/context-code/src/aurora_context_code/__init__.py": {"executed_lines": [1, 11, 14, 21], "summary": {"covered_lines": 3, "num_statements": 3, "percent_covered": 100.0, "percent_covered_display": "100.00", "missing_lines": 0, "excluded_lines": 0}, "missing_lines": [], "excluded_lines": [], "functions": {"": {"executed_lines": [1, 11, 14, 21], "summary": {"covered_lines": 3, "num_statements": 3, "percent_covered": 100.0, "percent_covered_display": "100.00", "missing_lines": 0, "excluded_lines": 0}, "missing_lines": [], "excluded_lines": []}}, "classes": {"": {"executed_lines": [1, 11, 14, 21], "summary": {"covered_lines": 3, "num_statements": 3, "percent_covered": 100.0, "percent_covered_display": "100.00", "missing_lines": 0, "excluded_lines": 0}, "missing_lines": [], "excluded_lines": []}}}, "packages/context-code/src/aurora_context_code/languages/__init__.py": {"executed_lines": [1], "summary": {"covered_lines": 0, "num_statements": 0, "percent_covered": 100.0, "percent_covered_display": "100.00", "missing_lines": 0, "excluded_lines": 0}, "missing_lines": [], "excluded_lines": [], "functions": {"": {"executed_lines": [1], "summary": {"covered_lines": 0, "num_statements": 0, "percent_covered": 100.0, "percent_covered_display": "100.00", "missing_lines": 0, "excluded_lines": 0}, "missing_lines": [], "excluded_lines": []}}, "classes": {"": {"executed_lines": [1], "summary": {"covered_lines": 0, "num_statements": 0, "percent_covered": 100.0, "percent_covered_display": "100.00", "missing_lines": 0, "excluded_lines": 0}, "missing_lines": [], "excluded_lines": []}}}, "packages/context-code/src/aurora_context_code/languages/python.py": {"executed_lines": [1, 8, 9, 10, 12, 13, 15, 16, 19, 22, 23, 37, 39, 41, 45, 46, 48, 50, 60, 62, 73, 75, 76, 77, 79, 80, 81, 83, 88, 89, 95, 97, 98, 101, 104, 107, 110, 113, 118, 119, 120, 122, 123, 130, 144, 148, 149, 151, 152, 155, 156, 158, 161, 162, 163, 164, 165, 168, 169, 172, 175, 178, 181, 195, 196, 202, 204, 218, 221, 222, 224, 225, 227, 230, 231, 232, 233, 234, 237, 238, 241, 244, 247, 250, 264, 265, 268, 269, 270, 273, 279, 281, 300, 303, 304, 306, 307, 309, 312, 315, 316, 317, 318, 319, 322, 323, 326, 329, 332, 335, 349, 350, 356, 358, 371, 373, 374, 375, 376, 377, 379, 380, 382, 392, 393, 394, 395, 396, 397, 399, 413, 415, 416, 421, 422, 424, 425, 427, 429, 430, 432, 433, 435, 441, 452, 455, 456, 457, 458, 461, 462, 463, 464, 467, 469, 471, 485, 498, 500, 502, 503, 504, 505, 507, 517, 518, 520, 521, 523, 534, 537, 539, 540, 541, 542, 544, 546, 547, 549, 550, 551, 561, 563, 593, 595, 608, 609, 610, 613], "summary": {"covered_lines": 187, "num_statements": 216, "percent_covered": 86.57407407407408, "percent_covered_display": "86.57", "missing_lines": 29, "excluded_lines": 0}, "missing_lines": [84, 85, 90, 91, 92, 125, 127, 128, 157, 198, 199, 200, 226, 275, 276, 277, 308, 352, 353, 354, 417, 437, 438, 439, 553, 554, 556, 557, 559], "excluded_lines": [], "functions": {"PythonParser.__init__": {"executed_lines": [41, 45, 46, 48], "summary": {"covered_lines": 4, "num_statements": 4, "percent_covered": 100.0, "percent_covered_display": "100.00", "missing_lines": 0, "excluded_lines": 0}, "missing_lines": [], "excluded_lines": []}, "PythonParser.can_parse": {"executed_lines": [60], "summary": {"covered_lines": 1, "num_statements": 1, "percent_covered": 100.0, "percent_covered_display": "100.00", "missing_lines": 0, "excluded_lines": 0}, "missing_lines": [], "excluded_lines": []}, "PythonParser.parse": {"executed_lines": [73, 75, 76, 77, 79, 80, 81, 83, 88, 89, 95, 97, 98, 101, 104, 107, 110, 113, 118, 119, 120, 122, 123], "summary": {"covered_lines": 23, "num_statements": 31, "percent_covered": 74.19354838709677, "percent_covered_display": "74.19", "missing_lines": 8, "excluded_lines": 0}, "missing_lines": [84, 85, 90, 91, 92, 125, 127, 128], "excluded_lines": []}, "PythonParser._extract_functions": {"executed_lines": [144, 148, 149, 151, 152, 155, 156, 158, 161, 162, 163, 164, 165, 168, 169, 172, 175, 178, 181, 195, 196, 202], "summary": {"covered_lines": 22, "num_statements": 26, "percent_covered": 84.61538461538461, "percent_covered_display": "84.62", "missing_lines": 4, "excluded_lines": 0}, "missing_lines": [157, 198, 199, 200], "excluded_lines": []}, "PythonParser._extract_classes_and_methods": {"executed_lines": [218, 221, 222, 224, 225, 227, 230, 231, 232, 233, 234, 237, 238, 241, 244, 247, 250, 264, 265, 268, 269, 270, 273, 279], "summary": {"covered_lines": 24, "num_statements": 28, "percent_covered": 85.71428571428571, "percent_covered_display": "85.71", "missing_lines": 4, "excluded_lines": 0}, "missing_lines": [226, 275, 276, 277], "excluded_lines": []}, "PythonParser._extract_methods": {"executed_lines": [300, 303, 304, 306, 307, 309, 312, 315, 316, 317, 318, 319, 322, 323, 326, 329, 332, 335, 349, 350, 356], "summary": {"covered_lines": 21, "num_statements": 25, "percent_covered": 84.0, "percent_covered_display": "84.00", "missing_lines": 4, "excluded_lines": 0}, "missing_lines": [308, 352, 353, 354], "excluded_lines": []}, "PythonParser._find_nodes_by_type": {"executed_lines": [371, 373, 379, 380], "summary": {"covered_lines": 4, "num_statements": 4, "percent_covered": 100.0, "percent_covered_display": "100.00", "missing_lines": 0, "excluded_lines": 0}, "missing_lines": [], "excluded_lines": []}, "PythonParser._find_nodes_by_type.traverse": {"executed_lines": [374, 375, 376, 377], "summary": {"covered_lines": 4, "num_statements": 4, "percent_covered": 100.0, "percent_covered_display": "100.00", "missing_lines": 0, "excluded_lines": 0}, "missing_lines": [], "excluded_lines": []}, "PythonParser._is_inside_class": {"executed_lines": [392, 393, 394, 395, 396, 397], "summary": {"covered_lines": 6, "num_statements": 6, "percent_covered": 100.0, "percent_covered_display": "100.00", "missing_lines": 0, "excluded_lines": 0}, "missing_lines": [], "excluded_lines": []}, "PythonParser._extract_docstring": {"executed_lines": [413, 415, 416, 421, 422, 424, 425, 427, 429, 430, 432, 433, 435], "summary": {"covered_lines": 13, "num_statements": 17, "percent_covered": 76.47058823529412, "percent_covered_display": "76.47", "missing_lines": 4, "excluded_lines": 0}, "missing_lines": [417, 437, 438, 439], "excluded_lines": []}, "PythonParser._clean_docstring": {"executed_lines": [452, 455, 456, 457, 458, 461, 462, 463, 464, 467, 469], "summary": {"covered_lines": 11, "num_statements": 11, "percent_covered": 100.0, "percent_covered_display": "100.00", "missing_lines": 0, "excluded_lines": 0}, "missing_lines": [], "excluded_lines": []}, "PythonParser._calculate_complexity": {"executed_lines": [485, 498, 500, 507, 517, 518, 520, 521], "summary": {"covered_lines": 8, "num_statements": 8, "percent_covered": 100.0, "percent_covered_display": "100.00", "missing_lines": 0, "excluded_lines": 0}, "missing_lines": [], "excluded_lines": []}, "PythonParser._calculate_complexity.count_branches": {"executed_lines": [502, 503, 504, 505], "summary": {"covered_lines": 4, "num_statements": 4, "percent_covered": 100.0, "percent_covered_display": "100.00", "missing_lines": 0, "excluded_lines": 0}, "missing_lines": [], "excluded_lines": []}, "PythonParser._extract_imports": {"executed_lines": [534, 537, 539, 540, 541, 542, 544, 546, 547, 549, 550, 551, 561], "summary": {"covered_lines": 13, "num_statements": 18, "percent_covered": 72.22222222222223, "percent_covered_display": "72.22", "missing_lines": 5, "excluded_lines": 0}, "missing_lines": [553, 554, 556, 557, 559], "excluded_lines": []}, "PythonParser._identify_dependencies": {"executed_lines": [593], "summary": {"covered_lines": 1, "num_statements": 1, "percent_covered": 100.0, "percent_covered_display": "100.00", "missing_lines": 0, "excluded_lines": 0}, "missing_lines": [], "excluded_lines": []}, "PythonParser._generate_chunk_id": {"executed_lines": [608, 609, 610], "summary": {"covered_lines": 3, "num_statements": 3, "percent_covered": 100.0, "percent_covered_display": "100.00", "missing_lines": 0, "excluded_lines": 0}, "missing_lines": [], "excluded_lines": []}, "": {"executed_lines": [1, 8, 9, 10, 12, 13, 15, 16, 19, 22, 23, 37, 39, 50, 62, 130, 204, 281, 358, 382, 399, 441, 471, 523, 563, 595, 613], "summary": {"covered_lines": 25, "num_statements": 25, "percent_covered": 100.0, "percent_covered_display": "100.00", "missing_lines": 0, "excluded_lines": 0}, "missing_lines": [], "excluded_lines": []}}, "classes": {"PythonParser": {"executed_lines": [41, 45, 46, 48, 60, 73, 75, 76, 77, 79, 80, 81, 83, 88, 89, 95, 97, 98, 101, 104, 107, 110, 113, 118, 119, 120, 122, 123, 144, 148, 149, 151, 152, 155, 156, 158, 161, 162, 163, 164, 165, 168, 169, 172, 175, 178, 181, 195, 196, 202, 218, 221, 222, 224, 225, 227, 230, 231, 232, 233, 234, 237, 238, 241, 244, 247, 250, 264, 265, 268, 269, 270, 273, 279, 300, 303, 304, 306, 307, 309, 312, 315, 316, 317, 318, 319, 322, 323, 326, 329, 332, 335, 349, 350, 356, 371, 373, 374, 375, 376, 377, 379, 380, 392, 393, 394, 395, 396, 397, 413, 415, 416, 421, 422, 424, 425, 427, 429, 430, 432, 433, 435, 452, 455, 456, 457, 458, 461, 462, 463, 464, 467, 469, 485, 498, 500, 502, 503, 504, 505, 507, 517, 518, 520, 521, 534, 537, 539, 540, 541, 542, 544, 546, 547, 549, 550, 551, 561, 593, 608, 609, 610], "summary": {"covered_lines": 162, "num_statements": 191, "percent_covered": 84.81675392670157, "percent_covered_display": "84.82", "missing_lines": 29, "excluded_lines": 0}, "missing_lines": [84, 85, 90, 91, 92, 125, 127, 128, 157, 198, 199, 200, 226, 275, 276, 277, 308, 352, 353, 354, 417, 437, 438, 439, 553, 554, 556, 557, 559], "excluded_lines": []}, "": {"executed_lines": [1, 8, 9, 10, 12, 13, 15, 16, 19, 22, 23, 37, 39, 50, 62, 130, 204, 281, 358, 382, 399, 441, 471, 523, 563, 595, 613], "summary": {"covered_lines": 25, "num_statements": 25, "percent_covered": 100.0, "percent_covered_display": "100.00", "missing_lines": 0, "excluded_lines": 0}, "missing_lines": [], "excluded_lines": []}}}, "packages/context-code/src/aurora_context_code/parser.py": {"executed_lines": [1, 9, 10, 12, 15, 16, 33, 40, 42, 43, 68, 69, 84, 86, 89], "summary": {"covered_lines": 7, "num_statements": 7, "percent_covered": 100.0, "percent_covered_display": "100.00", "missing_lines": 0, "excluded_lines": 43}, "missing_lines": [], "excluded_lines": [42, 43, 44, 45, 46, 47, 48, 49, 50, 51, 52, 53, 54, 55, 56, 57, 58, 59, 60, 61, 62, 63, 64, 65, 66, 68, 69, 70, 71, 72, 73, 74, 75, 76, 77, 78, 79, 80, 81, 82, 84, 85, 86], "functions": {"CodeParser.__init__": {"executed_lines": [40], "summary": {"covered_lines": 1, "num_statements": 1, "percent_covered": 100.0, "percent_covered_display": "100.00", "missing_lines": 0, "excluded_lines": 0}, "missing_lines": [], "excluded_lines": []}, "CodeParser.parse": {"executed_lines": [], "summary": {"covered_lines": 0, "num_statements": 0, "percent_covered": 100.0, "percent_covered_display": "100.00", "missing_lines": 0, "excluded_lines": 23}, "missing_lines": [], "excluded_lines": [44, 45, 46, 47, 48, 49, 50, 51, 52, 53, 54, 55, 56, 57, 58, 59, 60, 61, 62, 63, 64, 65, 66]}, "CodeParser.can_parse": {"executed_lines": [], "summary": {"covered_lines": 0, "num_statements": 0, "percent_covered": 100.0, "percent_covered_display": "100.00", "missing_lines": 0, "excluded_lines": 13}, "missing_lines": [], "excluded_lines": [70, 71, 72, 73, 74, 75, 76, 77, 78, 79, 80, 81, 82]}, "CodeParser.__repr__": {"executed_lines": [86], "summary": {"covered_lines": 0, "num_statements": 0, "percent_covered": 100.0, "percent_covered_display": "100.00", "missing_lines": 0, "excluded_lines": 2}, "missing_lines": [], "excluded_lines": [85, 86]}, "": {"executed_lines": [1, 9, 10, 12, 15, 16, 33, 42, 43, 68, 69, 84, 89], "summary": {"covered_lines": 6, "num_statements": 6, "percent_covered": 100.0, "percent_covered_display": "100.00", "missing_lines": 0, "excluded_lines": 5}, "missing_lines": [], "excluded_lines": [42, 43, 68, 69, 84]}}, "classes": {"CodeParser": {"executed_lines": [40, 86], "summary": {"covered_lines": 1, "num_statements": 1, "percent_covered": 100.0, "percent_covered_display": "100.00", "missing_lines": 0, "excluded_lines": 38}, "missing_lines": [], "excluded_lines": [44, 45, 46, 47, 48, 49, 50, 51, 52, 53, 54, 55, 56, 57, 58, 59, 60, 61, 62, 63, 64, 65, 66, 70, 71, 72, 73, 74, 75, 76, 77, 78, 79, 80, 81, 82, 85, 86]}, "": {"executed_lines": [1, 9, 10, 12, 15, 16, 33, 42, 43, 68, 69, 84, 89], "summary": {"covered_lines": 6, "num_statements": 6, "percent_covered": 100.0, "percent_covered_display": "100.00", "missing_lines": 0, "excluded_lines": 5}, "missing_lines": [], "excluded_lines": [42, 43, 68, 69, 84]}}}, "packages/context-code/src/aurora_context_code/registry.py": {"executed_lines": [1, 8, 9, 11, 14, 17, 18, 32, 34, 35, 37, 47, 48, 53, 54, 56, 66, 68, 80, 81, 82, 83, 85, 86, 88, 95, 97, 107, 108, 109, 110, 111, 113, 115, 116, 118, 120, 121, 125, 128, 138, 139, 140, 143, 145, 148, 155, 156, 157, 158, 163], "summary": {"covered_lines": 46, "num_statements": 48, "percent_covered": 95.83333333333333, "percent_covered_display": "95.83", "missing_lines": 2, "excluded_lines": 4}, "missing_lines": [159, 160], "excluded_lines": [118, 119, 120, 121], "functions": {"ParserRegistry.__init__": {"executed_lines": [34, 35], "summary": {"covered_lines": 2, "num_statements": 2, "percent_covered": 100.0, "percent_covered_display": "100.00", "missing_lines": 0, "excluded_lines": 0}, "missing_lines": [], "excluded_lines": []}, "ParserRegistry.register": {"executed_lines": [47, 48, 53, 54], "summary": {"covered_lines": 4, "num_statements": 4, "percent_covered": 100.0, "percent_covered_display": "100.00", "missing_lines": 0, "excluded_lines": 0}, "missing_lines": [], "excluded_lines": []}, "ParserRegistry.get_parser": {"executed_lines": [66], "summary": {"covered_lines": 1, "num_statements": 1, "percent_covered": 100.0, "percent_covered_display": "100.00", "missing_lines": 0, "excluded_lines": 0}, "missing_lines": [], "excluded_lines": []}, "ParserRegistry.get_parser_for_file": {"executed_lines": [80, 81, 82, 83, 85, 86], "summary": {"covered_lines": 6, "num_statements": 6, "percent_covered": 100.0, "percent_covered_display": "100.00", "missing_lines": 0, "excluded_lines": 0}, "missing_lines": [], "excluded_lines": []}, "ParserRegistry.list_languages": {"executed_lines": [95], "summary": {"covered_lines": 1, "num_statements": 1, "percent_covered": 100.0, "percent_covered_display": "100.00", "missing_lines": 0, "excluded_lines": 0}, "missing_lines": [], "excluded_lines": []}, "ParserRegistry.unregister": {"executed_lines": [107, 108, 109, 110, 111], "summary": {"covered_lines": 5, "num_statements": 5, "percent_covered": 100.0, "percent_covered_display": "100.00", "missing_lines": 0, "excluded_lines": 0}, "missing_lines": [], "excluded_lines": []}, "ParserRegistry.clear": {"executed_lines": [115, 116], "summary": {"covered_lines": 2, "num_statements": 2, "percent_covered": 100.0, "percent_covered_display": "100.00", "missing_lines": 0, "excluded_lines": 0}, "missing_lines": [], "excluded_lines": []}, "ParserRegistry.__repr__": {"executed_lines": [120, 121], "summary": {"covered_lines": 0, "num_statements": 0, "percent_covered": 100.0, "percent_covered_display": "100.00", "missing_lines": 0, "excluded_lines": 3}, "missing_lines": [], "excluded_lines": [119, 120, 121]}, "get_global_registry": {"executed_lines": [138, 139, 140, 143, 145], "summary": {"covered_lines": 5, "num_statements": 5, "percent_covered": 100.0, "percent_covered_display": "100.00", "missing_lines": 0, "excluded_lines": 0}, "missing_lines": [], "excluded_lines": []}, "_register_builtin_parsers": {"executed_lines": [155, 156, 157, 158], "summary": {"covered_lines": 4, "num_statements": 6, "percent_covered": 66.66666666666667, "percent_covered_display": "66.67", "missing_lines": 2, "excluded_lines": 0}, "missing_lines": [159, 160], "excluded_lines": []}, "": {"executed_lines": [1, 8, 9, 11, 14, 17, 18, 32, 37, 56, 68, 88, 97, 113, 118, 125, 128, 148, 163], "summary": {"covered_lines": 16, "num_statements": 16, "percent_covered": 100.0, "percent_covered_display": "100.00", "missing_lines": 0, "excluded_lines": 1}, "missing_lines": [], "excluded_lines": [118]}}, "classes": {"ParserRegistry": {"executed_lines": [34, 35, 47, 48, 53, 54, 66, 80, 81, 82, 83, 85, 86, 95, 107, 108, 109, 110, 111, 115, 116, 120, 121], "summary": {"covered_lines": 21, "num_statements": 21, "percent_covered": 100.0, "percent_covered_display": "100.00", "missing_lines": 0, "excluded_lines": 3}, "missing_lines": [], "excluded_lines": [119, 120, 121]}, "": {"executed_lines": [1, 8, 9, 11, 14, 17, 18, 32, 37, 56, 68, 88, 97, 113, 118, 125, 128, 138, 139, 140, 143, 145, 148, 155, 156, 157, 158, 163], "summary": {"covered_lines": 25, "num_statements": 27, "percent_covered": 92.5925925925926, "percent_covered_display": "92.59", "missing_lines": 2, "excluded_lines": 1}, "missing_lines": [159, 160], "excluded_lines": [118]}}}, "packages/context-code/src/aurora_context_code/semantic/__init__.py": {"executed_lines": [1, 39, 43, 48], "summary": {"covered_lines": 3, "num_statements": 3, "percent_covered": 100.0, "percent_covered_display": "100.00", "missing_lines": 0, "excluded_lines": 0}, "missing_lines": [], "excluded_lines": [], "functions": {"": {"executed_lines": [1, 39, 43, 48], "summary": {"covered_lines": 3, "num_statements": 3, "percent_covered": 100.0, "percent_covered_display": "100.00", "missing_lines": 0, "excluded_lines": 0}, "missing_lines": [], "excluded_lines": []}}, "classes": {"": {"executed_lines": [1, 39, 43, 48], "summary": {"covered_lines": 3, "num_statements": 3, "percent_covered": 100.0, "percent_covered_display": "100.00", "missing_lines": 0, "excluded_lines": 0}, "missing_lines": [], "excluded_lines": []}}}, "packages/context-code/src/aurora_context_code/semantic/embedding_provider.py": {"executed_lines": [1, 13, 14, 15, 16, 17, 20, 46, 52, 56, 57, 60, 68, 71, 74, 75, 95, 106, 109, 110, 115, 118, 120, 141, 145, 146, 151, 152, 160, 168, 171, 173, 191, 195, 196, 200, 201, 209, 217, 220, 222, 239], "summary": {"covered_lines": 40, "num_statements": 52, "percent_covered": 76.92307692307692, "percent_covered_display": "76.92", "missing_lines": 12, "excluded_lines": 0}, "missing_lines": [47, 53, 61, 112, 142, 147, 153, 169, 192, 197, 202, 218], "excluded_lines": [], "functions": {"cosine_similarity": {"executed_lines": [46, 52, 56, 57, 60, 68, 71], "summary": {"covered_lines": 7, "num_statements": 10, "percent_covered": 70.0, "percent_covered_display": "70.00", "missing_lines": 3, "excluded_lines": 0}, "missing_lines": [47, 53, 61], "excluded_lines": []}, "EmbeddingProvider.__init__": {"executed_lines": [106, 109, 110, 115, 118], "summary": {"covered_lines": 5, "num_statements": 6, "percent_covered": 83.33333333333333, "percent_covered_display": "83.33", "missing_lines": 1, "excluded_lines": 0}, "missing_lines": [112], "excluded_lines": []}, "EmbeddingProvider.embed_chunk": {"executed_lines": [141, 145, 146, 151, 152, 160, 168, 171], "summary": {"covered_lines": 8, "num_statements": 12, "percent_covered": 66.66666666666667, "percent_covered_display": "66.67", "missing_lines": 4, "excluded_lines": 0}, "missing_lines": [142, 147, 153, 169], "excluded_lines": []}, "EmbeddingProvider.embed_query": {"executed_lines": [191, 195, 196, 200, 201, 209, 217, 220], "summary": {"covered_lines": 8, "num_statements": 12, "percent_covered": 66.66666666666667, "percent_covered_display": "66.67", "missing_lines": 4, "excluded_lines": 0}, "missing_lines": [192, 197, 202, 218], "excluded_lines": []}, "EmbeddingProvider.embed_batch": {"executed_lines": [239], "summary": {"covered_lines": 1, "num_statements": 1, "percent_covered": 100.0, "percent_covered_display": "100.00", "missing_lines": 0, "excluded_lines": 0}, "missing_lines": [], "excluded_lines": []}, "": {"executed_lines": [1, 13, 14, 15, 16, 17, 20, 74, 75, 95, 120, 173, 222], "summary": {"covered_lines": 11, "num_statements": 11, "percent_covered": 100.0, "percent_covered_display": "100.00", "missing_lines": 0, "excluded_lines": 0}, "missing_lines": [], "excluded_lines": []}}, "classes": {"EmbeddingProvider": {"executed_lines": [106, 109, 110, 115, 118, 141, 145, 146, 151, 152, 160, 168, 171, 191, 195, 196, 200, 201, 209, 217, 220, 239], "summary": {"covered_lines": 22, "num_statements": 31, "percent_covered": 70.96774193548387, "percent_covered_display": "70.97", "missing_lines": 9, "excluded_lines": 0}, "missing_lines": [112, 142, 147, 153, 169, 192, 197, 202, 218], "excluded_lines": []}, "": {"executed_lines": [1, 13, 14, 15, 16, 17, 20, 46, 52, 56, 57, 60, 68, 71, 74, 75, 95, 120, 173, 222], "summary": {"covered_lines": 18, "num_statements": 21, "percent_covered": 85.71428571428571, "percent_covered_display": "85.71", "missing_lines": 3, "excluded_lines": 0}, "missing_lines": [47, 53, 61], "excluded_lines": []}}}, "packages/context-code/src/aurora_context_code/semantic/hybrid_retriever.py": {"executed_lines": [1, 12, 13, 14, 17, 18, 19, 31, 32, 33, 34, 36, 38, 40, 42, 44, 48, 49, 76, 97, 98, 99, 102, 103, 104, 105, 107, 109, 140, 141, 142, 143, 147, 153, 154, 157, 158, 159, 161, 162, 165, 168, 169, 170, 172, 174, 175, 178, 179, 180, 185, 188, 190, 193, 194, 196, 198, 201, 210, 211, 214, 217, 222, 223, 224, 225, 226, 229, 234, 250, 251, 253, 265, 266, 267, 268, 282, 284, 293, 296, 297, 299, 301, 303, 305, 318, 321, 322, 323, 324, 327], "summary": {"covered_lines": 88, "num_statements": 94, "percent_covered": 93.61702127659575, "percent_covered_display": "93.62", "missing_lines": 6, "excluded_lines": 0}, "missing_lines": [39, 41, 43, 45, 186, 294], "excluded_lines": [], "functions": {"HybridConfig.__post_init__": {"executed_lines": [38, 40, 42, 44], "summary": {"covered_lines": 4, "num_statements": 8, "percent_covered": 50.0, "percent_covered_display": "50.00", "missing_lines": 4, "excluded_lines": 0}, "missing_lines": [39, 41, 43, 45], "excluded_lines": []}, "HybridRetriever.__init__": {"executed_lines": [97, 98, 99, 102, 103, 104, 105, 107], "summary": {"covered_lines": 8, "num_statements": 8, "percent_covered": 100.0, "percent_covered_display": "100.00", "missing_lines": 0, "excluded_lines": 0}, "missing_lines": [], "excluded_lines": []}, "HybridRetriever.retrieve": {"executed_lines": [140, 141, 142, 143, 147, 153, 154, 157, 158, 159, 161, 162, 165, 168, 169, 170, 172, 174, 175, 178, 179, 180, 185, 188, 190, 193, 194, 196, 198, 201, 210, 211, 214, 217, 222, 223, 224, 225, 226, 229, 234, 250, 251], "summary": {"covered_lines": 43, "num_statements": 44, "percent_covered": 97.72727272727273, "percent_covered_display": "97.73", "missing_lines": 1, "excluded_lines": 0}, "missing_lines": [186], "excluded_lines": []}, "HybridRetriever._fallback_to_activation_only": {"executed_lines": [265, 266, 267, 268, 282], "summary": {"covered_lines": 5, "num_statements": 5, "percent_covered": 100.0, "percent_covered_display": "100.00", "missing_lines": 0, "excluded_lines": 0}, "missing_lines": [], "excluded_lines": []}, "HybridRetriever._normalize_scores": {"executed_lines": [293, 296, 297, 299, 301, 303], "summary": {"covered_lines": 6, "num_statements": 7, "percent_covered": 85.71428571428571, "percent_covered_display": "85.71", "missing_lines": 1, "excluded_lines": 0}, "missing_lines": [294], "excluded_lines": []}, "HybridRetriever._load_from_aurora_config": {"executed_lines": [318, 321, 322, 323, 324, 327], "summary": {"covered_lines": 6, "num_statements": 6, "percent_covered": 100.0, "percent_covered_display": "100.00", "missing_lines": 0, "excluded_lines": 0}, "missing_lines": [], "excluded_lines": []}, "": {"executed_lines": [1, 12, 13, 14, 17, 18, 19, 31, 32, 33, 34, 36, 48, 49, 76, 109, 253, 284, 305], "summary": {"covered_lines": 16, "num_statements": 16, "percent_covered": 100.0, "percent_covered_display": "100.00", "missing_lines": 0, "excluded_lines": 0}, "missing_lines": [], "excluded_lines": []}}, "classes": {"HybridConfig": {"executed_lines": [38, 40, 42, 44], "summary": {"covered_lines": 4, "num_statements": 8, "percent_covered": 50.0, "percent_covered_display": "50.00", "missing_lines": 4, "excluded_lines": 0}, "missing_lines": [39, 41, 43, 45], "excluded_lines": []}, "HybridRetriever": {"executed_lines": [97, 98, 99, 102, 103, 104, 105, 107, 140, 141, 142, 143, 147, 153, 154, 157, 158, 159, 161, 162, 165, 168, 169, 170, 172, 174, 175, 178, 179, 180, 185, 188, 190, 193, 194, 196, 198, 201, 210, 211, 214, 217, 222, 223, 224, 225, 226, 229, 234, 250, 251, 265, 266, 267, 268, 282, 293, 296, 297, 299, 301, 303, 318, 321, 322, 323, 324, 327], "summary": {"covered_lines": 68, "num_statements": 70, "percent_covered": 97.14285714285714, "percent_covered_display": "97.14", "missing_lines": 2, "excluded_lines": 0}, "missing_lines": [186, 294], "excluded_lines": []}, "": {"executed_lines": [1, 12, 13, 14, 17, 18, 19, 31, 32, 33, 34, 36, 48, 49, 76, 109, 253, 284, 305], "summary": {"covered_lines": 16, "num_statements": 16, "percent_covered": 100.0, "percent_covered_display": "100.00", "missing_lines": 0, "excluded_lines": 0}, "missing_lines": [], "excluded_lines": []}}}, "packages/core/src/aurora_core/__init__.py": {"executed_lines": [1, 11], "summary": {"covered_lines": 1, "num_statements": 1, "percent_covered": 100.0, "percent_covered_display": "100.00", "missing_lines": 0, "excluded_lines": 0}, "missing_lines": [], "excluded_lines": [], "functions": {"": {"executed_lines": [1, 11], "summary": {"covered_lines": 1, "num_statements": 1, "percent_covered": 100.0, "percent_covered_display": "100.00", "missing_lines": 0, "excluded_lines": 0}, "missing_lines": [], "excluded_lines": []}}, "classes": {"": {"executed_lines": [1, 11], "summary": {"covered_lines": 1, "num_statements": 1, "percent_covered": 100.0, "percent_covered_display": "100.00", "missing_lines": 0, "excluded_lines": 0}, "missing_lines": [], "excluded_lines": []}}}, "packages/core/src/aurora_core/activation/__init__.py": {"executed_lines": [1, 46, 47, 50, 98, 105, 113, 120, 127, 136, 147], "summary": {"covered_lines": 10, "num_statements": 10, "percent_covered": 100.0, "percent_covered_display": "100.00", "missing_lines": 0, "excluded_lines": 0}, "missing_lines": [], "excluded_lines": [], "functions": {"": {"executed_lines": [1, 46, 47, 50, 98, 105, 113, 120, 127, 136, 147], "summary": {"covered_lines": 10, "num_statements": 10, "percent_covered": 100.0, "percent_covered_display": "100.00", "missing_lines": 0, "excluded_lines": 0}, "missing_lines": [], "excluded_lines": []}}, "classes": {"": {"executed_lines": [1, 46, 47, 50, 98, 105, 113, 120, 127, 136, 147], "summary": {"covered_lines": 10, "num_statements": 10, "percent_covered": 100.0, "percent_covered_display": "100.00", "missing_lines": 0, "excluded_lines": 0}, "missing_lines": [], "excluded_lines": []}}}, "packages/core/src/aurora_core/activation/base_level.py": {"executed_lines": [1, 25, 26, 27, 29, 32, 33, 39, 42, 47, 48, 49, 51, 52, 53, 56, 57, 64, 70, 74, 80, 81, 98, 104, 106, 125, 126, 128, 130, 134, 135, 137, 139, 142, 143, 146, 149, 150, 155, 157, 171, 172, 174, 195, 196, 198, 200, 203, 205, 206, 210, 212, 215, 218, 220, 221, 223, 224, 225, 227, 230, 245, 246, 247], "summary": {"covered_lines": 60, "num_statements": 66, "percent_covered": 90.9090909090909, "percent_covered_display": "90.91", "missing_lines": 6, "excluded_lines": 0}, "missing_lines": [129, 131, 152, 199, 201, 213], "excluded_lines": [], "functions": {"AccessHistoryEntry.validate_timestamp": {"executed_lines": [51, 52, 53], "summary": {"covered_lines": 3, "num_statements": 3, "percent_covered": 100.0, "percent_covered_display": "100.00", "missing_lines": 0, "excluded_lines": 0}, "missing_lines": [], "excluded_lines": []}, "BaseLevelActivation.__init__": {"executed_lines": [104], "summary": {"covered_lines": 1, "num_statements": 1, "percent_covered": 100.0, "percent_covered_display": "100.00", "missing_lines": 0, "excluded_lines": 0}, "missing_lines": [], "excluded_lines": []}, "BaseLevelActivation.calculate": {"executed_lines": [125, 126, 128, 130, 134, 135, 137, 139, 142, 143, 146, 149, 150, 155], "summary": {"covered_lines": 14, "num_statements": 17, "percent_covered": 82.3529411764706, "percent_covered_display": "82.35", "missing_lines": 3, "excluded_lines": 0}, "missing_lines": [129, 131, 152], "excluded_lines": []}, "BaseLevelActivation.calculate_from_timestamps": {"executed_lines": [171, 172], "summary": {"covered_lines": 2, "num_statements": 2, "percent_covered": 100.0, "percent_covered_display": "100.00", "missing_lines": 0, "excluded_lines": 0}, "missing_lines": [], "excluded_lines": []}, "BaseLevelActivation.calculate_from_access_counts": {"executed_lines": [195, 196, 198, 200, 203, 205, 206, 210, 212, 215, 218, 220, 221, 223, 224, 225, 227], "summary": {"covered_lines": 17, "num_statements": 20, "percent_covered": 85.0, "percent_covered_display": "85.00", "missing_lines": 3, "excluded_lines": 0}, "missing_lines": [199, 201, 213], "excluded_lines": []}, "calculate_bla": {"executed_lines": [245, 246, 247], "summary": {"covered_lines": 3, "num_statements": 3, "percent_covered": 100.0, "percent_covered_display": "100.00", "missing_lines": 0, "excluded_lines": 0}, "missing_lines": [], "excluded_lines": []}, "": {"executed_lines": [1, 25, 26, 27, 29, 32, 33, 39, 42, 47, 48, 49, 56, 57, 64, 70, 74, 80, 81, 98, 106, 157, 174, 230], "summary": {"covered_lines": 20, "num_statements": 20, "percent_covered": 100.0, "percent_covered_display": "100.00", "missing_lines": 0, "excluded_lines": 0}, "missing_lines": [], "excluded_lines": []}}, "classes": {"AccessHistoryEntry": {"executed_lines": [51, 52, 53], "summary": {"covered_lines": 3, "num_statements": 3, "percent_covered": 100.0, "percent_covered_display": "100.00", "missing_lines": 0, "excluded_lines": 0}, "missing_lines": [], "excluded_lines": []}, "BLAConfig": {"executed_lines": [], "summary": {"covered_lines": 0, "num_statements": 0, "percent_covered": 100.0, "percent_covered_display": "100.00", "missing_lines": 0, "excluded_lines": 0}, "missing_lines": [], "excluded_lines": []}, "BaseLevelActivation": {"executed_lines": [104, 125, 126, 128, 130, 134, 135, 137, 139, 142, 143, 146, 149, 150, 155, 171, 172, 195, 196, 198, 200, 203, 205, 206, 210, 212, 215, 218, 220, 221, 223, 224, 225, 227], "summary": {"covered_lines": 34, "num_statements": 40, "percent_covered": 85.0, "percent_covered_display": "85.00", "missing_lines": 6, "excluded_lines": 0}, "missing_lines": [129, 131, 152, 199, 201, 213], "excluded_lines": []}, "": {"executed_lines": [1, 25, 26, 27, 29, 32, 33, 39, 42, 47, 48, 49, 56, 57, 64, 70, 74, 80, 81, 98, 106, 157, 174, 230, 245, 246, 247], "summary": {"covered_lines": 23, "num_statements": 23, "percent_covered": 100.0, "percent_covered_display": "100.00", "missing_lines": 0, "excluded_lines": 0}, "missing_lines": [], "excluded_lines": []}}}, "packages/core/src/aurora_core/activation/context_boost.py": {"executed_lines": [1, 23, 24, 26, 29, 30, 38, 44, 49, 53, 59, 60, 74, 85, 98, 104, 106, 121, 122, 125, 126, 129, 132, 133, 135, 137, 138, 141, 142, 143, 144, 146, 148, 150, 159, 160, 161, 162, 165, 166, 181, 187, 188, 190, 209, 210, 213, 214, 217, 219, 235, 236, 237, 239, 268, 270, 271, 274, 275, 279, 283, 289, 290, 293, 294, 295, 296, 299, 300, 301, 302, 305, 306, 307, 308, 311, 312, 313, 314, 317, 318, 319, 323, 337, 339, 358, 359, 360, 362, 367, 369, 378, 393, 394, 395, 398], "summary": {"covered_lines": 92, "num_statements": 93, "percent_covered": 98.9247311827957, "percent_covered_display": "98.92", "missing_lines": 1, "excluded_lines": 0}, "missing_lines": [321], "excluded_lines": [], "functions": {"KeywordExtractor.__init__": {"executed_lines": [104], "summary": {"covered_lines": 1, "num_statements": 1, "percent_covered": 100.0, "percent_covered_display": "100.00", "missing_lines": 0, "excluded_lines": 0}, "missing_lines": [], "excluded_lines": []}, "KeywordExtractor.extract": {"executed_lines": [121, 122, 125, 126, 129, 132, 133, 135, 137, 138, 141, 142, 143, 144, 146, 148], "summary": {"covered_lines": 16, "num_statements": 16, "percent_covered": 100.0, "percent_covered_display": "100.00", "missing_lines": 0, "excluded_lines": 0}, "missing_lines": [], "excluded_lines": []}, "KeywordExtractor.extract_from_chunks": {"executed_lines": [159, 160, 161, 162], "summary": {"covered_lines": 4, "num_statements": 4, "percent_covered": 100.0, "percent_covered_display": "100.00", "missing_lines": 0, "excluded_lines": 0}, "missing_lines": [], "excluded_lines": []}, "ContextBoost.__init__": {"executed_lines": [187, 188], "summary": {"covered_lines": 2, "num_statements": 2, "percent_covered": 100.0, "percent_covered_display": "100.00", "missing_lines": 0, "excluded_lines": 0}, "missing_lines": [], "excluded_lines": []}, "ContextBoost.calculate": {"executed_lines": [209, 210, 213, 214, 217], "summary": {"covered_lines": 5, "num_statements": 5, "percent_covered": 100.0, "percent_covered_display": "100.00", "missing_lines": 0, "excluded_lines": 0}, "missing_lines": [], "excluded_lines": []}, "ContextBoost.calculate_from_text": {"executed_lines": [235, 236, 237], "summary": {"covered_lines": 3, "num_statements": 3, "percent_covered": 100.0, "percent_covered_display": "100.00", "missing_lines": 0, "excluded_lines": 0}, "missing_lines": [], "excluded_lines": []}, "ContextBoost.calculate_from_chunk_fields": {"executed_lines": [268, 270, 271, 274, 275, 279, 283, 289, 290, 293, 294, 295, 296, 299, 300, 301, 302, 305, 306, 307, 308, 311, 312, 313, 314, 317, 318, 319], "summary": {"covered_lines": 28, "num_statements": 29, "percent_covered": 96.55172413793103, "percent_covered_display": "96.55", "missing_lines": 1, "excluded_lines": 0}, "missing_lines": [321], "excluded_lines": []}, "ContextBoost.get_matching_keywords": {"executed_lines": [337], "summary": {"covered_lines": 1, "num_statements": 1, "percent_covered": 100.0, "percent_covered_display": "100.00", "missing_lines": 0, "excluded_lines": 0}, "missing_lines": [], "excluded_lines": []}, "ContextBoost.explain_boost": {"executed_lines": [358, 359, 360, 362, 367, 369], "summary": {"covered_lines": 6, "num_statements": 6, "percent_covered": 100.0, "percent_covered_display": "100.00", "missing_lines": 0, "excluded_lines": 0}, "missing_lines": [], "excluded_lines": []}, "calculate_context_boost": {"executed_lines": [393, 394, 395], "summary": {"covered_lines": 3, "num_statements": 3, "percent_covered": 100.0, "percent_covered_display": "100.00", "missing_lines": 0, "excluded_lines": 0}, "missing_lines": [], "excluded_lines": []}, "": {"executed_lines": [1, 23, 24, 26, 29, 30, 38, 44, 49, 53, 59, 60, 74, 85, 98, 106, 150, 165, 166, 181, 190, 219, 239, 323, 339, 378, 398], "summary": {"covered_lines": 23, "num_statements": 23, "percent_covered": 100.0, "percent_covered_display": "100.00", "missing_lines": 0, "excluded_lines": 0}, "missing_lines": [], "excluded_lines": []}}, "classes": {"ContextBoostConfig": {"executed_lines": [], "summary": {"covered_lines": 0, "num_statements": 0, "percent_covered": 100.0, "percent_covered_display": "100.00", "missing_lines": 0, "excluded_lines": 0}, "missing_lines": [], "excluded_lines": []}, "KeywordExtractor": {"executed_lines": [104, 121, 122, 125, 126, 129, 132, 133, 135, 137, 138, 141, 142, 143, 144, 146, 148, 159, 160, 161, 162], "summary": {"covered_lines": 21, "num_statements": 21, "percent_covered": 100.0, "percent_covered_display": "100.00", "missing_lines": 0, "excluded_lines": 0}, "missing_lines": [], "excluded_lines": []}, "ContextBoost": {"executed_lines": [187, 188, 209, 210, 213, 214, 217, 235, 236, 237, 268, 270, 271, 274, 275, 279, 283, 289, 290, 293, 294, 295, 296, 299, 300, 301, 302, 305, 306, 307, 308, 311, 312, 313, 314, 317, 318, 319, 337, 358, 359, 360, 362, 367, 369], "summary": {"covered_lines": 45, "num_statements": 46, "percent_covered": 97.82608695652173, "percent_covered_display": "97.83", "missing_lines": 1, "excluded_lines": 0}, "missing_lines": [321], "excluded_lines": []}, "": {"executed_lines": [1, 23, 24, 26, 29, 30, 38, 44, 49, 53, 59, 60, 74, 85, 98, 106, 150, 165, 166, 181, 190, 219, 239, 323, 339, 378, 393, 394, 395, 398], "summary": {"covered_lines": 26, "num_statements": 26, "percent_covered": 100.0, "percent_covered_display": "100.00", "missing_lines": 0, "excluded_lines": 0}, "missing_lines": [], "excluded_lines": []}}}, "packages/core/src/aurora_core/activation/decay.py": {"executed_lines": [1, 27, 28, 29, 31, 34, 35, 43, 49, 54, 59, 65, 66, 67, 69, 71, 73, 74, 75, 77, 79, 82, 83, 106, 112, 114, 133, 134, 135, 136, 139, 140, 143, 144, 147, 148, 151, 154, 155, 160, 163, 165, 180, 181, 183, 186, 187, 190, 193, 195, 210, 212, 232, 233, 235, 236, 237, 238, 239, 241, 243, 263, 265, 268, 271, 272, 273, 275, 276, 278, 280, 293, 310, 311, 312, 316, 322, 328, 335], "summary": {"covered_lines": 76, "num_statements": 81, "percent_covered": 93.82716049382717, "percent_covered_display": "93.83", "missing_lines": 5, "excluded_lines": 0}, "missing_lines": [70, 78, 264, 266, 269], "excluded_lines": [], "functions": {"DecayConfig.validate_decay_factor": {"executed_lines": [69, 71], "summary": {"covered_lines": 2, "num_statements": 3, "percent_covered": 66.66666666666667, "percent_covered_display": "66.67", "missing_lines": 1, "excluded_lines": 0}, "missing_lines": [70], "excluded_lines": []}, "DecayConfig.validate_min_penalty": {"executed_lines": [77, 79], "summary": {"covered_lines": 2, "num_statements": 3, "percent_covered": 66.66666666666667, "percent_covered_display": "66.67", "missing_lines": 1, "excluded_lines": 0}, "missing_lines": [78], "excluded_lines": []}, "DecayCalculator.__init__": {"executed_lines": [112], "summary": {"covered_lines": 1, "num_statements": 1, "percent_covered": 100.0, "percent_covered_display": "100.00", "missing_lines": 0, "excluded_lines": 0}, "missing_lines": [], "excluded_lines": []}, "DecayCalculator.calculate": {"executed_lines": [133, 134, 135, 136, 139, 140, 143, 144, 147, 148, 151, 154, 155, 160, 163], "summary": {"covered_lines": 15, "num_statements": 15, "percent_covered": 100.0, "percent_covered_display": "100.00", "missing_lines": 0, "excluded_lines": 0}, "missing_lines": [], "excluded_lines": []}, "DecayCalculator.calculate_from_hours": {"executed_lines": [180, 181, 183, 186, 187, 190, 193], "summary": {"covered_lines": 7, "num_statements": 7, "percent_covered": 100.0, "percent_covered_display": "100.00", "missing_lines": 0, "excluded_lines": 0}, "missing_lines": [], "excluded_lines": []}, "DecayCalculator.calculate_from_days": {"executed_lines": [210], "summary": {"covered_lines": 1, "num_statements": 1, "percent_covered": 100.0, "percent_covered_display": "100.00", "missing_lines": 0, "excluded_lines": 0}, "missing_lines": [], "excluded_lines": []}, "DecayCalculator.get_decay_curve": {"executed_lines": [232, 233, 235, 236, 237, 238, 239, 241], "summary": {"covered_lines": 8, "num_statements": 8, "percent_covered": 100.0, "percent_covered_display": "100.00", "missing_lines": 0, "excluded_lines": 0}, "missing_lines": [], "excluded_lines": []}, "DecayCalculator.explain_decay": {"executed_lines": [263, 265, 268, 271, 272, 273, 275, 276, 278, 280], "summary": {"covered_lines": 10, "num_statements": 13, "percent_covered": 76.92307692307692, "percent_covered_display": "76.92", "missing_lines": 3, "excluded_lines": 0}, "missing_lines": [264, 266, 269], "excluded_lines": []}, "calculate_decay": {"executed_lines": [310, 311, 312], "summary": {"covered_lines": 3, "num_statements": 3, "percent_covered": 100.0, "percent_covered_display": "100.00", "missing_lines": 0, "excluded_lines": 0}, "missing_lines": [], "excluded_lines": []}, "": {"executed_lines": [1, 27, 28, 29, 31, 34, 35, 43, 49, 54, 59, 65, 66, 67, 73, 74, 75, 82, 83, 106, 114, 165, 195, 212, 243, 293, 316, 322, 328, 335], "summary": {"covered_lines": 27, "num_statements": 27, "percent_covered": 100.0, "percent_covered_display": "100.00", "missing_lines": 0, "excluded_lines": 0}, "missing_lines": [], "excluded_lines": []}}, "classes": {"DecayConfig": {"executed_lines": [69, 71, 77, 79], "summary": {"covered_lines": 4, "num_statements": 6, "percent_covered": 66.66666666666667, "percent_covered_display": "66.67", "missing_lines": 2, "excluded_lines": 0}, "missing_lines": [70, 78], "excluded_lines": []}, "DecayCalculator": {"executed_lines": [112, 133, 134, 135, 136, 139, 140, 143, 144, 147, 148, 151, 154, 155, 160, 163, 180, 181, 183, 186, 187, 190, 193, 210, 232, 233, 235, 236, 237, 238, 239, 241, 263, 265, 268, 271, 272, 273, 275, 276, 278, 280], "summary": {"covered_lines": 42, "num_statements": 45, "percent_covered": 93.33333333333333, "percent_covered_display": "93.33", "missing_lines": 3, "excluded_lines": 0}, "missing_lines": [264, 266, 269], "excluded_lines": []}, "": {"executed_lines": [1, 27, 28, 29, 31, 34, 35, 43, 49, 54, 59, 65, 66, 67, 73, 74, 75, 82, 83, 106, 114, 165, 195, 212, 243, 293, 310, 311, 312, 316, 322, 328, 335], "summary": {"covered_lines": 30, "num_statements": 30, "percent_covered": 100.0, "percent_covered_display": "100.00", "missing_lines": 0, "excluded_lines": 0}, "missing_lines": [], "excluded_lines": []}}}, "packages/core/src/aurora_core/activation/engine.py": {"executed_lines": [1, 24, 25, 27, 29, 34, 39, 43, 49, 50, 65, 66, 67, 68, 70, 74, 78, 82, 88, 89, 101, 102, 103, 104, 105, 107, 108, 111, 112, 137, 143, 146, 147, 148, 149, 151, 178, 180, 181, 184, 185, 191, 192, 195, 196, 202, 203, 209, 216, 218, 232, 234, 250, 256, 270, 272, 286, 288, 318, 327, 333, 334, 335, 340, 341, 342, 347, 348, 349, 350, 358, 359, 360, 363, 365, 367, 382, 383, 384, 386, 387, 388, 390, 391, 392, 394, 395, 396, 400, 403, 411, 419, 428, 436], "summary": {"covered_lines": 90, "num_statements": 90, "percent_covered": 100.0, "percent_covered_display": "100.00", "missing_lines": 0, "excluded_lines": 0}, "missing_lines": [], "excluded_lines": [], "functions": {"ActivationEngine.__init__": {"executed_lines": [143, 146, 147, 148, 149], "summary": {"covered_lines": 5, "num_statements": 5, "percent_covered": 100.0, "percent_covered_display": "100.00", "missing_lines": 0, "excluded_lines": 0}, "missing_lines": [], "excluded_lines": []}, "ActivationEngine.calculate_total": {"executed_lines": [178, 180, 181, 184, 185, 191, 192, 195, 196, 202, 203, 209, 216], "summary": {"covered_lines": 13, "num_statements": 13, "percent_covered": 100.0, "percent_covered_display": "100.00", "missing_lines": 0, "excluded_lines": 0}, "missing_lines": [], "excluded_lines": []}, "ActivationEngine.calculate_bla_only": {"executed_lines": [232], "summary": {"covered_lines": 1, "num_statements": 1, "percent_covered": 100.0, "percent_covered_display": "100.00", "missing_lines": 0, "excluded_lines": 0}, "missing_lines": [], "excluded_lines": []}, "ActivationEngine.calculate_spreading_only": {"executed_lines": [250], "summary": {"covered_lines": 1, "num_statements": 1, "percent_covered": 100.0, "percent_covered_display": "100.00", "missing_lines": 0, "excluded_lines": 0}, "missing_lines": [], "excluded_lines": []}, "ActivationEngine.calculate_context_only": {"executed_lines": [270], "summary": {"covered_lines": 1, "num_statements": 1, "percent_covered": 100.0, "percent_covered_display": "100.00", "missing_lines": 0, "excluded_lines": 0}, "missing_lines": [], "excluded_lines": []}, "ActivationEngine.calculate_decay_only": {"executed_lines": [286], "summary": {"covered_lines": 1, "num_statements": 1, "percent_covered": 100.0, "percent_covered_display": "100.00", "missing_lines": 0, "excluded_lines": 0}, "missing_lines": [], "excluded_lines": []}, "ActivationEngine.explain_activation": {"executed_lines": [318, 327, 333, 334, 335, 340, 341, 342, 347, 348, 349, 350, 358, 359, 360, 363, 365], "summary": {"covered_lines": 17, "num_statements": 17, "percent_covered": 100.0, "percent_covered_display": "100.00", "missing_lines": 0, "excluded_lines": 0}, "missing_lines": [], "excluded_lines": []}, "ActivationEngine.update_config": {"executed_lines": [382, 383, 384, 386, 387, 388, 390, 391, 392, 394, 395, 396], "summary": {"covered_lines": 12, "num_statements": 12, "percent_covered": 100.0, "percent_covered_display": "100.00", "missing_lines": 0, "excluded_lines": 0}, "missing_lines": [], "excluded_lines": []}, "": {"executed_lines": [1, 24, 25, 27, 29, 34, 39, 43, 49, 50, 65, 66, 67, 68, 70, 74, 78, 82, 88, 89, 101, 102, 103, 104, 105, 107, 108, 111, 112, 137, 151, 218, 234, 256, 272, 288, 367, 400, 403, 411, 419, 428, 436], "summary": {"covered_lines": 39, "num_statements": 39, "percent_covered": 100.0, "percent_covered_display": "100.00", "missing_lines": 0, "excluded_lines": 0}, "missing_lines": [], "excluded_lines": []}}, "classes": {"ActivationConfig": {"executed_lines": [], "summary": {"covered_lines": 0, "num_statements": 0, "percent_covered": 100.0, "percent_covered_display": "100.00", "missing_lines": 0, "excluded_lines": 0}, "missing_lines": [], "excluded_lines": []}, "ActivationComponents": {"executed_lines": [], "summary": {"covered_lines": 0, "num_statements": 0, "percent_covered": 100.0, "percent_covered_display": "100.00", "missing_lines": 0, "excluded_lines": 0}, "missing_lines": [], "excluded_lines": []}, "ActivationComponents.Config": {"executed_lines": [], "summary": {"covered_lines": 0, "num_statements": 0, "percent_covered": 100.0, "percent_covered_display": "100.00", "missing_lines": 0, "excluded_lines": 0}, "missing_lines": [], "excluded_lines": []}, "ActivationEngine": {"executed_lines": [143, 146, 147, 148, 149, 178, 180, 181, 184, 185, 191, 192, 195, 196, 202, 203, 209, 216, 232, 250, 270, 286, 318, 327, 333, 334, 335, 340, 341, 342, 347, 348, 349, 350, 358, 359, 360, 363, 365, 382, 383, 384, 386, 387, 388, 390, 391, 392, 394, 395, 396], "summary": {"covered_lines": 51, "num_statements": 51, "percent_covered": 100.0, "percent_covered_display": "100.00", "missing_lines": 0, "excluded_lines": 0}, "missing_lines": [], "excluded_lines": []}, "": {"executed_lines": [1, 24, 25, 27, 29, 34, 39, 43, 49, 50, 65, 66, 67, 68, 70, 74, 78, 82, 88, 89, 101, 102, 103, 104, 105, 107, 108, 111, 112, 137, 151, 218, 234, 256, 272, 288, 367, 400, 403, 411, 419, 428, 436], "summary": {"covered_lines": 39, "num_statements": 39, "percent_covered": 100.0, "percent_covered_display": "100.00", "missing_lines": 0, "excluded_lines": 0}, "missing_lines": [], "excluded_lines": []}}}, "packages/core/src/aurora_core/activation/graph_cache.py": {"executed_lines": [1, 23, 24, 25, 27, 28, 31, 32, 38, 57, 58, 67, 88, 89, 108, 133, 164, 186, 214, 224, 236, 269, 280, 281, 302, 318, 339, 363, 367, 376], "summary": {"covered_lines": 25, "num_statements": 89, "percent_covered": 28.089887640449437, "percent_covered_display": "28.09", "missing_lines": 64, "excluded_lines": 0}, "missing_lines": [54, 82, 83, 84, 85, 119, 120, 123, 124, 125, 126, 129, 130, 131, 143, 145, 146, 147, 150, 151, 152, 153, 154, 155, 157, 160, 162, 171, 172, 175, 176, 179, 180, 181, 182, 184, 196, 199, 204, 205, 212, 219, 220, 221, 222, 232, 233, 234, 250, 251, 252, 258, 274, 275, 276, 277, 315, 316, 332, 333, 355, 356, 365, 373], "excluded_lines": [], "functions": {"RelationshipProvider.get_all_relationships": {"executed_lines": [], "summary": {"covered_lines": 0, "num_statements": 1, "percent_covered": 0.0, "percent_covered_display": "0.00", "missing_lines": 1, "excluded_lines": 0}, "missing_lines": [54], "excluded_lines": []}, "GraphCacheConfig.__init__": {"executed_lines": [], "summary": {"covered_lines": 0, "num_statements": 4, "percent_covered": 0.0, "percent_covered_display": "0.00", "missing_lines": 4, "excluded_lines": 0}, "missing_lines": [82, 83, 84, 85], "excluded_lines": []}, "RelationshipGraphCache.__init__": {"executed_lines": [], "summary": {"covered_lines": 0, "num_statements": 9, "percent_covered": 0.0, "percent_covered_display": "0.00", "missing_lines": 9, "excluded_lines": 0}, "missing_lines": [119, 120, 123, 124, 125, 126, 129, 130, 131], "excluded_lines": []}, "RelationshipGraphCache.get_graph": {"executed_lines": [], "summary": {"covered_lines": 0, "num_statements": 13, "percent_covered": 0.0, "percent_covered_display": "0.00", "missing_lines": 13, "excluded_lines": 0}, "missing_lines": [143, 145, 146, 147, 150, 151, 152, 153, 154, 155, 157, 160, 162], "excluded_lines": []}, "RelationshipGraphCache._should_rebuild": {"executed_lines": [], "summary": {"covered_lines": 0, "num_statements": 9, "percent_covered": 0.0, "percent_covered_display": "0.00", "missing_lines": 9, "excluded_lines": 0}, "missing_lines": [171, 172, 175, 176, 179, 180, 181, 182, 184], "excluded_lines": []}, "RelationshipGraphCache._build_graph": {"executed_lines": [], "summary": {"covered_lines": 0, "num_statements": 5, "percent_covered": 0.0, "percent_covered_display": "0.00", "missing_lines": 5, "excluded_lines": 0}, "missing_lines": [196, 199, 204, 205, 212], "excluded_lines": []}, "RelationshipGraphCache.invalidate": {"executed_lines": [], "summary": {"covered_lines": 0, "num_statements": 4, "percent_covered": 0.0, "percent_covered_display": "0.00", "missing_lines": 4, "excluded_lines": 0}, "missing_lines": [219, 220, 221, 222], "excluded_lines": []}, "RelationshipGraphCache.force_rebuild": {"executed_lines": [], "summary": {"covered_lines": 0, "num_statements": 3, "percent_covered": 0.0, "percent_covered_display": "0.00", "missing_lines": 3, "excluded_lines": 0}, "missing_lines": [232, 233, 234], "excluded_lines": []}, "RelationshipGraphCache.get_stats": {"executed_lines": [], "summary": {"covered_lines": 0, "num_statements": 4, "percent_covered": 0.0, "percent_covered_display": "0.00", "missing_lines": 4, "excluded_lines": 0}, "missing_lines": [250, 251, 252, 258], "excluded_lines": []}, "RelationshipGraphCache.reset_stats": {"executed_lines": [], "summary": {"covered_lines": 0, "num_statements": 4, "percent_covered": 0.0, "percent_covered_display": "0.00", "missing_lines": 4, "excluded_lines": 0}, "missing_lines": [274, 275, 276, 277], "excluded_lines": []}, "CachedSpreadingActivation.__init__": {"executed_lines": [], "summary": {"covered_lines": 0, "num_statements": 2, "percent_covered": 0.0, "percent_covered_display": "0.00", "missing_lines": 2, "excluded_lines": 0}, "missing_lines": [315, 316], "excluded_lines": []}, "CachedSpreadingActivation.calculate": {"executed_lines": [], "summary": {"covered_lines": 0, "num_statements": 2, "percent_covered": 0.0, "percent_covered_display": "0.00", "missing_lines": 2, "excluded_lines": 0}, "missing_lines": [332, 333], "excluded_lines": []}, "CachedSpreadingActivation.get_related_chunks": {"executed_lines": [], "summary": {"covered_lines": 0, "num_statements": 2, "percent_covered": 0.0, "percent_covered_display": "0.00", "missing_lines": 2, "excluded_lines": 0}, "missing_lines": [355, 356], "excluded_lines": []}, "CachedSpreadingActivation.invalidate_cache": {"executed_lines": [], "summary": {"covered_lines": 0, "num_statements": 1, "percent_covered": 0.0, "percent_covered_display": "0.00", "missing_lines": 1, "excluded_lines": 0}, "missing_lines": [365], "excluded_lines": []}, "CachedSpreadingActivation.get_cache_stats": {"executed_lines": [], "summary": {"covered_lines": 0, "num_statements": 1, "percent_covered": 0.0, "percent_covered_display": "0.00", "missing_lines": 1, "excluded_lines": 0}, "missing_lines": [373], "excluded_lines": []}, "": {"executed_lines": [1, 23, 24, 25, 27, 28, 31, 32, 38, 57, 58, 67, 88, 89, 108, 133, 164, 186, 214, 224, 236, 269, 280, 281, 302, 318, 339, 363, 367, 376], "summary": {"covered_lines": 25, "num_statements": 25, "percent_covered": 100.0, "percent_covered_display": "100.00", "missing_lines": 0, "excluded_lines": 0}, "missing_lines": [], "excluded_lines": []}}, "classes": {"RelationshipProvider": {"executed_lines": [], "summary": {"covered_lines": 0, "num_statements": 1, "percent_covered": 0.0, "percent_covered_display": "0.00", "missing_lines": 1, "excluded_lines": 0}, "missing_lines": [54], "excluded_lines": []}, "GraphCacheConfig": {"executed_lines": [], "summary": {"covered_lines": 0, "num_statements": 4, "percent_covered": 0.0, "percent_covered_display": "0.00", "missing_lines": 4, "excluded_lines": 0}, "missing_lines": [82, 83, 84, 85], "excluded_lines": []}, "RelationshipGraphCache": {"executed_lines": [], "summary": {"covered_lines": 0, "num_statements": 51, "percent_covered": 0.0, "percent_covered_display": "0.00", "missing_lines": 51, "excluded_lines": 0}, "missing_lines": [119, 120, 123, 124, 125, 126, 129, 130, 131, 143, 145, 146, 147, 150, 151, 152, 153, 154, 155, 157, 160, 162, 171, 172, 175, 176, 179, 180, 181, 182, 184, 196, 199, 204, 205, 212, 219, 220, 221, 222, 232, 233, 234, 250, 251, 252, 258, 274, 275, 276, 277], "excluded_lines": []}, "CachedSpreadingActivation": {"executed_lines": [], "summary": {"covered_lines": 0, "num_statements": 8, "percent_covered": 0.0, "percent_covered_display": "0.00", "missing_lines": 8, "excluded_lines": 0}, "missing_lines": [315, 316, 332, 333, 355, 356, 365, 373], "excluded_lines": []}, "": {"executed_lines": [1, 23, 24, 25, 27, 28, 31, 32, 38, 57, 58, 67, 88, 89, 108, 133, 164, 186, 214, 224, 236, 269, 280, 281, 302, 318, 339, 363, 367, 376], "summary": {"covered_lines": 25, "num_statements": 25, "percent_covered": 100.0, "percent_covered_display": "100.00", "missing_lines": 0, "excluded_lines": 0}, "missing_lines": [], "excluded_lines": []}}}, "packages/core/src/aurora_core/activation/retrieval.py": {"executed_lines": [1, 22, 23, 25, 27, 28, 29, 30, 33, 34, 40, 41, 45, 46, 50, 51, 55, 56, 61, 62, 70, 74, 79, 83, 89, 90, 98, 99, 100, 104, 110, 111, 114, 115, 140, 151, 152, 154, 181, 182, 183, 184, 185, 186, 187, 188, 191, 193, 195, 198, 208, 209, 214, 217, 218, 221, 224, 225, 227, 229, 260, 263, 264, 270, 279, 299, 308, 328, 330, 331, 333, 335, 336, 338, 347, 349, 351, 375, 378, 387, 388, 391, 392, 394, 396, 407, 408, 414, 427, 428, 430, 452, 455, 456, 458, 467, 470, 471, 474, 475, 476, 479, 480, 482, 485], "summary": {"covered_lines": 99, "num_statements": 105, "percent_covered": 94.28571428571429, "percent_covered_display": "94.29", "missing_lines": 6, "excluded_lines": 0}, "missing_lines": [43, 48, 53, 58, 329, 376], "excluded_lines": [], "functions": {"ChunkData.id": {"executed_lines": [], "summary": {"covered_lines": 0, "num_statements": 1, "percent_covered": 0.0, "percent_covered_display": "0.00", "missing_lines": 1, "excluded_lines": 0}, "missing_lines": [43], "excluded_lines": []}, "ChunkData.access_history": {"executed_lines": [], "summary": {"covered_lines": 0, "num_statements": 1, "percent_covered": 0.0, "percent_covered_display": "0.00", "missing_lines": 1, "excluded_lines": 0}, "missing_lines": [48], "excluded_lines": []}, "ChunkData.last_access": {"executed_lines": [], "summary": {"covered_lines": 0, "num_statements": 1, "percent_covered": 0.0, "percent_covered_display": "0.00", "missing_lines": 1, "excluded_lines": 0}, "missing_lines": [53], "excluded_lines": []}, "ChunkData.keywords": {"executed_lines": [], "summary": {"covered_lines": 0, "num_statements": 1, "percent_covered": 0.0, "percent_covered_display": "0.00", "missing_lines": 1, "excluded_lines": 0}, "missing_lines": [58], "excluded_lines": []}, "ActivationRetriever.__init__": {"executed_lines": [151, 152], "summary": {"covered_lines": 2, "num_statements": 2, "percent_covered": 100.0, "percent_covered_display": "100.00", "missing_lines": 0, "excluded_lines": 0}, "missing_lines": [], "excluded_lines": []}, "ActivationRetriever.retrieve": {"executed_lines": [181, 182, 183, 184, 185, 186, 187, 188, 191, 193, 195, 198, 208, 209, 214, 217, 218, 221, 224, 225, 227], "summary": {"covered_lines": 21, "num_statements": 21, "percent_covered": 100.0, "percent_covered_display": "100.00", "missing_lines": 0, "excluded_lines": 0}, "missing_lines": [], "excluded_lines": []}, "ActivationRetriever.retrieve_with_graph": {"executed_lines": [260, 263, 264, 270], "summary": {"covered_lines": 4, "num_statements": 4, "percent_covered": 100.0, "percent_covered_display": "100.00", "missing_lines": 0, "excluded_lines": 0}, "missing_lines": [], "excluded_lines": []}, "ActivationRetriever.retrieve_top_n": {"executed_lines": [299], "summary": {"covered_lines": 1, "num_statements": 1, "percent_covered": 100.0, "percent_covered_display": "100.00", "missing_lines": 0, "excluded_lines": 0}, "missing_lines": [], "excluded_lines": []}, "ActivationRetriever.calculate_activations": {"executed_lines": [328, 330, 331, 333, 335, 336, 338, 347, 349], "summary": {"covered_lines": 9, "num_statements": 10, "percent_covered": 90.0, "percent_covered_display": "90.00", "missing_lines": 1, "excluded_lines": 0}, "missing_lines": [329], "excluded_lines": []}, "ActivationRetriever.explain_retrieval": {"executed_lines": [375, 378, 387, 388, 391, 392, 394, 396], "summary": {"covered_lines": 8, "num_statements": 9, "percent_covered": 88.88888888888889, "percent_covered_display": "88.89", "missing_lines": 1, "excluded_lines": 0}, "missing_lines": [376], "excluded_lines": []}, "BatchRetriever.__init__": {"executed_lines": [427, 428], "summary": {"covered_lines": 2, "num_statements": 2, "percent_covered": 100.0, "percent_covered_display": "100.00", "missing_lines": 0, "excluded_lines": 0}, "missing_lines": [], "excluded_lines": []}, "BatchRetriever.retrieve_batched": {"executed_lines": [452, 455, 456, 458, 467, 470, 471, 474, 475, 476, 479, 480, 482], "summary": {"covered_lines": 13, "num_statements": 13, "percent_covered": 100.0, "percent_covered_display": "100.00", "missing_lines": 0, "excluded_lines": 0}, "missing_lines": [], "excluded_lines": []}, "": {"executed_lines": [1, 22, 23, 25, 27, 28, 29, 30, 33, 34, 40, 41, 45, 46, 50, 51, 55, 56, 61, 62, 70, 74, 79, 83, 89, 90, 98, 99, 100, 104, 110, 111, 114, 115, 140, 154, 229, 279, 308, 351, 407, 408, 414, 430, 485], "summary": {"covered_lines": 39, "num_statements": 39, "percent_covered": 100.0, "percent_covered_display": "100.00", "missing_lines": 0, "excluded_lines": 0}, "missing_lines": [], "excluded_lines": []}}, "classes": {"ChunkData": {"executed_lines": [], "summary": {"covered_lines": 0, "num_statements": 4, "percent_covered": 0.0, "percent_covered_display": "0.00", "missing_lines": 4, "excluded_lines": 0}, "missing_lines": [43, 48, 53, 58], "excluded_lines": []}, "RetrievalConfig": {"executed_lines": [], "summary": {"covered_lines": 0, "num_statements": 0, "percent_covered": 100.0, "percent_covered_display": "100.00", "missing_lines": 0, "excluded_lines": 0}, "missing_lines": [], "excluded_lines": []}, "RetrievalResult": {"executed_lines": [], "summary": {"covered_lines": 0, "num_statements": 0, "percent_covered": 100.0, "percent_covered_display": "100.00", "missing_lines": 0, "excluded_lines": 0}, "missing_lines": [], "excluded_lines": []}, "RetrievalResult.Config": {"executed_lines": [], "summary": {"covered_lines": 0, "num_statements": 0, "percent_covered": 100.0, "percent_covered_display": "100.00", "missing_lines": 0, "excluded_lines": 0}, "missing_lines": [], "excluded_lines": []}, "ActivationRetriever": {"executed_lines": [151, 152, 181, 182, 183, 184, 185, 186, 187, 188, 191, 193, 195, 198, 208, 209, 214, 217, 218, 221, 224, 225, 227, 260, 263, 264, 270, 299, 328, 330, 331, 333, 335, 336, 338, 347, 349, 375, 378, 387, 388, 391, 392, 394, 396], "summary": {"covered_lines": 45, "num_statements": 47, "percent_covered": 95.74468085106383, "percent_covered_display": "95.74", "missing_lines": 2, "excluded_lines": 0}, "missing_lines": [329, 376], "excluded_lines": []}, "BatchRetriever": {"executed_lines": [427, 428, 452, 455, 456, 458, 467, 470, 471, 474, 475, 476, 479, 480, 482], "summary": {"covered_lines": 15, "num_statements": 15, "percent_covered": 100.0, "percent_covered_display": "100.00", "missing_lines": 0, "excluded_lines": 0}, "missing_lines": [], "excluded_lines": []}, "": {"executed_lines": [1, 22, 23, 25, 27, 28, 29, 30, 33, 34, 40, 41, 45, 46, 50, 51, 55, 56, 61, 62, 70, 74, 79, 83, 89, 90, 98, 99, 100, 104, 110, 111, 114, 115, 140, 154, 229, 279, 308, 351, 407, 408, 414, 430, 485], "summary": {"covered_lines": 39, "num_statements": 39, "percent_covered": 100.0, "percent_covered_display": "100.00", "missing_lines": 0, "excluded_lines": 0}, "missing_lines": [], "excluded_lines": []}}}, "packages/core/src/aurora_core/activation/spreading.py": {"executed_lines": [1, 27, 28, 30, 33, 34, 42, 43, 44, 45, 52, 53, 54, 56, 58, 61, 62, 70, 76, 82, 87, 95, 96, 102, 105, 106, 107, 109, 125, 127, 128, 130, 139, 141, 150, 152, 154, 156, 158, 160, 162, 163, 164, 167, 168, 187, 193, 195, 221, 224, 227, 230, 231, 232, 233, 235, 237, 238, 241, 242, 245, 248, 251, 252, 255, 257, 258, 259, 262, 263, 266, 267, 270, 271, 275, 276, 279, 282, 283, 284, 287, 288, 290, 292, 311, 312, 313, 320, 322, 340, 343, 349, 352, 369, 370, 371], "summary": {"covered_lines": 91, "num_statements": 92, "percent_covered": 98.91304347826087, "percent_covered_display": "98.91", "missing_lines": 1, "excluded_lines": 0}, "missing_lines": [57], "excluded_lines": [], "functions": {"Relationship.validate_weight": {"executed_lines": [56, 58], "summary": {"covered_lines": 2, "num_statements": 3, "percent_covered": 66.66666666666667, "percent_covered_display": "66.67", "missing_lines": 1, "excluded_lines": 0}, "missing_lines": [57], "excluded_lines": []}, "RelationshipGraph.__init__": {"executed_lines": [105, 106, 107], "summary": {"covered_lines": 3, "num_statements": 3, "percent_covered": 100.0, "percent_covered_display": "100.00", "missing_lines": 0, "excluded_lines": 0}, "missing_lines": [], "excluded_lines": []}, "RelationshipGraph.add_relationship": {"executed_lines": [125, 127, 128], "summary": {"covered_lines": 3, "num_statements": 3, "percent_covered": 100.0, "percent_covered_display": "100.00", "missing_lines": 0, "excluded_lines": 0}, "missing_lines": [], "excluded_lines": []}, "RelationshipGraph.get_outgoing": {"executed_lines": [139], "summary": {"covered_lines": 1, "num_statements": 1, "percent_covered": 100.0, "percent_covered_display": "100.00", "missing_lines": 0, "excluded_lines": 0}, "missing_lines": [], "excluded_lines": []}, "RelationshipGraph.get_incoming": {"executed_lines": [150], "summary": {"covered_lines": 1, "num_statements": 1, "percent_covered": 100.0, "percent_covered_display": "100.00", "missing_lines": 0, "excluded_lines": 0}, "missing_lines": [], "excluded_lines": []}, "RelationshipGraph.chunk_count": {"executed_lines": [154], "summary": {"covered_lines": 1, "num_statements": 1, "percent_covered": 100.0, "percent_covered_display": "100.00", "missing_lines": 0, "excluded_lines": 0}, "missing_lines": [], "excluded_lines": []}, "RelationshipGraph.edge_count": {"executed_lines": [158], "summary": {"covered_lines": 1, "num_statements": 1, "percent_covered": 100.0, "percent_covered_display": "100.00", "missing_lines": 0, "excluded_lines": 0}, "missing_lines": [], "excluded_lines": []}, "RelationshipGraph.clear": {"executed_lines": [162, 163, 164], "summary": {"covered_lines": 3, "num_statements": 3, "percent_covered": 100.0, "percent_covered_display": "100.00", "missing_lines": 0, "excluded_lines": 0}, "missing_lines": [], "excluded_lines": []}, "SpreadingActivation.__init__": {"executed_lines": [193], "summary": {"covered_lines": 1, "num_statements": 1, "percent_covered": 100.0, "percent_covered_display": "100.00", "missing_lines": 0, "excluded_lines": 0}, "missing_lines": [], "excluded_lines": []}, "SpreadingActivation.calculate": {"executed_lines": [221, 224, 227, 230, 231, 232, 233, 235, 237, 238, 241, 242, 245, 248, 251, 252, 255, 257, 258, 259, 262, 263, 266, 267, 270, 271, 275, 276, 279, 282, 283, 284, 287, 288, 290], "summary": {"covered_lines": 35, "num_statements": 35, "percent_covered": 100.0, "percent_covered_display": "100.00", "missing_lines": 0, "excluded_lines": 0}, "missing_lines": [], "excluded_lines": []}, "SpreadingActivation.calculate_from_relationships": {"executed_lines": [311, 312, 313, 320], "summary": {"covered_lines": 4, "num_statements": 4, "percent_covered": 100.0, "percent_covered_display": "100.00", "missing_lines": 0, "excluded_lines": 0}, "missing_lines": [], "excluded_lines": []}, "SpreadingActivation.get_related_chunks": {"executed_lines": [340, 343, 349], "summary": {"covered_lines": 3, "num_statements": 3, "percent_covered": 100.0, "percent_covered_display": "100.00", "missing_lines": 0, "excluded_lines": 0}, "missing_lines": [], "excluded_lines": []}, "calculate_spreading": {"executed_lines": [369, 370, 371], "summary": {"covered_lines": 3, "num_statements": 3, "percent_covered": 100.0, "percent_covered_display": "100.00", "missing_lines": 0, "excluded_lines": 0}, "missing_lines": [], "excluded_lines": []}, "": {"executed_lines": [1, 27, 28, 30, 33, 34, 42, 43, 44, 45, 52, 53, 54, 61, 62, 70, 76, 82, 87, 95, 96, 102, 109, 130, 141, 152, 156, 160, 167, 168, 187, 195, 292, 322, 352], "summary": {"covered_lines": 30, "num_statements": 30, "percent_covered": 100.0, "percent_covered_display": "100.00", "missing_lines": 0, "excluded_lines": 0}, "missing_lines": [], "excluded_lines": []}}, "classes": {"Relationship": {"executed_lines": [56, 58], "summary": {"covered_lines": 2, "num_statements": 3, "percent_covered": 66.66666666666667, "percent_covered_display": "66.67", "missing_lines": 1, "excluded_lines": 0}, "missing_lines": [57], "excluded_lines": []}, "SpreadingConfig": {"executed_lines": [], "summary": {"covered_lines": 0, "num_statements": 0, "percent_covered": 100.0, "percent_covered_display": "100.00", "missing_lines": 0, "excluded_lines": 0}, "missing_lines": [], "excluded_lines": []}, "RelationshipGraph": {"executed_lines": [105, 106, 107, 125, 127, 128, 139, 150, 154, 158, 162, 163, 164], "summary": {"covered_lines": 13, "num_statements": 13, "percent_covered": 100.0, "percent_covered_display": "100.00", "missing_lines": 0, "excluded_lines": 0}, "missing_lines": [], "excluded_lines": []}, "SpreadingActivation": {"executed_lines": [193, 221, 224, 227, 230, 231, 232, 233, 235, 237, 238, 241, 242, 245, 248, 251, 252, 255, 257, 258, 259, 262, 263, 266, 267, 270, 271, 275, 276, 279, 282, 283, 284, 287, 288, 290, 311, 312, 313, 320, 340, 343, 349], "summary": {"covered_lines": 43, "num_statements": 43, "percent_covered": 100.0, "percent_covered_display": "100.00", "missing_lines": 0, "excluded_lines": 0}, "missing_lines": [], "excluded_lines": []}, "": {"executed_lines": [1, 27, 28, 30, 33, 34, 42, 43, 44, 45, 52, 53, 54, 61, 62, 70, 76, 82, 87, 95, 96, 102, 109, 130, 141, 152, 156, 160, 167, 168, 187, 195, 292, 322, 352, 369, 370, 371], "summary": {"covered_lines": 33, "num_statements": 33, "percent_covered": 100.0, "percent_covered_display": "100.00", "missing_lines": 0, "excluded_lines": 0}, "missing_lines": [], "excluded_lines": []}}}, "packages/core/src/aurora_core/budget/__init__.py": {"executed_lines": [1, 3, 5], "summary": {"covered_lines": 2, "num_statements": 2, "percent_covered": 100.0, "percent_covered_display": "100.00", "missing_lines": 0, "excluded_lines": 0}, "missing_lines": [], "excluded_lines": [], "functions": {"": {"executed_lines": [1, 3, 5], "summary": {"covered_lines": 2, "num_statements": 2, "percent_covered": 100.0, "percent_covered_display": "100.00", "missing_lines": 0, "excluded_lines": 0}, "missing_lines": [], "excluded_lines": []}}, "classes": {"": {"executed_lines": [1, 3, 5], "summary": {"covered_lines": 2, "num_statements": 2, "percent_covered": 100.0, "percent_covered_display": "100.00", "missing_lines": 0, "excluded_lines": 0}, "missing_lines": [], "excluded_lines": []}}}, "packages/core/src/aurora_core/budget/tracker.py": {"executed_lines": [1, 3, 4, 5, 6, 7, 8, 11, 12, 13, 18, 19, 21, 31, 32, 33, 38, 64, 67, 68, 69, 71, 72, 73, 74, 75, 76, 77, 80, 81, 82, 84, 85, 86, 87, 89, 90, 92, 94, 95, 97, 98, 99, 101, 103, 105, 107, 110, 111, 131, 142, 144, 145, 146, 147, 149, 150, 151, 153, 155, 157, 159, 160, 161, 162, 165, 167, 168, 174, 177, 183, 185, 188, 193, 195, 196, 198, 199, 201, 202, 203, 207, 209, 227, 228, 229, 233, 242, 244, 260, 261, 263, 281, 283, 285, 287, 299, 302, 303, 306, 307, 314, 315, 322, 324, 344, 346, 356, 357, 358, 360, 362, 368, 379, 385, 386, 387, 388, 390, 396, 397, 398, 399, 402, 403, 404], "summary": {"covered_lines": 120, "num_statements": 125, "percent_covered": 96.0, "percent_covered_display": "96.00", "missing_lines": 5, "excluded_lines": 0}, "missing_lines": [204, 205, 230, 231, 300], "excluded_lines": [], "functions": {"ModelPricing.calculate_cost": {"executed_lines": [31, 32, 33], "summary": {"covered_lines": 3, "num_statements": 3, "percent_covered": 100.0, "percent_covered_display": "100.00", "missing_lines": 0, "excluded_lines": 0}, "missing_lines": [], "excluded_lines": []}, "PeriodBudget.remaining_usd": {"executed_lines": [92], "summary": {"covered_lines": 1, "num_statements": 1, "percent_covered": 100.0, "percent_covered_display": "100.00", "missing_lines": 0, "excluded_lines": 0}, "missing_lines": [], "excluded_lines": []}, "PeriodBudget.percent_consumed": {"executed_lines": [97, 98, 99], "summary": {"covered_lines": 3, "num_statements": 3, "percent_covered": 100.0, "percent_covered_display": "100.00", "missing_lines": 0, "excluded_lines": 0}, "missing_lines": [], "excluded_lines": []}, "PeriodBudget.is_at_soft_limit": {"executed_lines": [103], "summary": {"covered_lines": 1, "num_statements": 1, "percent_covered": 100.0, "percent_covered_display": "100.00", "missing_lines": 0, "excluded_lines": 0}, "missing_lines": [], "excluded_lines": []}, "PeriodBudget.is_at_hard_limit": {"executed_lines": [107], "summary": {"covered_lines": 1, "num_statements": 1, "percent_covered": 100.0, "percent_covered_display": "100.00", "missing_lines": 0, "excluded_lines": 0}, "missing_lines": [], "excluded_lines": []}, "CostTracker.__init__": {"executed_lines": [142, 144, 145, 146, 147, 149, 150, 151], "summary": {"covered_lines": 8, "num_statements": 8, "percent_covered": 100.0, "percent_covered_display": "100.00", "missing_lines": 0, "excluded_lines": 0}, "missing_lines": [], "excluded_lines": []}, "CostTracker._get_current_period": {"executed_lines": [155], "summary": {"covered_lines": 1, "num_statements": 1, "percent_covered": 100.0, "percent_covered_display": "100.00", "missing_lines": 0, "excluded_lines": 0}, "missing_lines": [], "excluded_lines": []}, "CostTracker._load_or_create_budget": {"executed_lines": [159, 160, 161, 162, 165, 167, 168, 174, 177, 183, 185, 188], "summary": {"covered_lines": 12, "num_statements": 12, "percent_covered": 100.0, "percent_covered_display": "100.00", "missing_lines": 0, "excluded_lines": 0}, "missing_lines": [], "excluded_lines": []}, "CostTracker._archive_old_period": {"executed_lines": [195, 196, 198, 199, 201, 202, 203], "summary": {"covered_lines": 7, "num_statements": 9, "percent_covered": 77.77777777777777, "percent_covered_display": "77.78", "missing_lines": 2, "excluded_lines": 0}, "missing_lines": [204, 205], "excluded_lines": []}, "CostTracker._save_budget": {"executed_lines": [209, 227, 228, 229], "summary": {"covered_lines": 4, "num_statements": 6, "percent_covered": 66.66666666666667, "percent_covered_display": "66.67", "missing_lines": 2, "excluded_lines": 0}, "missing_lines": [230, 231], "excluded_lines": []}, "CostTracker.get_model_pricing": {"executed_lines": [242], "summary": {"covered_lines": 1, "num_statements": 1, "percent_covered": 100.0, "percent_covered_display": "100.00", "missing_lines": 0, "excluded_lines": 0}, "missing_lines": [], "excluded_lines": []}, "CostTracker.calculate_cost": {"executed_lines": [260, 261], "summary": {"covered_lines": 2, "num_statements": 2, "percent_covered": 100.0, "percent_covered_display": "100.00", "missing_lines": 0, "excluded_lines": 0}, "missing_lines": [], "excluded_lines": []}, "CostTracker.estimate_cost": {"executed_lines": [281, 283, 285], "summary": {"covered_lines": 3, "num_statements": 3, "percent_covered": 100.0, "percent_covered_display": "100.00", "missing_lines": 0, "excluded_lines": 0}, "missing_lines": [], "excluded_lines": []}, "CostTracker.check_budget": {"executed_lines": [299, 302, 303, 306, 307, 314, 315, 322], "summary": {"covered_lines": 8, "num_statements": 9, "percent_covered": 88.88888888888889, "percent_covered_display": "88.89", "missing_lines": 1, "excluded_lines": 0}, "missing_lines": [300], "excluded_lines": []}, "CostTracker.record_cost": {"executed_lines": [344, 346, 356, 357, 358, 360], "summary": {"covered_lines": 6, "num_statements": 6, "percent_covered": 100.0, "percent_covered_display": "100.00", "missing_lines": 0, "excluded_lines": 0}, "missing_lines": [], "excluded_lines": []}, "CostTracker.get_status": {"executed_lines": [368], "summary": {"covered_lines": 1, "num_statements": 1, "percent_covered": 100.0, "percent_covered_display": "100.00", "missing_lines": 0, "excluded_lines": 0}, "missing_lines": [], "excluded_lines": []}, "CostTracker.get_breakdown_by_operation": {"executed_lines": [385, 386, 387, 388], "summary": {"covered_lines": 4, "num_statements": 4, "percent_covered": 100.0, "percent_covered_display": "100.00", "missing_lines": 0, "excluded_lines": 0}, "missing_lines": [], "excluded_lines": []}, "CostTracker.get_breakdown_by_model": {"executed_lines": [396, 397, 398, 399], "summary": {"covered_lines": 4, "num_statements": 4, "percent_covered": 100.0, "percent_covered_display": "100.00", "missing_lines": 0, "excluded_lines": 0}, "missing_lines": [], "excluded_lines": []}, "": {"executed_lines": [1, 3, 4, 5, 6, 7, 8, 11, 12, 13, 18, 19, 21, 38, 64, 67, 68, 69, 71, 72, 73, 74, 75, 76, 77, 80, 81, 82, 84, 85, 86, 87, 89, 90, 94, 95, 101, 105, 110, 111, 131, 153, 157, 193, 207, 233, 244, 263, 287, 324, 362, 379, 390, 402, 403, 404], "summary": {"covered_lines": 50, "num_statements": 50, "percent_covered": 100.0, "percent_covered_display": "100.00", "missing_lines": 0, "excluded_lines": 0}, "missing_lines": [], "excluded_lines": []}}, "classes": {"ModelPricing": {"executed_lines": [31, 32, 33], "summary": {"covered_lines": 3, "num_statements": 3, "percent_covered": 100.0, "percent_covered_display": "100.00", "missing_lines": 0, "excluded_lines": 0}, "missing_lines": [], "excluded_lines": []}, "CostEntry": {"executed_lines": [], "summary": {"covered_lines": 0, "num_statements": 0, "percent_covered": 100.0, "percent_covered_display": "100.00", "missing_lines": 0, "excluded_lines": 0}, "missing_lines": [], "excluded_lines": []}, "PeriodBudget": {"executed_lines": [92, 97, 98, 99, 103, 107], "summary": {"covered_lines": 6, "num_statements": 6, "percent_covered": 100.0, "percent_covered_display": "100.00", "missing_lines": 0, "excluded_lines": 0}, "missing_lines": [], "excluded_lines": []}, "CostTracker": {"executed_lines": [142, 144, 145, 146, 147, 149, 150, 151, 155, 159, 160, 161, 162, 165, 167, 168, 174, 177, 183, 185, 188, 195, 196, 198, 199, 201, 202, 203, 209, 227, 228, 229, 242, 260, 261, 281, 283, 285, 299, 302, 303, 306, 307, 314, 315, 322, 344, 346, 356, 357, 358, 360, 368, 385, 386, 387, 388, 396, 397, 398, 399], "summary": {"covered_lines": 61, "num_statements": 66, "percent_covered": 92.42424242424242, "percent_covered_display": "92.42", "missing_lines": 5, "excluded_lines": 0}, "missing_lines": [204, 205, 230, 231, 300], "excluded_lines": []}, "BudgetTracker": {"executed_lines": [], "summary": {"covered_lines": 0, "num_statements": 0, "percent_covered": 100.0, "percent_covered_display": "100.00", "missing_lines": 0, "excluded_lines": 0}, "missing_lines": [], "excluded_lines": []}, "": {"executed_lines": [1, 3, 4, 5, 6, 7, 8, 11, 12, 13, 18, 19, 21, 38, 64, 67, 68, 69, 71, 72, 73, 74, 75, 76, 77, 80, 81, 82, 84, 85, 86, 87, 89, 90, 94, 95, 101, 105, 110, 111, 131, 153, 157, 193, 207, 233, 244, 263, 287, 324, 362, 379, 390, 402, 403, 404], "summary": {"covered_lines": 50, "num_statements": 50, "percent_covered": 100.0, "percent_covered_display": "100.00", "missing_lines": 0, "excluded_lines": 0}, "missing_lines": [], "excluded_lines": []}}}, "packages/core/src/aurora_core/chunks/__init__.py": {"executed_lines": [1, 7, 8, 9, 12], "summary": {"covered_lines": 4, "num_statements": 4, "percent_covered": 100.0, "percent_covered_display": "100.00", "missing_lines": 0, "excluded_lines": 0}, "missing_lines": [], "excluded_lines": [], "functions": {"": {"executed_lines": [1, 7, 8, 9, 12], "summary": {"covered_lines": 4, "num_statements": 4, "percent_covered": 100.0, "percent_covered_display": "100.00", "missing_lines": 0, "excluded_lines": 0}, "missing_lines": [], "excluded_lines": []}}, "classes": {"": {"executed_lines": [1, 7, 8, 9, 12], "summary": {"covered_lines": 4, "num_statements": 4, "percent_covered": 100.0, "percent_covered_display": "100.00", "missing_lines": 0, "excluded_lines": 0}, "missing_lines": [], "excluded_lines": []}}}, "packages/core/src/aurora_core/chunks/base.py": {"executed_lines": [1, 8, 9, 10, 13, 14, 25, 33, 34, 35, 36, 38, 39, 48, 49, 50, 62, 63, 75, 77, 79, 81, 82, 83, 85, 87, 90], "summary": {"covered_lines": 16, "num_statements": 16, "percent_covered": 100.0, "percent_covered_display": "100.00", "missing_lines": 0, "excluded_lines": 37}, "missing_lines": [], "excluded_lines": [38, 39, 40, 41, 42, 43, 44, 45, 46, 48, 49, 50, 51, 52, 53, 54, 55, 56, 57, 58, 59, 60, 62, 63, 64, 65, 66, 67, 68, 69, 70, 71, 72, 73, 75, 76, 77], "functions": {"Chunk.__init__": {"executed_lines": [33, 34, 35, 36], "summary": {"covered_lines": 4, "num_statements": 4, "percent_covered": 100.0, "percent_covered_display": "100.00", "missing_lines": 0, "excluded_lines": 0}, "missing_lines": [], "excluded_lines": []}, "Chunk.to_json": {"executed_lines": [], "summary": {"covered_lines": 0, "num_statements": 0, "percent_covered": 100.0, "percent_covered_display": "100.00", "missing_lines": 0, "excluded_lines": 7}, "missing_lines": [], "excluded_lines": [40, 41, 42, 43, 44, 45, 46]}, "Chunk.from_json": {"executed_lines": [], "summary": {"covered_lines": 0, "num_statements": 0, "percent_covered": 100.0, "percent_covered_display": "100.00", "missing_lines": 0, "excluded_lines": 10}, "missing_lines": [], "excluded_lines": [51, 52, 53, 54, 55, 56, 57, 58, 59, 60]}, "Chunk.validate": {"executed_lines": [], "summary": {"covered_lines": 0, "num_statements": 0, "percent_covered": 100.0, "percent_covered_display": "100.00", "missing_lines": 0, "excluded_lines": 10}, "missing_lines": [], "excluded_lines": [64, 65, 66, 67, 68, 69, 70, 71, 72, 73]}, "Chunk.__repr__": {"executed_lines": [77], "summary": {"covered_lines": 0, "num_statements": 0, "percent_covered": 100.0, "percent_covered_display": "100.00", "missing_lines": 0, "excluded_lines": 2}, "missing_lines": [], "excluded_lines": [76, 77]}, "Chunk.__eq__": {"executed_lines": [81, 82, 83], "summary": {"covered_lines": 3, "num_statements": 3, "percent_covered": 100.0, "percent_covered_display": "100.00", "missing_lines": 0, "excluded_lines": 0}, "missing_lines": [], "excluded_lines": []}, "Chunk.__hash__": {"executed_lines": [87], "summary": {"covered_lines": 1, "num_statements": 1, "percent_covered": 100.0, "percent_covered_display": "100.00", "missing_lines": 0, "excluded_lines": 0}, "missing_lines": [], "excluded_lines": []}, "": {"executed_lines": [1, 8, 9, 10, 13, 14, 25, 38, 39, 48, 49, 50, 62, 63, 75, 79, 85, 90], "summary": {"covered_lines": 8, "num_statements": 8, "percent_covered": 100.0, "percent_covered_display": "100.00", "missing_lines": 0, "excluded_lines": 8}, "missing_lines": [], "excluded_lines": [38, 39, 48, 49, 50, 62, 63, 75]}}, "classes": {"Chunk": {"executed_lines": [33, 34, 35, 36, 77, 81, 82, 83, 87], "summary": {"covered_lines": 8, "num_statements": 8, "percent_covered": 100.0, "percent_covered_display": "100.00", "missing_lines": 0, "excluded_lines": 29}, "missing_lines": [], "excluded_lines": [40, 41, 42, 43, 44, 45, 46, 51, 52, 53, 54, 55, 56, 57, 58, 59, 60, 64, 65, 66, 67, 68, 69, 70, 71, 72, 73, 76, 77]}, "": {"executed_lines": [1, 8, 9, 10, 13, 14, 25, 38, 39, 48, 49, 50, 62, 63, 75, 79
[...]
9, 130, 132, 133, 136, 138, 158, 159, 160, 161, 162, 163, 166, 167, 170, 171, 172, 173, 174, 176, 177, 179, 185], "summary": {"covered_lines": 53, "num_statements": 53, "percent_covered": 100.0, "percent_covered_display": "100.00", "missing_lines": 0, "excluded_lines": 4}, "missing_lines": [], "excluded_lines": [16, 17, 18, 19], "functions": {"RecordResult.__init__": {"executed_lines": [45, 46, 47, 48, 49], "summary": {"covered_lines": 5, "num_statements": 5, "percent_covered": 100.0, "percent_covered_display": "100.00", "missing_lines": 0, "excluded_lines": 0}, "missing_lines": [], "excluded_lines": []}, "RecordResult.to_dict": {"executed_lines": [53], "summary": {"covered_lines": 1, "num_statements": 1, "percent_covered": 100.0, "percent_covered_display": "100.00", "missing_lines": 0, "excluded_lines": 0}, "missing_lines": [], "excluded_lines": []}, "record_pattern": {"executed_lines": [91, 93, 95, 101, 103, 108, 109, 111, 124, 125, 127, 128, 129, 130, 132, 133, 136, 138, 158, 159, 160, 161, 162, 163, 166, 167, 170, 171, 172, 173, 174, 176, 177, 179, 185], "summary": {"covered_lines": 35, "num_statements": 35, "percent_covered": 100.0, "percent_covered_display": "100.00", "missing_lines": 0, "excluded_lines": 0}, "missing_lines": [], "excluded_lines": []}, "": {"executed_lines": [1, 7, 9, 10, 11, 12, 14, 16, 21, 23, 26, 27, 37, 51, 62], "summary": {"covered_lines": 12, "num_statements": 12, "percent_covered": 100.0, "percent_covered_display": "100.00", "missing_lines": 0, "excluded_lines": 4}, "missing_lines": [], "excluded_lines": [16, 17, 18, 19]}}, "classes": {"RecordResult": {"executed_lines": [45, 46, 47, 48, 49, 53], "summary": {"covered_lines": 6, "num_statements": 6, "percent_covered": 100.0, "percent_covered_display": "100.00", "missing_lines": 0, "excluded_lines": 0}, "missing_lines": [], "excluded_lines": []}, "": {"executed_lines": [1, 7, 9, 10, 11, 12, 14, 16, 21, 23, 26, 27, 37, 51, 62, 91, 93, 95, 101, 103, 108, 109, 111, 124, 125, 127, 128, 129, 130, 132, 133, 136, 138, 158, 159, 160, 161, 162, 163, 166, 167, 170, 171, 172, 173, 174, 176, 177, 179, 185], "summary": {"covered_lines": 47, "num_statements": 47, "percent_covered": 100.0, "percent_covered_display": "100.00", "missing_lines": 0, "excluded_lines": 4}, "missing_lines": [], "excluded_lines": [16, 17, 18, 19]}}}, "packages/soar/src/aurora_soar/phases/respond.py": {"executed_lines": [1, 7, 9, 10, 11, 12, 14, 18, 21, 26, 27, 28, 29, 30, 31, 32, 33, 41, 42, 43, 44, 45, 46, 49, 50, 57, 62, 63, 65, 67, 70, 88, 105, 106, 107, 108, 109, 110, 113, 114, 116, 122, 131, 132, 134, 137, 152, 155, 156, 157, 160, 161, 164, 165, 166, 167, 172, 177, 178, 179, 180, 181, 184, 185, 186, 187, 188, 190, 192, 194, 197, 212, 215, 216, 217, 220, 221, 222, 223, 226, 227, 228, 229, 230, 231, 234, 235, 236, 237, 238, 239, 242, 243, 244, 245, 246, 247, 252, 255, 256, 257, 258, 261, 264, 267, 270, 275, 276, 277, 278, 279, 280, 281, 282, 283, 284, 287, 288, 289, 290, 291, 292, 293, 295, 296, 299, 300, 301, 302, 303, 304, 305, 306, 307, 308, 314, 316], "summary": {"covered_lines": 133, "num_statements": 136, "percent_covered": 97.79411764705883, "percent_covered_display": "97.79", "missing_lines": 3, "excluded_lines": 3}, "missing_lines": [34, 35, 38], "excluded_lines": [14, 15, 16], "functions": {"_make_json_serializable": {"executed_lines": [26, 27, 28, 29, 30, 31, 32, 33], "summary": {"covered_lines": 8, "num_statements": 11, "percent_covered": 72.72727272727273, "percent_covered_display": "72.73", "missing_lines": 3, "excluded_lines": 0}, "missing_lines": [34, 35, 38], "excluded_lines": []}, "ResponseResult.__init__": {"executed_lines": [62, 63], "summary": {"covered_lines": 2, "num_statements": 2, "percent_covered": 100.0, "percent_covered_display": "100.00", "missing_lines": 0, "excluded_lines": 0}, "missing_lines": [], "excluded_lines": []}, "ResponseResult.to_dict": {"executed_lines": [67], "summary": {"covered_lines": 1, "num_statements": 1, "percent_covered": 100.0, "percent_covered_display": "100.00", "missing_lines": 0, "excluded_lines": 0}, "missing_lines": [], "excluded_lines": []}, "format_response": {"executed_lines": [88, 105, 106, 107, 108, 109, 110, 113, 114, 116], "summary": {"covered_lines": 10, "num_statements": 10, "percent_covered": 100.0, "percent_covered_display": "100.00", "missing_lines": 0, "excluded_lines": 0}, "missing_lines": [], "excluded_lines": []}, "_format_quiet": {"executed_lines": [131, 132, 134], "summary": {"covered_lines": 3, "num_statements": 3, "percent_covered": 100.0, "percent_covered_display": "100.00", "missing_lines": 0, "excluded_lines": 0}, "missing_lines": [], "excluded_lines": []}, "_format_normal": {"executed_lines": [152, 155, 156, 157, 160, 161, 164, 165, 166, 167, 172, 177, 178, 179, 180, 181, 184, 185, 186, 187, 188, 190, 192, 194], "summary": {"covered_lines": 24, "num_statements": 24, "percent_covered": 100.0, "percent_covered_display": "100.00", "missing_lines": 0, "excluded_lines": 0}, "missing_lines": [], "excluded_lines": []}, "_format_verbose": {"executed_lines": [212, 215, 216, 217, 220, 221, 222, 223, 226, 227, 228, 229, 230, 231, 234, 235, 236, 237, 238, 239, 242, 243, 244, 245, 246, 247, 252, 255, 256, 257, 258, 261, 264, 267, 270, 275, 276, 277, 278, 279, 280, 281, 282, 283, 284, 287, 288, 289, 290, 291, 292, 293, 295, 296, 299, 300, 301, 302, 303, 304, 305, 306, 307, 308, 314, 316], "summary": {"covered_lines": 66, "num_statements": 66, "percent_covered": 100.0, "percent_covered_display": "100.00", "missing_lines": 0, "excluded_lines": 0}, "missing_lines": [], "excluded_lines": []}, "": {"executed_lines": [1, 7, 9, 10, 11, 12, 14, 18, 21, 41, 42, 43, 44, 45, 46, 49, 50, 57, 65, 70, 122, 137, 197], "summary": {"covered_lines": 19, "num_statements": 19, "percent_covered": 100.0, "percent_covered_display": "100.00", "missing_lines": 0, "excluded_lines": 3}, "missing_lines": [], "excluded_lines": [14, 15, 16]}}, "classes": {"Verbosity": {"executed_lines": [], "summary": {"covered_lines": 0, "num_statements": 0, "percent_covered": 100.0, "percent_covered_display": "100.00", "missing_lines": 0, "excluded_lines": 0}, "missing_lines": [], "excluded_lines": []}, "ResponseResult": {"executed_lines": [62, 63, 67], "summary": {"covered_lines": 3, "num_statements": 3, "percent_covered": 100.0, "percent_covered_display": "100.00", "missing_lines": 0, "excluded_lines": 0}, "missing_lines": [], "excluded_lines": []}, "": {"executed_lines": [1, 7, 9, 10, 11, 12, 14, 18, 21, 26, 27, 28, 29, 30, 31, 32, 33, 41, 42, 43, 44, 45, 46, 49, 50, 57, 65, 70, 88, 105, 106, 107, 108, 109, 110, 113, 114, 116, 122, 131, 132, 134, 137, 152, 155, 156, 157, 160, 161, 164, 165, 166, 167, 172, 177, 178, 179, 180, 181, 184, 185, 186, 187, 188, 190, 192, 194, 197, 212, 215, 216, 217, 220, 221, 222, 223, 226, 227, 228, 229, 230, 231, 234, 235, 236, 237, 238, 239, 242, 243, 244, 245, 246, 247, 252, 255, 256, 257, 258, 261, 264, 267, 270, 275, 276, 277, 278, 279, 280, 281, 282, 283, 284, 287, 288, 289, 290, 291, 292, 293, 295, 296, 299, 300, 301, 302, 303, 304, 305, 306, 307, 308, 314, 316], "summary": {"covered_lines": 130, "num_statements": 133, "percent_covered": 97.74436090225564, "percent_covered_display": "97.74", "missing_lines": 3, "excluded_lines": 3}, "missing_lines": [34, 35, 38], "excluded_lines": [14, 15, 16]}}}, "packages/soar/src/aurora_soar/phases/retrieve.py": {"executed_lines": [1, 18, 20, 21, 22, 24, 28, 31, 35, 43, 69, 72, 74, 76, 80, 86, 87, 89, 90, 91, 92, 93, 94, 97, 99, 100, 102, 108, 117, 118, 120, 121], "summary": {"covered_lines": 30, "num_statements": 30, "percent_covered": 100.0, "percent_covered_display": "100.00", "missing_lines": 0, "excluded_lines": 2}, "missing_lines": [], "excluded_lines": [24, 25], "functions": {"retrieve_context": {"executed_lines": [69, 72, 74, 76, 80, 86, 87, 89, 90, 91, 92, 93, 94, 97, 99, 100, 102, 108, 117, 118, 120, 121], "summary": {"covered_lines": 22, "num_statements": 22, "percent_covered": 100.0, "percent_covered_display": "100.00", "missing_lines": 0, "excluded_lines": 0}, "missing_lines": [], "excluded_lines": []}, "": {"executed_lines": [1, 18, 20, 21, 22, 24, 28, 31, 35, 43], "summary": {"covered_lines": 8, "num_statements": 8, "percent_covered": 100.0, "percent_covered_display": "100.00", "missing_lines": 0, "excluded_lines": 2}, "missing_lines": [], "excluded_lines": [24, 25]}}, "classes": {"": {"executed_lines": [1, 18, 20, 21, 22, 24, 28, 31, 35, 43, 69, 72, 74, 76, 80, 86, 87, 89, 90, 91, 92, 93, 94, 97, 99, 100, 102, 108, 117, 118, 120, 121], "summary": {"covered_lines": 30, "num_statements": 30, "percent_covered": 100.0, "percent_covered_display": "100.00", "missing_lines": 0, "excluded_lines": 2}, "missing_lines": [], "excluded_lines": [24, 25]}}}, "packages/soar/src/aurora_soar/phases/route.py": {"executed_lines": [1, 7, 9, 10, 12, 15, 17, 20, 21, 29, 35, 36, 37, 39, 41, 56, 81, 83, 84, 86, 87, 94, 95, 98, 101, 104, 106, 111, 118, 127, 128, 129, 130, 132, 133, 136, 137, 143, 144, 145, 150, 172, 175, 176, 177, 178, 181, 185, 189, 190, 191, 192, 193, 194, 197, 200, 203, 207, 208, 212, 215, 225, 226, 227, 231, 252, 253, 254, 255, 256, 259, 260, 261, 262, 263, 266, 267, 272, 274, 277, 289, 290, 291, 294, 295, 297, 298, 299, 301, 302, 303, 304, 305, 306, 308, 309, 311, 312, 313, 314, 319, 331, 333, 334, 335, 336, 339, 360, 362], "summary": {"covered_lines": 106, "num_statements": 107, "percent_covered": 99.06542056074767, "percent_covered_display": "99.07", "missing_lines": 1, "excluded_lines": 2}, "missing_lines": [228], "excluded_lines": [12, 13], "functions": {"RouteResult.__init__": {"executed_lines": [35, 36, 37], "summary": {"covered_lines": 3, "num_statements": 3, "percent_covered": 100.0, "percent_covered_display": "100.00", "missing_lines": 0, "excluded_lines": 0}, "missing_lines": [], "excluded_lines": []}, "RouteResult.to_dict": {"executed_lines": [41], "summary": {"covered_lines": 1, "num_statements": 1, "percent_covered": 100.0, "percent_covered_display": "100.00", "missing_lines": 0, "excluded_lines": 0}, "missing_lines": [], "excluded_lines": []}, "route_subgoals": {"executed_lines": [81, 83, 84, 86, 87, 94, 95, 98, 101, 104, 106, 111], "summary": {"covered_lines": 12, "num_statements": 12, "percent_covered": 100.0, "percent_covered_display": "100.00", "missing_lines": 0, "excluded_lines": 0}, "missing_lines": [], "excluded_lines": []}, "_validate_decomposition": {"executed_lines": [127, 128, 129, 130, 132, 133, 136, 137, 143, 144, 145], "summary": {"covered_lines": 11, "num_statements": 11, "percent_covered": 100.0, "percent_covered_display": "100.00", "missing_lines": 0, "excluded_lines": 0}, "missing_lines": [], "excluded_lines": []}, "_route_single_subgoal": {"executed_lines": [172, 175, 176, 177, 178, 181, 185, 189, 190, 191, 192, 193, 194, 197, 200, 203, 207, 208, 212], "summary": {"covered_lines": 19, "num_statements": 19, "percent_covered": 100.0, "percent_covered_display": "100.00", "missing_lines": 0, "excluded_lines": 0}, "missing_lines": [], "excluded_lines": []}, "_extract_capability_from_agent_id": {"executed_lines": [225, 226, 227], "summary": {"covered_lines": 3, "num_statements": 4, "percent_covered": 75.0, "percent_covered_display": "75.00", "missing_lines": 1, "excluded_lines": 0}, "missing_lines": [228], "excluded_lines": []}, "_validate_routing": {"executed_lines": [252, 253, 254, 255, 256, 259, 260, 261, 262, 263, 266, 267, 272, 274], "summary": {"covered_lines": 14, "num_statements": 14, "percent_covered": 100.0, "percent_covered_display": "100.00", "missing_lines": 0, "excluded_lines": 0}, "missing_lines": [], "excluded_lines": []}, "_check_circular_dependencies": {"executed_lines": [289, 290, 291, 294, 295, 297, 311, 312, 313, 314], "summary": {"covered_lines": 10, "num_statements": 10, "percent_covered": 100.0, "percent_covered_display": "100.00", "missing_lines": 0, "excluded_lines": 0}, "missing_lines": [], "excluded_lines": []}, "_check_circular_dependencies.dfs": {"executed_lines": [298, 299, 301, 302, 303, 304, 305, 306, 308, 309], "summary": {"covered_lines": 10, "num_statements": 10, "percent_covered": 100.0, "percent_covered_display": "100.00", "missing_lines": 0, "excluded_lines": 0}, "missing_lines": [], "excluded_lines": []}, "_parse_execution_plan": {"executed_lines": [331, 333, 334, 335, 336, 339, 360, 362], "summary": {"covered_lines": 8, "num_statements": 8, "percent_covered": 100.0, "percent_covered_display": "100.00", "missing_lines": 0, "excluded_lines": 0}, "missing_lines": [], "excluded_lines": []}, "": {"executed_lines": [1, 7, 9, 10, 12, 15, 17, 20, 21, 29, 39, 56, 118, 150, 215, 231, 277, 319], "summary": {"covered_lines": 15, "num_statements": 15, "percent_covered": 100.0, "percent_covered_display": "100.00", "missing_lines": 0, "excluded_lines": 2}, "missing_lines": [], "excluded_lines": [12, 13]}}, "classes": {"RouteResult": {"executed_lines": [35, 36, 37, 41], "summary": {"covered_lines": 4, "num_statements": 4, "percent_covered": 100.0, "percent_covered_display": "100.00", "missing_lines": 0, "excluded_lines": 0}, "missing_lines": [], "excluded_lines": []}, "": {"executed_lines": [1, 7, 9, 10, 12, 15, 17, 20, 21, 29, 39, 56, 81, 83, 84, 86, 87, 94, 95, 98, 101, 104, 106, 111, 118, 127, 128, 129, 130, 132, 133, 136, 137, 143, 144, 145, 150, 172, 175, 176, 177, 178, 181, 185, 189, 190, 191, 192, 193, 194, 197, 200, 203, 207, 208, 212, 215, 225, 226, 227, 231, 252, 253, 254, 255, 256, 259, 260, 261, 262, 263, 266, 267, 272, 274, 277, 289, 290, 291, 294, 295, 297, 298, 299, 301, 302, 303, 304, 305, 306, 308, 309, 311, 312, 313, 314, 319, 331, 333, 334, 335, 336, 339, 360, 362], "summary": {"covered_lines": 102, "num_statements": 103, "percent_covered": 99.02912621359224, "percent_covered_display": "99.03", "missing_lines": 1, "excluded_lines": 2}, "missing_lines": [228], "excluded_lines": [12, 13]}}}, "packages/soar/src/aurora_soar/phases/synthesize.py": {"executed_lines": [1, 7, 9, 10, 11, 13, 15, 19, 21, 24, 25, 35, 43, 44, 45, 46, 47, 49, 51, 59, 60, 71, 97, 99, 102, 103, 104, 114, 115, 116, 117, 118, 120, 121, 122, 129, 130, 133, 137, 138, 145, 146, 147, 149, 150, 152, 159, 169, 170, 171, 173], "summary": {"covered_lines": 48, "num_statements": 53, "percent_covered": 90.56603773584905, "percent_covered_display": "90.57", "missing_lines": 5, "excluded_lines": 3}, "missing_lines": [62, 123, 124, 126, 134], "excluded_lines": [15, 16, 17], "functions": {"SynthesisResult.__init__": {"executed_lines": [43, 44, 45, 46, 47], "summary": {"covered_lines": 5, "num_statements": 5, "percent_covered": 100.0, "percent_covered_display": "100.00", "missing_lines": 0, "excluded_lines": 0}, "missing_lines": [], "excluded_lines": []}, "SynthesisResult.to_dict": {"executed_lines": [51], "summary": {"covered_lines": 1, "num_statements": 1, "percent_covered": 100.0, "percent_covered_display": "100.00", "missing_lines": 0, "excluded_lines": 0}, "missing_lines": [], "excluded_lines": []}, "SynthesisResult.from_dict": {"executed_lines": [], "summary": {"covered_lines": 0, "num_statements": 1, "percent_covered": 0.0, "percent_covered_display": "0.00", "missing_lines": 1, "excluded_lines": 0}, "missing_lines": [62], "excluded_lines": []}, "synthesize_results": {"executed_lines": [97, 99, 102, 103, 104, 114, 115, 116, 117, 118, 120, 121, 122, 129, 130, 133, 137, 138, 145, 146, 147, 149, 150, 152, 159, 169, 170, 171, 173], "summary": {"covered_lines": 29, "num_statements": 33, "percent_covered": 87.87878787878788, "percent_covered_display": "87.88", "missing_lines": 4, "excluded_lines": 0}, "missing_lines": [123, 124, 126, 134], "excluded_lines": []}, "": {"executed_lines": [1, 7, 9, 10, 11, 13, 15, 19, 21, 24, 25, 35, 49, 59, 60, 71], "summary": {"covered_lines": 13, "num_statements": 13, "percent_covered": 100.0, "percent_covered_display": "100.00", "missing_lines": 0, "excluded_lines": 3}, "missing_lines": [], "excluded_lines": [15, 16, 17]}}, "classes": {"SynthesisResult": {"executed_lines": [43, 44, 45, 46, 47, 51], "summary": {"covered_lines": 6, "num_statements": 7, "percent_covered": 85.71428571428571, "percent_covered_display": "85.71", "missing_lines": 1, "excluded_lines": 0}, "missing_lines": [62], "excluded_lines": []}, "": {"executed_lines": [1, 7, 9, 10, 11, 13, 15, 19, 21, 24, 25, 35, 49, 59, 60, 71, 97, 99, 102, 103, 104, 114, 115, 116, 117, 118, 120, 121, 122, 129, 130, 133, 137, 138, 145, 146, 147, 149, 150, 152, 159, 169, 170, 171, 173], "summary": {"covered_lines": 42, "num_statements": 46, "percent_covered": 91.30434782608695, "percent_covered_display": "91.30", "missing_lines": 4, "excluded_lines": 3}, "missing_lines": [123, 124, 126, 134], "excluded_lines": [15, 16, 17]}}}, "packages/soar/src/aurora_soar/phases/verify.py": {"executed_lines": [1, 7, 9, 11, 16, 19, 20, 31, 40, 41, 42, 43, 44, 45, 47, 49, 59, 96, 97, 98, 100, 103, 106, 109, 110, 113, 121, 124, 128, 131, 138, 141, 152, 155, 163, 166, 167, 168, 170, 172, 174, 176, 186, 204, 206, 208, 210, 212, 213, 215, 216, 219, 222, 237, 240, 241, 242, 248, 254], "summary": {"covered_lines": 56, "num_statements": 56, "percent_covered": 100.0, "percent_covered_display": "100.00", "missing_lines": 0, "excluded_lines": 4}, "missing_lines": [], "excluded_lines": [11, 12, 13, 14], "functions": {"VerifyPhaseResult.__init__": {"executed_lines": [40, 41, 42, 43, 44, 45], "summary": {"covered_lines": 6, "num_statements": 6, "percent_covered": 100.0, "percent_covered_display": "100.00", "missing_lines": 0, "excluded_lines": 0}, "missing_lines": [], "excluded_lines": []}, "VerifyPhaseResult.to_dict": {"executed_lines": [49], "summary": {"covered_lines": 1, "num_statements": 1, "percent_covered": 100.0, "percent_covered_display": "100.00", "missing_lines": 0, "excluded_lines": 0}, "missing_lines": [], "excluded_lines": []}, "verify_decomposition": {"executed_lines": [96, 97, 98, 100, 103, 106, 109, 110, 113, 121, 124, 128, 131, 138, 141, 152, 155, 163, 166, 167, 168, 170, 172, 174, 176], "summary": {"covered_lines": 25, "num_statements": 25, "percent_covered": 100.0, "percent_covered_display": "100.00", "missing_lines": 0, "excluded_lines": 0}, "missing_lines": [], "excluded_lines": []}, "_select_verification_option": {"executed_lines": [204, 206, 208, 210, 212, 213, 215, 216, 219], "summary": {"covered_lines": 9, "num_statements": 9, "percent_covered": 100.0, "percent_covered_display": "100.00", "missing_lines": 0, "excluded_lines": 0}, "missing_lines": [], "excluded_lines": []}, "_generate_retry_feedback": {"executed_lines": [237, 240, 241, 242, 248, 254], "summary": {"covered_lines": 6, "num_statements": 6, "percent_covered": 100.0, "percent_covered_display": "100.00", "missing_lines": 0, "excluded_lines": 0}, "missing_lines": [], "excluded_lines": []}, "": {"executed_lines": [1, 7, 9, 11, 16, 19, 20, 31, 47, 59, 186, 222], "summary": {"covered_lines": 9, "num_statements": 9, "percent_covered": 100.0, "percent_covered_display": "100.00", "missing_lines": 0, "excluded_lines": 4}, "missing_lines": [], "excluded_lines": [11, 12, 13, 14]}}, "classes": {"VerifyPhaseResult": {"executed_lines": [40, 41, 42, 43, 44, 45, 49], "summary": {"covered_lines": 7, "num_statements": 7, "percent_covered": 100.0, "percent_covered_display": "100.00", "missing_lines": 0, "excluded_lines": 0}, "missing_lines": [], "excluded_lines": []}, "": {"executed_lines": [1, 7, 9, 11, 16, 19, 20, 31, 47, 59, 96, 97, 98, 100, 103, 106, 109, 110, 113, 121, 124, 128, 131, 138, 141, 152, 155, 163, 166, 167, 168, 170, 172, 174, 176, 186, 204, 206, 208, 210, 212, 213, 215, 216, 219, 222, 237, 240, 241, 242, 248, 254], "summary": {"covered_lines": 49, "num_statements": 49, "percent_covered": 100.0, "percent_covered_display": "100.00", "missing_lines": 0, "excluded_lines": 4}, "missing_lines": [], "excluded_lines": [11, 12, 13, 14]}}}}, "totals": {"covered_lines": 4500, "num_statements": 5090, "percent_covered": 88.40864440078586, "percent_covered_display": "88.41", "missing_lines": 590, "excluded_lines": 514}}