pytest tests/
============================= test session starts ==============================
platform linux -- Python 3.10.12, pytest-8.4.2, pluggy-1.6.0 -- /usr/bin/python3
cachedir: .pytest_cache
benchmark: 5.2.3 (defaults: timer=time.perf_counter disable_gc=False min_rounds=5 min_time=0.000005 max_time=1.0 calibration_precision=10 warmup=False warmup_iterations=100000)
rootdir: /home/hamr/PycharmProjects/aurora
configfile: pytest.ini
plugins: cov-7.0.0, asyncio-1.3.0, anyio-4.12.0, benchmark-5.2.3, typeguard-4.4.4
asyncio: mode=strict, debug=False, asyncio_default_fixture_loop_scope=None, asyncio_default_test_loop_scope=function
collecting ... collected 5397 items

tests/calibration/test_verification_calibration.py::TestVerificationCalibration::test_good_decomposition_oauth2 PASSED [  0%]
tests/calibration/test_verification_calibration.py::TestVerificationCalibration::test_good_decomposition_caching PASSED [  0%]
tests/calibration/test_verification_calibration.py::TestVerificationCalibration::test_bad_decomposition_login_bug PASSED [  0%]
tests/calibration/test_verification_calibration.py::TestVerificationCalibration::test_bad_decomposition_multi_task PASSED [  0%]
tests/calibration/test_verification_calibration.py::TestVerificationCalibration::test_bad_decomposition_circular_deps PASSED [  0%]
tests/calibration/test_verification_calibration.py::TestVerificationCalibration::test_borderline_decomposition_documentation PASSED [  0%]
tests/calibration/test_verification_calibration.py::TestVerificationCalibration::test_borderline_decomposition_error_handling FAILED [  0%]
tests/calibration/test_verification_calibration.py::TestVerificationCalibration::test_adversarial_mode_stricter PASSED [  0%]
tests/calibration/test_verification_calibration.py::TestVerificationCalibration::test_score_calculation_formula PASSED [  0%]
tests/calibration/test_verification_calibration.py::TestVerificationCalibration::test_verdict_thresholds FAILED [  0%]
tests/calibration/test_verification_calibration.py::TestVerificationCalibration::test_calibration_consistency PASSED [  0%]
tests/calibration/test_verification_calibration.py::TestVerificationCorrelation::test_score_correlation_with_quality PASSED [  0%]
tests/calibration/test_verification_calibration.py::TestVerificationCorrelation::test_completeness_dominates_scoring PASSED [  0%]
tests/e2e/cli/test_doctor.py::TestDoctorCommandBasics::test_help_text PASSED [  0%]
tests/e2e/cli/test_doctor.py::TestDoctorCommandBasics::test_doctor_command_exists PASSED [  0%]
tests/e2e/cli/test_doctor.py::TestHealthCheckCategories::test_all_categories_run PASSED [  0%]
tests/e2e/cli/test_doctor.py::TestHealthCheckOutput::test_output_shows_status_indicators PASSED [  0%]
tests/e2e/cli/test_doctor.py::TestHealthCheckOutput::test_output_shows_summary_line PASSED [  0%]
tests/e2e/cli/test_doctor.py::TestHealthCheckExitCodes::test_exit_code_0_all_pass PASSED [  0%]
tests/e2e/cli/test_doctor.py::TestHealthCheckExitCodes::test_exit_code_1_with_warnings PASSED [  0%]
tests/e2e/cli/test_doctor.py::TestHealthCheckExitCodes::test_exit_code_2_with_failures PASSED [  0%]
tests/e2e/cli/test_doctor.py::TestCoreSystemChecks::test_core_system_checks_class_exists PASSED [  0%]
tests/e2e/cli/test_doctor.py::TestCoreSystemChecks::test_cli_version_check PASSED [  0%]
tests/e2e/cli/test_doctor.py::TestCoreSystemChecks::test_database_existence_check PASSED [  0%]
tests/e2e/cli/test_doctor.py::TestCodeAnalysisChecks::test_code_analysis_checks_class_exists PASSED [  0%]
tests/e2e/cli/test_doctor.py::TestCodeAnalysisChecks::test_tree_sitter_check PASSED [  0%]
tests/e2e/cli/test_doctor.py::TestSearchRetrievalChecks::test_search_retrieval_checks_class_exists PASSED [  0%]
tests/e2e/cli/test_doctor.py::TestSearchRetrievalChecks::test_vector_store_check PASSED [  0%]
tests/e2e/cli/test_doctor.py::TestConfigurationChecks::test_configuration_checks_class_exists PASSED [  0%]
tests/e2e/cli/test_doctor.py::TestConfigurationChecks::test_config_file_check PASSED [  0%]
tests/e2e/cli/test_doctor.py::TestDoctorFixFlag::test_fix_flag_exists PASSED [  0%]
tests/e2e/cli/test_doctor.py::TestDoctorFixFlag::test_fix_prompts_before_changes PASSED [  0%]
tests/e2e/cli/test_doctor.py::TestDoctorFixFlag::test_fix_accepts_user_input PASSED [  0%]
tests/e2e/cli/test_doctor.py::TestDoctorFixFlag::test_fix_skips_when_declined PASSED [  0%]
tests/e2e/cli/test_doctor.py::TestDoctorFixFlag::test_fix_shows_manual_instructions PASSED [  0%]
tests/e2e/cli/test_error_handler.py::TestErrorHandler::test_handle_api_error_401 PASSED [  0%]
tests/e2e/cli/test_error_handler.py::TestErrorHandler::test_handle_api_error_429 PASSED [  0%]
tests/e2e/cli/test_error_handler.py::TestErrorHandler::test_handle_api_error_500 PASSED [  0%]
tests/e2e/cli/test_error_handler.py::TestErrorHandler::test_handle_api_error_network PASSED [  0%]
tests/e2e/cli/test_error_handler.py::TestErrorHandler::test_handle_config_error_permission PASSED [  0%]
tests/e2e/cli/test_error_handler.py::TestErrorHandler::test_handle_config_error_json_decode PASSED [  0%]
tests/e2e/cli/test_error_handler.py::TestErrorHandler::test_handle_config_error_missing_file PASSED [  0%]
tests/e2e/cli/test_error_handler.py::TestErrorHandler::test_handle_config_error_invalid_value PASSED [  0%]
tests/e2e/cli/test_error_handler.py::TestErrorHandler::test_handle_config_error_missing_api_key PASSED [  0%]
tests/e2e/cli/test_error_handler.py::TestErrorHandler::test_handle_memory_error_locked PASSED [  0%]
tests/e2e/cli/test_error_handler.py::TestErrorHandler::test_handle_memory_error_corrupted PASSED [  0%]
tests/e2e/cli/test_error_handler.py::TestErrorHandler::test_handle_memory_error_permission PASSED [  0%]
tests/e2e/cli/test_error_handler.py::TestErrorHandler::test_handle_memory_error_disk_full PASSED [  0%]
tests/e2e/cli/test_error_handler.py::TestErrorHandler::test_handle_schema_error PASSED [  0%]
tests/e2e/cli/test_error_handler.py::TestErrorHandler::test_handle_schema_error_without_version_attrs PASSED [  0%]
tests/e2e/cli/test_error_handler.py::TestErrorHandler::test_handle_budget_error PASSED [  0%]
tests/e2e/cli/test_error_handler.py::TestErrorHandler::test_handle_path_error_not_found PASSED [  0%]
tests/e2e/cli/test_error_handler.py::TestErrorHandler::test_handle_path_error_permission PASSED [  0%]
tests/e2e/cli/test_error_handler.py::TestErrorHandler::test_handle_path_error_is_directory PASSED [  1%]
tests/e2e/cli/test_error_handler.py::TestErrorHandler::test_redact_api_key PASSED [  1%]
tests/e2e/cli/test_error_handler.py::TestErrorHandler::test_redact_api_key_short PASSED [  1%]
tests/e2e/cli/test_error_handler.py::TestErrorHandler::test_redact_api_key_empty PASSED [  1%]
tests/e2e/cli/test_error_handler.py::TestHandleErrorsDecorator::test_decorator_catches_exception PASSED [  1%]
tests/e2e/cli/test_error_handler.py::TestHandleErrorsDecorator::test_decorator_debug_mode_shows_traceback PASSED [  1%]
tests/e2e/cli/test_error_handler.py::TestHandleErrorsDecorator::test_decorator_respects_aurora_debug_env PASSED [  1%]
tests/e2e/cli/test_error_handler.py::TestHandleErrorsDecorator::test_decorator_system_error_exit_code PASSED [  1%]
tests/e2e/cli/test_error_handler.py::TestHandleErrorsDecorator::test_decorator_user_error_exit_code PASSED [  1%]
tests/e2e/cli/test_error_handler.py::TestHandleErrorsDecorator::test_decorator_handles_permission_error PASSED [  1%]
tests/e2e/cli/test_error_handler.py::TestHandleErrorsDecorator::test_decorator_handles_file_not_found PASSED [  1%]
tests/e2e/cli/test_error_handler.py::TestHandleErrorsDecorator::test_decorator_handles_schema_mismatch_error PASSED [  1%]
tests/e2e/cli/test_error_handler.py::TestHandleErrorsDecorator::test_decorator_reraises_click_abort PASSED [  1%]
tests/e2e/cli/test_error_handler.py::TestExitCodes::test_exit_codes_defined PASSED [  1%]
tests/e2e/mcp/test_agent_tools_integration.py::TestAgentToolsIntegration::test_aurora_list_agents_integration SKIPPED [  1%]
tests/e2e/mcp/test_agent_tools_integration.py::TestAgentToolsIntegration::test_aurora_search_agents_integration SKIPPED [  1%]
tests/e2e/mcp/test_agent_tools_integration.py::TestAgentToolsIntegration::test_aurora_show_agent_integration SKIPPED [  1%]
tests/e2e/mcp/test_agent_tools_integration.py::TestAgentToolsIntegration::test_aurora_show_agent_not_found_integration SKIPPED [  1%]
tests/e2e/mcp/test_agent_tools_integration.py::TestAgentToolsIntegration::test_aurora_search_agents_empty_query_integration SKIPPED [  1%]
tests/e2e/mcp/test_agent_tools_integration.py::TestAgentToolsIntegration::test_mcp_server_lists_agent_tools SKIPPED [  1%]
tests/e2e/mcp/test_agent_tools_integration.py::TestAgentToolsIntegration::test_agent_tools_with_no_agents SKIPPED [  1%]
tests/e2e/mcp/test_aurora_query_simplified.py::TestParameterValidation::test_query_empty_string_returns_error SKIPPED [  1%]
tests/e2e/mcp/test_aurora_query_simplified.py::TestParameterValidation::test_query_whitespace_only_returns_error SKIPPED [  1%]
tests/e2e/mcp/test_aurora_query_simplified.py::TestParameterValidation::test_invalid_type_filter_returns_error SKIPPED [  1%]
tests/e2e/mcp/test_aurora_query_simplified.py::TestParameterValidation::test_valid_type_filters_accepted SKIPPED [  1%]
tests/e2e/mcp/test_aurora_query_simplified.py::TestResponseFormat::test_response_contains_context_section SKIPPED [  1%]
tests/e2e/mcp/test_aurora_query_simplified.py::TestResponseFormat::test_response_contains_assessment_section SKIPPED [  1%]
tests/e2e/mcp/test_aurora_query_simplified.py::TestResponseFormat::test_response_contains_metadata_section SKIPPED [  1%]
tests/e2e/mcp/test_aurora_query_simplified.py::TestResponseFormat::test_chunks_are_numbered SKIPPED [  1%]
tests/e2e/mcp/test_aurora_query_simplified.py::TestResponseFormat::test_relevance_scores_included SKIPPED [  1%]
tests/e2e/mcp/test_aurora_query_simplified.py::TestConfidenceHandling::test_low_confidence_includes_suggestion SKIPPED [  1%]
tests/e2e/mcp/test_aurora_query_simplified.py::TestConfidenceHandling::test_high_confidence_no_suggestion SKIPPED [  1%]
tests/e2e/mcp/test_aurora_query_simplified.py::TestConfidenceHandling::test_empty_results_zero_confidence SKIPPED [  1%]
tests/e2e/mcp/test_aurora_query_simplified.py::TestTypeFiltering::test_filter_code_type_only SKIPPED [  1%]
tests/e2e/mcp/test_aurora_query_simplified.py::TestTypeFiltering::test_filter_reas_type_only SKIPPED [  1%]
tests/e2e/mcp/test_aurora_query_simplified.py::TestTypeFiltering::test_filter_know_type_only SKIPPED [  1%]
tests/e2e/mcp/test_aurora_query_simplified.py::TestTypeFiltering::test_no_filter_returns_all_types SKIPPED [  1%]
tests/e2e/mcp/test_aurora_query_simplified.py::TestComplexityAssessment::test_simple_query_low_complexity SKIPPED [  1%]
tests/e2e/mcp/test_aurora_query_simplified.py::TestComplexityAssessment::test_complex_query_high_complexity SKIPPED [  1%]
tests/e2e/mcp/test_aurora_query_simplified.py::TestComplexityAssessment::test_long_query_medium_complexity SKIPPED [  1%]
tests/e2e/mcp/test_aurora_query_simplified.py::TestNoAPIKeyRequired::test_works_without_api_key_env SKIPPED [  1%]
tests/e2e/mcp/test_aurora_query_simplified.py::TestNoAPIKeyRequired::test_works_without_config_api_key SKIPPED [  1%]
tests/e2e/mcp/test_aurora_query_simplified.py::TestNoAPIKeyRequired::test_no_api_key_error_messages SKIPPED [  1%]
tests/e2e/planning/test_workflows.py::TestPlanCreationWorkflow::test_create_plan_generates_all_files FAILED [  1%]
tests/e2e/planning/test_workflows.py::TestPlanCreationWorkflow::test_create_multiple_plans_increments_id FAILED [  1%]
tests/e2e/planning/test_workflows.py::TestPlanCreationWorkflow::test_create_plan_with_special_characters FAILED [  1%]
tests/e2e/planning/test_workflows.py::TestPlanCreationWorkflow::test_agents_json_is_valid FAILED [  1%]
tests/e2e/planning/test_workflows.py::TestPlanListingWorkflow::test_list_empty_plans FAILED [  1%]
tests/e2e/planning/test_workflows.py::TestPlanListingWorkflow::test_list_multiple_plans FAILED [  1%]
tests/e2e/planning/test_workflows.py::TestPlanListingWorkflow::test_list_json_format FAILED [  1%]
tests/e2e/planning/test_workflows.py::TestPlanViewingWorkflow::test_view_plan_by_full_id FAILED [  1%]
tests/e2e/planning/test_workflows.py::TestPlanViewingWorkflow::test_view_plan_by_number_only FAILED [  1%]
tests/e2e/planning/test_workflows.py::TestPlanViewingWorkflow::test_view_nonexistent_plan FAILED [  1%]
tests/e2e/planning/test_workflows.py::TestPlanArchiveWorkflow::test_archive_plan_with_force FAILED [  1%]
tests/e2e/planning/test_workflows.py::TestPlanArchiveWorkflow::test_archive_preserves_all_files FAILED [  2%]
tests/e2e/planning/test_workflows.py::TestConfigurationWorkflow::test_env_var_override PASSED [  2%]
tests/e2e/planning/test_workflows.py::TestConfigurationWorkflow::test_plans_dir_structure PASSED [  2%]
tests/e2e/planning/test_workflows.py::TestEndToEndWorkflow::test_full_lifecycle FAILED [  2%]
tests/e2e/test_aurora_query_e2e.py::TestAuroraQueryE2E::test_simple_query_with_real_api SKIPPED [  2%]
tests/e2e/test_aurora_query_e2e.py::TestAuroraQueryE2E::test_complex_query_with_real_api SKIPPED [  2%]
tests/e2e/test_aurora_query_e2e.py::TestAuroraQueryE2E::test_verbose_response_with_real_api SKIPPED [  2%]
tests/e2e/test_aurora_query_e2e.py::TestAuroraQueryE2E::test_actual_cost_tracking SKIPPED [  2%]
tests/e2e/test_aurora_query_e2e.py::TestAuroraQueryE2E::test_parameter_overrides_with_real_api SKIPPED [  2%]
tests/e2e/test_aurora_query_e2e.py::TestAuroraQueryPerformanceE2E::test_simple_query_response_time SKIPPED [  2%]
tests/e2e/test_aurora_query_e2e.py::TestAuroraQueryPerformanceE2E::test_multiple_queries_stability SKIPPED [  2%]
tests/e2e/test_cli_complete_workflow.py::TestCompleteCLIWorkflow::test_e2e_index_search_workflow FAILED [  2%]
tests/e2e/test_cli_complete_workflow.py::TestCompleteCLIWorkflow::test_e2e_index_search_query_with_mocked_llm SKIPPED [  2%]
tests/e2e/test_cli_complete_workflow.py::TestCompleteCLIWorkflow::test_e2e_cli_stats_after_indexing FAILED [  2%]
tests/e2e/test_cli_complete_workflow.py::TestNewUserSetupWorkflow::test_e2e_new_user_setup_init_index_search FAILED [  2%]
tests/e2e/test_cli_complete_workflow.py::TestNewUserSetupWorkflow::test_e2e_new_user_direct_api_workflow SKIPPED [  2%]
tests/e2e/test_cli_complete_workflow.py::TestMultiDirectoryIndexing::test_e2e_multi_directory_indexing_merged_results FAILED [  2%]
tests/e2e/test_cli_complete_workflow.py::TestMultiDirectoryIndexing::test_e2e_multi_directory_direct_api SKIPPED [  2%]
tests/e2e/test_cli_complete_workflow.py::TestConfigChangeWorkflow::test_e2e_config_change_reindex FAILED [  2%]
tests/e2e/test_cli_complete_workflow.py::TestConfigChangeWorkflow::test_e2e_config_validation_workflow FAILED [  2%]
tests/e2e/test_cli_complete_workflow.py::TestErrorRecoveryWorkflow::test_e2e_corrupted_db_recovery FAILED [  2%]
tests/e2e/test_cli_complete_workflow.py::TestErrorRecoveryWorkflow::test_e2e_missing_file_recovery FAILED [  2%]
tests/e2e/test_cli_complete_workflow.py::TestLargeProjectIndexing::test_e2e_large_project_indexing_progress FAILED [  2%]
tests/e2e/test_cli_complete_workflow.py::TestLargeProjectIndexing::test_e2e_large_project_subprocess FAILED [  2%]
tests/e2e/test_cli_complete_workflow.py::TestQueryEscalationWorkflow::test_e2e_simple_to_complex_escalation SKIPPED [  2%]
tests/e2e/test_cli_complete_workflow.py::TestQueryEscalationWorkflow::test_e2e_escalation_decision_logic PASSED [  2%]
tests/e2e/test_cli_complete_workflow.py::TestEndToEndWorkflowIntegration::test_e2e_complete_user_journey SKIPPED [  2%]
tests/e2e/test_cli_complete_workflow.py::TestEndToEndWorkflowIntegration::test_e2e_concurrent_operations SKIPPED [  2%]
tests/e2e/test_cli_config_integration.py::TestConfigIntegrationWorkflows::test_config_load_validate_execute_workflow FAILED [  2%]
tests/e2e/test_cli_config_integration.py::TestConfigIntegrationWorkflows::test_config_env_override_in_command_context FAILED [  2%]
tests/e2e/test_cli_config_integration.py::TestConfigIntegrationWorkflows::test_config_update_persists_and_reloads FAILED [  2%]
tests/e2e/test_cli_config_integration.py::TestConfigIntegrationWorkflows::test_config_migration_old_to_new_version FAILED [  2%]
tests/e2e/test_cli_config_integration.py::TestConfigIntegrationWorkflows::test_config_error_handler_integration FAILED [  2%]
tests/e2e/test_cli_config_integration.py::TestConfigIntegrationWorkflows::test_config_validation_blocks_invalid_command_execution FAILED [  2%]
tests/e2e/test_cli_config_integration.py::TestConfigFileSystemIntegration::test_config_creates_parent_directories FAILED [  2%]
tests/e2e/test_cli_config_integration.py::TestConfigFileSystemIntegration::test_config_handles_nested_paths FAILED [  2%]
tests/e2e/test_cli_config_integration.py::TestConfigFileSystemIntegration::test_config_handles_symlinks FAILED [  2%]
tests/e2e/test_cli_config_integration.py::TestConfigWithMemoryCommands::test_config_memory_settings_used_by_index_command FAILED [  2%]
tests/e2e/test_cli_config_integration.py::TestConfigWithMemoryCommands::test_config_auto_index_setting FAILED [  2%]
tests/e2e/test_cli_workflows.py::TestCLIMemIndex::test_index_command_creates_database FAILED [  2%]
tests/e2e/test_cli_workflows.py::TestCLIMemIndex::test_index_command_parses_python_files FAILED [  2%]
tests/e2e/test_cli_workflows.py::TestCLIMemIndex::test_index_command_handles_empty_directory PASSED [  2%]
tests/e2e/test_cli_workflows.py::TestCLIMemSearch::test_search_finds_indexed_functions PASSED [  2%]
tests/e2e/test_cli_workflows.py::TestCLIMemSearch::test_search_with_no_results PASSED [  2%]
tests/e2e/test_cli_workflows.py::TestCLIMemSearch::test_search_ranking_by_relevance PASSED [  2%]
tests/e2e/test_cli_workflows.py::TestCLIQuery::test_query_requires_api_key SKIPPED [  2%]
tests/e2e/test_cli_workflows.py::TestCLIQuery::test_query_command_structure PASSED [  2%]
tests/e2e/test_cli_workflows.py::TestCLIQuery::test_query_respects_git_safety_checks SKIPPED [  2%]
tests/e2e/test_context_retrieval.py::TestContextRetrievalFlow::test_retrieve_json_related_chunks PASSED [  2%]
tests/e2e/test_context_retrieval.py::TestContextRetrievalFlow::test_retrieve_with_limit PASSED [  2%]
tests/e2e/test_context_retrieval.py::TestContextRetrievalFlow::test_retrieve_specific_functionality PASSED [  2%]
tests/e2e/test_context_retrieval.py::TestContextRetrievalFlow::test_retrieve_by_file_type PASSED [  2%]
tests/e2e/test_context_retrieval.py::TestContextRetrievalFlow::test_retrieve_no_matches PASSED [  2%]
tests/e2e/test_context_retrieval.py::TestContextRetrievalFlow::test_retrieve_updates_activation PASSED [  2%]
tests/e2e/test_context_retrieval.py::TestContextRetrievalFlow::test_empty_store_returns_empty PASSED [  3%]
tests/e2e/test_context_retrieval.py::TestContextRetrievalEdgeCases::test_query_with_only_stopwords PASSED [  3%]
tests/e2e/test_context_retrieval.py::TestContextRetrievalEdgeCases::test_very_long_query PASSED [  3%]
tests/e2e/test_context_retrieval.py::TestContextRetrievalEdgeCases::test_special_characters_in_query PASSED [  3%]
tests/e2e/test_doctor_e2e.py::test_doctor_healthy_environment PASSED     [  3%]
tests/e2e/test_doctor_e2e.py::test_doctor_missing_config PASSED          [  3%]
tests/e2e/test_doctor_e2e.py::test_doctor_missing_database PASSED        [  3%]
tests/e2e/test_doctor_e2e.py::test_doctor_missing_api_key PASSED         [  3%]
tests/e2e/test_doctor_e2e.py::test_doctor_fix_creates_config PASSED      [  3%]
tests/e2e/test_doctor_e2e.py::test_doctor_fix_idempotency PASSED         [  3%]
tests/e2e/test_doctor_e2e.py::test_doctor_fix_prompt PASSED              [  3%]
tests/e2e/test_doctor_e2e.py::test_doctor_performance_multiple_runs PASSED [  3%]
tests/e2e/test_doctor_e2e.py::test_doctor_exit_codes PASSED              [  3%]
tests/e2e/test_e2e_complexity_assessment.py::TestComplexityAssessment::test_1_5_1_multi_part_query_classified_as_complex FAILED [  3%]
tests/e2e/test_e2e_complexity_assessment.py::TestComplexityAssessment::test_1_5_2_query_shows_complexity_assessment FAILED [  3%]
tests/e2e/test_e2e_complexity_assessment.py::TestComplexityAssessment::test_1_5_3_parse_complexity_level_and_confidence FAILED [  3%]
tests/e2e/test_e2e_complexity_assessment.py::TestComplexityAssessment::test_1_5_4_complexity_not_always_simple FAILED [  3%]
tests/e2e/test_e2e_complexity_assessment.py::TestComplexityAssessment::test_1_5_5_confidence_score_reasonable SKIPPED [  3%]
tests/e2e/test_e2e_complexity_assessment.py::TestComplexityAssessment::test_1_5_6_domain_specific_queries_soar FAILED [  3%]
tests/e2e/test_e2e_complexity_assessment.py::TestComplexityAssessment::test_1_5_7_domain_queries_classified_correctly FAILED [  3%]
tests/e2e/test_e2e_complexity_assessment.py::TestComplexityAssessment::test_1_5_8_simple_query_remains_simple FAILED [  3%]
tests/e2e/test_e2e_complexity_assessment.py::TestComplexityAssessment::test_1_5_9_comprehensive_complexity_assessment_check FAILED [  3%]
tests/e2e/test_e2e_complexity_assessment.py::TestComplexityAssessmentEdgeCases::test_multiple_questions_boost_complexity FAILED [  3%]
tests/e2e/test_e2e_complexity_assessment.py::TestComplexityAssessmentEdgeCases::test_scope_keywords_trigger_medium FAILED [  3%]
tests/e2e/test_e2e_database_persistence.py::TestDatabasePersistence::test_1_2_1_index_then_multiple_commands_same_db FAILED [  3%]
tests/e2e/test_e2e_database_persistence.py::TestDatabasePersistence::test_1_2_2_all_commands_use_same_database FAILED [  3%]
tests/e2e/test_e2e_database_persistence.py::TestDatabasePersistence::test_1_2_3_data_persists_across_command_invocations FAILED [  3%]
tests/e2e/test_e2e_database_persistence.py::TestDatabasePersistence::test_1_2_4_deleting_local_aurora_db_does_not_affect_operations FAILED [  3%]
tests/e2e/test_e2e_database_persistence.py::TestDatabasePersistence::test_1_2_5_verify_aurora_home_db_contains_expected_chunks FAILED [  3%]
tests/e2e/test_e2e_database_persistence.py::TestDatabasePersistence::test_1_2_6_database_path_consistency_bug_detection FAILED [  3%]
tests/e2e/test_e2e_error_handling.py::TestErrorHandlingBasic::test_invalid_command_shows_help PASSED [  3%]
tests/e2e/test_e2e_error_handling.py::TestErrorHandlingBasic::test_missing_required_argument PASSED [  3%]
tests/e2e/test_e2e_error_handling.py::TestErrorHandlingMemoryCommands::test_search_nonexistent_database FAILED [  3%]
tests/e2e/test_e2e_error_handling.py::TestErrorHandlingMemoryCommands::test_index_nonexistent_path PASSED [  3%]
tests/e2e/test_e2e_error_handling.py::TestErrorHandlingMemoryCommands::test_stats_empty_database PASSED [  3%]
tests/e2e/test_e2e_error_handling.py::TestErrorHandlingBudgetCommands::test_budget_invalid_amount PASSED [  3%]
tests/e2e/test_e2e_error_handling.py::TestErrorHandlingBudgetCommands::test_budget_negative_amount PASSED [  3%]
tests/e2e/test_e2e_error_handling.py::TestDebugMode::test_debug_flag_shows_traceback FAILED [  3%]
tests/e2e/test_e2e_error_handling.py::TestDebugMode::test_aurora_debug_env_shows_traceback FAILED [  3%]
tests/e2e/test_e2e_error_handling.py::TestExitCodes::test_success_returns_zero PASSED [  3%]
tests/e2e/test_e2e_error_handling.py::TestExitCodes::test_user_error_returns_one PASSED [  3%]
tests/e2e/test_e2e_error_handling.py::TestExitCodes::test_system_error_handling PASSED [  3%]
tests/e2e/test_e2e_error_handling.py::TestCorruptedDatabase::test_corrupted_database_shows_helpful_error FAILED [  3%]
tests/e2e/test_e2e_error_handling.py::TestSchemaErrorHandling::test_old_schema_shows_migration_message FAILED [  3%]
tests/e2e/test_e2e_git_bla_initialization.py::TestGitBasedBLAInitialization::test_1_6_1_create_git_repo_with_history PASSED [  3%]
tests/e2e/test_e2e_git_bla_initialization.py::TestGitBasedBLAInitialization::test_1_6_2_functions_have_different_commit_counts FAILED [  3%]
tests/e2e/test_e2e_git_bla_initialization.py::TestGitBasedBLAInitialization::test_1_6_3_index_file_with_git_history FAILED [  3%]
tests/e2e/test_e2e_git_bla_initialization.py::TestGitBasedBLAInitialization::test_1_6_4_query_activation_scores_from_database FAILED [  3%]
tests/e2e/test_e2e_git_bla_initialization.py::TestGitBasedBLAInitialization::test_1_6_5_base_level_varies_across_chunks FAILED [  3%]
tests/e2e/test_e2e_git_bla_initialization.py::TestGitBasedBLAInitialization::test_1_6_6_frequently_edited_function_has_higher_bla FAILED [  3%]
tests/e2e/test_e2e_git_bla_initialization.py::TestGitBasedBLAInitialization::test_1_6_7_functions_in_same_file_have_different_bla FAILED [  3%]
tests/e2e/test_e2e_git_bla_initialization.py::TestGitBasedBLAInitialization::test_1_6_8_git_metadata_stored_in_chunks FAILED [  3%]
tests/e2e/test_e2e_git_bla_initialization.py::TestGitBasedBLAInitialization::test_1_6_9_access_count_initialized_from_commits FAILED [  3%]
tests/e2e/test_e2e_git_bla_initialization.py::TestGitBasedBLAInitialization::test_1_6_10_non_git_directory_graceful_fallback FAILED [  3%]
tests/e2e/test_e2e_git_bla_initialization.py::TestGitBasedBLAInitialization::test_1_6_11_comprehensive_git_bla_check FAILED [  4%]
tests/e2e/test_e2e_new_user_workflow.py::TestNewUserWorkflowE2E::test_1_1_1_clean_aurora_creates_home_directory PASSED [  4%]
tests/e2e/test_e2e_new_user_workflow.py::TestNewUserWorkflowE2E::test_1_1_2_aur_init_creates_planning_directory FAILED [  4%]
tests/e2e/test_e2e_new_user_workflow.py::TestNewUserWorkflowE2E::test_1_1_3_aur_mem_index_writes_to_aurora_home PASSED [  4%]
tests/e2e/test_e2e_new_user_workflow.py::TestNewUserWorkflowE2E::test_1_1_4_aur_mem_stats_shows_correct_count PASSED [  4%]
tests/e2e/test_e2e_new_user_workflow.py::TestNewUserWorkflowE2E::test_1_1_5_aur_mem_search_returns_results PASSED [  4%]
tests/e2e/test_e2e_new_user_workflow.py::TestNewUserWorkflowE2E::test_1_1_6_aur_query_retrieves_from_indexed_data SKIPPED [  4%]
tests/e2e/test_e2e_new_user_workflow.py::TestNewUserWorkflowE2E::test_1_1_7_subprocess_commands_return_zero FAILED [  4%]
tests/e2e/test_e2e_new_user_workflow.py::TestNewUserWorkflowE2E::test_1_1_8_no_local_aurora_db_created PASSED [  4%]
tests/e2e/test_e2e_new_user_workflow.py::TestNewUserWorkflowE2E::test_1_1_9_overall_workflow_with_project_db PASSED [  4%]
tests/e2e/test_e2e_new_user_workflow.py::TestNewUserWorkflowWithExplicitDbPath::test_explicit_db_path_workflow_succeeds FAILED [  4%]
tests/e2e/test_e2e_query_uses_index.py::TestQueryUsesIndex::test_1_4_1_index_codebase_with_specific_patterns FAILED [  4%]
tests/e2e/test_e2e_query_uses_index.py::TestQueryUsesIndex::test_1_4_2_query_for_existing_code FAILED [  4%]
tests/e2e/test_e2e_query_uses_index.py::TestQueryUsesIndex::test_1_4_3_query_with_verbose_shows_retrieval FAILED [  4%]
tests/e2e/test_e2e_query_uses_index.py::TestQueryUsesIndex::test_1_4_4_search_before_query_shows_code_exists FAILED [  4%]
tests/e2e/test_e2e_query_uses_index.py::TestQueryUsesIndex::test_1_4_5_query_output_references_actual_code FAILED [  4%]
tests/e2e/test_e2e_query_uses_index.py::TestQueryUsesIndex::test_1_4_6_query_vs_search_consistency FAILED [  4%]
tests/e2e/test_e2e_query_uses_index.py::TestQueryUsesIndex::test_1_4_7_comprehensive_query_retrieval_check FAILED [  4%]
tests/e2e/test_e2e_query_uses_index.py::TestQueryRetrievalWithoutAPI::test_query_dry_run_shows_retrieval_intent FAILED [  4%]
tests/e2e/test_e2e_schema_migration.py::TestSchemaDetectionAndError::test_aur_init_detects_old_schema FAILED [  4%]
tests/e2e/test_e2e_schema_migration.py::TestSchemaDetectionAndError::test_schema_error_shows_version_info FAILED [  4%]
tests/e2e/test_e2e_schema_migration.py::TestBackupAndReset::test_reset_with_backup_creates_backup FAILED [  4%]
tests/e2e/test_e2e_schema_migration.py::TestBackupAndReset::test_reset_without_backup FAILED [  4%]
tests/e2e/test_e2e_schema_migration.py::TestBackupAndReset::test_reset_creates_valid_schema FAILED [  4%]
tests/e2e/test_e2e_schema_migration.py::TestReindexingAfterReset::test_index_works_after_reset FAILED [  4%]
tests/e2e/test_e2e_schema_migration.py::TestUserAbort::test_user_can_abort_reset FAILED [  4%]
tests/e2e/test_e2e_search_accuracy.py::TestSearchAccuracy::test_1_3_1_index_codebase_with_diverse_content FAILED [  4%]
tests/e2e/test_e2e_search_accuracy.py::TestSearchAccuracy::test_1_3_2_different_queries_return_different_results FAILED [  4%]
tests/e2e/test_e2e_search_accuracy.py::TestSearchAccuracy::test_1_3_3_parse_json_output FAILED [  4%]
tests/e2e/test_e2e_search_accuracy.py::TestSearchAccuracy::test_1_3_4_top_results_differ_across_queries FAILED [  4%]
tests/e2e/test_e2e_search_accuracy.py::TestSearchAccuracy::test_1_3_5_activation_scores_have_variance FAILED [  4%]
tests/e2e/test_e2e_search_accuracy.py::TestSearchAccuracy::test_1_3_6_semantic_scores_vary_by_relevance FAILED [  4%]
tests/e2e/test_e2e_search_accuracy.py::TestSearchAccuracy::test_1_3_7_line_ranges_not_all_zero FAILED [  4%]
tests/e2e/test_e2e_search_accuracy.py::TestSearchAccuracy::test_1_3_8_search_accuracy_comprehensive_check FAILED [  4%]
tests/e2e/test_e2e_search_quality.py::TestEndToEndSearchQuality::test_index_aurora_subset make: *** [Makefile:59: test] Terminated
